Employees.eid  
1318	
12264	
13086	
14966	
464	
2991	
5418	
8046	
12665	
12721	
5933	
2220	
13526	
9354	
14394	
8230	
7275	
4053	
8712	
14908	
11692	
1765	
8383	
3828	
13198	
14590	
4237	
6967	
3217	
12960	
8401	
4131	
4382	
1476	
1746	
9369	
13436	
9121	
4624	
13375	
4376	
13212	
1003	
2403	
12530	
11249	
11681	
5306	
3378	
12683	
11700	
11314	
13377	
5542	
2214	
10173	
1308	
9526	
2038	
10803	
6146	
1014	
8633	
11337	
10889	
8973	
14422	
13515	
6843	
8853	
2565	
8227	
7313	
3204	
9216	
2179	
11692	
1765	
4482	
9484	
8759	
8980	
14943	
6713	
3527	
2349	
10215	
13329	
8676	
6343	
5161	
5394	
11558	
9459	
6460	
7501	
13165	
3387	
7339	
7555	
6666	
8037	
6082	
2734	
13539	
10994	
5385	
14404	
2840	
3275	
1993	
969	
5973	
7129	
5018	
3395	
11047	
873	
6264	
10961	
8618	
6070	
13033	
13156	
10829	
557	
861	
7219	
6887	
8104	
1474	
12528	
9401	
3455	
12916	
11356	
8223	
4292	
6403	
11725	
101	
5419	
476	
14671	
78	
10029	
4736	
10978	
14422	
8875	
4556	
132	
3420	
4699	
5379	
3504	
1895	
3503	
7203	
11368	
8687	
12677	
3137	
6591	
6504	
5070	
12348	
14452	
6535	
4925	
12608	
5544	
28	
9281	
13106	
12913	
7088	
4017	
5790	
9878	
14484	
13067	
7098	
1167	
12502	
926	
7221	
7923	
8262	
5374	
12575	
10348	
14476	
5663	
14024	
14528	
1427	
3942	
3404	
10549	
5180	
8941	
14031	
8013	
11786	
12044	
10961	
8618	
14789	
11362	
14625	
9560	
9465	
14503	
12957	
545	
4022	
3957	
2246	
2092	
3377	
4307	
9559	
3079	
5460	
14759	
5716	
1882	
4500	
114	
5317	
2550	
7019	
13526	
6660	
3718	
8055	
7554	
3006	
14910	
853	
539	
4100	
7888	
13611	
5410	
9526	
4279	
7474	
1309	
11248	
5505	
14004	
2999	
12721	
5933	
3767	
9493	
229	
11387	
13004	
3376	
11953	
4197	
3125	
3672	
9467	
4864	
9962	
10973	
8526	
5784	
10425	
5645	
639	
10	
6835	
1998	
6580	
6214	
1354	
6496	
12702	
3568	
12017	
8747	
6543	
6987	
12012	
10151	
5841	
729	
487	
2247	
3242	
8606	
9941	
9599	
5195	
7906	
11325	
12794	
8023	
13146	
13850	
6172	
14796	
12636	
2479	
14395	
6150	
14095	
1282	
1230	
10946	
6877	
6462	
10746	
1244	
7321	
1595	
9779	
6114	
9186	
8410	
14459	
9859	
4218	
4410	
11844	
14271	
12807	
6469	
11167	
13863	
6278	
2369	
485	
9855	
1108	
10714	
13402	
4599	
2958	
8456	
9468	
2034	
4975	
7884	
10089	
3428	
2135	
3246	
6768	
1449	
13601	
13873	
13210	
6123	
4434	
7223	
9516	
14062	
8370	
8895	
7074	
14898	
5275	
3364	
4606	
8391	
9486	
13012	
9100	
5241	
1161	
5196	
13763	
1657	
11712	
796	
1286	
1246	
7258	
4809	
1152	
3872	
5339	
14350	
4677	
656	
2961	
1056	
13576	
3857	
13424	
4491	
14067	
1888	
9471	
5176	
6258	
118	
1745	
947	
12287	
6627	
7196	
11866	
1957	
8745	
7254	
10605	
3511	
11250	
3073	
13248	
8231	
6799	
3663	
12003	
2025	
4591	
11919	
14246	
5161	
929	
14189	
6003	
3551	
4503	
1094	
1654	
9555	
293	
6817	
1244	
13075	
501	
4960	
3122	
12500	
7087	
9888	
8739	
14138	
6787	
12159	
9738	
5976	
2036	
1465	
13410	
5953	
6567	
4861	
13678	
6648	
3154	
4327	
10304	
12363	
9283	
12876	
545	
6963	
19	
1825	
5645	
5209	
4328	
2456	
6469	
11	
8853	
6180	
4246	
8199	
13532	
6708	
7697	
1575	
1796	
6376	
1909	
9162	
13498	
11734	
6978	
1884	
9785	
8795	
4148	
8408	
8393	
6251	
11875	
6701	
2868	
7952	
48	
6089	
706	
10408	
12059	
11959	
11608	
13304	
2396	
9047	
8106	
12980	
12309	
9918	
4279	
10536	
7774	
1710	
13419	
3960	
4922	
4279	
3150	
7927	
7927	
13767	
13767	
14275	
14275	
13809	
2769	
13208	
5766	
1440	
3053	
8199	
12063	
8977	
5530	
217	
11544	
13146	
7697	
5391	
313	
11752	
5517	
12953	
6669	
12432	
10050	
5322	
12473	
8719	
2168	
12906	
12098	
4255	
6926	
7759	
10645	
6136	
8809	
4890	
8814	
2143	
12758	
10703	
7634	
7974	
13599	
1319	
13655	
20	
3226	
6891	
7741	
5448	
4268	
2555	
14725	
5269	
9225	
9781	
1061	
10002	
12478	
11593	
4148	
8712	
14908	
7168	
1188	
10275	
2292	
6247	
12821	
2844	
5439	
1644	
4308	
13054	
10591	
12754	
13147	
6248	
7877	
4727	
3148	
3552	
4881	
3829	
14571	
13245	
6347	
7605	
11899	
3709	
12527	
14217	
3397	
13822	
12316	
12183	
1645	
7576	
14728	
10590	
8568	
321	
4317	
6716	
8019	
13319	
5597	
10887	
12571	
7136	
9810	
12665	
7078	
12613	
13273	
9966	
2012	
9680	
1153	
7838	
7038	
11610	
8264	
11560	
242	
69	
11890	
2985	
2425	
1177	
2045	
1228	
3868	
8498	
6542	
3527	
13302	
311	
2712	
5218	
6102	
5826	
14142	
10400	
3550	
13369	
1393	
3361	
1891	
12200	
6614	
8152	
6282	
14691	
7480	
3511	
14096	
13508	
9927	
3594	
10334	
11312	
4434	
14427	
286	
13800	
112	
14909	
3798	
11534	
14194	
2375	
1842	
281	
12917	
14638	
1393	
6683	
14414	
4652	
5775	
8734	
11730	
13696	
8992	
5761	
14077	
5903	
9763	
14586	
1254	
12176	
13259	
6163	
6451	
3081	
729	
4332	
8530	
14443	
12275	
2186	
8393	
9778	
6722	
12522	
13513	
14150	
12168	
10078	
4796	
4667	
7157	
10049	
5905	
5959	
3876	
490	
1264	
10173	
9329	
3189	
9743	
8023	
10062	
14479	
5641	
7869	
9384	
6396	
8229	
13410	
5669	
4651	
14685	
12102	
6936	
13304	
2396	
11414	
6493	
9205	
20	
1935	
10792	
7107	
493	
5019	
4624	
10411	
5619	
7306	
7346	
4201	
4264	
7346	
3380	
12280	
531	
7969	
11546	
7247	
11250	
3437	
9191	
8671	
12556	
8555	
12146	
9819	
1813	
12733	
14423	
12528	
9845	
124	
11163	
615	
3247	
3868	
5401	
14076	
4751	
4983	
7949	
4501	
7829	
14597	
4315	
2059	
2645	
2797	
9931	
12201	
4728	
4578	
14710	
13511	
5581	
13027	
1911	
3177	
6253	
9680	
10558	
3426	
1365	
14205	
9644	
1968	
3897	
6565	
2042	
7007	
4337	
4695	
10797	
3772	
12396	
13554	
239	
12976	
9301	
5308	
14245	
11712	
796	
5939	
13397	
10617	
1116	
7024	
7594	
8564	
6456	
12004	
13518	
14091	
5056	
9489	
1396	
6087	
6180	
11394	
6963	
14457	
10319	
4347	
5490	
1717	
836	
6371	
11117	
14243	
4727	
11490	
8641	
3849	
3137	
8511	
13793	
9882	
2446	
349	
7637	
7853	
10151	
5841	
3383	
2077	
2748	
6121	
6646	
10795	
5409	
8321	
3771	
5609	
10182	
101	
5419	
2200	
8294	
11124	
11543	
5818	
9721	
5167	
8635	
1143	
4554	
12938	
2008	
5259	
14611	
3024	
8504	
8790	
2809	
6080	
3620	
4469	
895	
4751	
7608	
5667	
6735	
13045	
12945	
6157	
12781	
3753	
5753	
8876	
3332	
9944	
4694	
5923	
10619	
13558	
484	
5016	
2110	
8578	
9402	
12243	
13892	
13567	
194	
2101	
5077	
9974	
9197	
5362	
1819	
876	
3040	
11614	
9434	
10702	
13716	
13419	
13440	
13217	
9182	
6469	
2020	
8329	
5912	
14303	
11536	
2448	
3331	
1781	
4330	
349	
2191	
11205	
8326	
12969	
2143	
1230	
4540	
6776	
432	
1308	
6896	
14335	
1025	
3247	
5255	
9178	
5358	
10805	
5544	
7038	
12367	
369	
14545	
1730	
12859	
547	
7384	
7483	
3881	
9227	
163	
1731	
11259	
752	
4229	
420	
7741	
9894	
11428	
3790	
4284	
6342	
8164	
7066	
450	
13471	
7675	
13836	
7979	
1951	
13567	
8344	
14031	
8013	
11786	
9274	
10359	
8259	
12789	
8549	
10310	
11079	
3394	
3154	
4327	
2602	
6316	
10318	
7389	
6957	
14114	
4029	
12643	
13206	
2218	
5049	
10561	
13106	
12913	
11582	
13584	
13702	
13646	
13060	
13147	
12538	
12165	
1704	
5818	
9721	
13261	
11866	
5242	
184	
3331	
13760	
8374	
9659	
5062	
1442	
9881	
5505	
13207	
11619	
6883	
8852	
4266	
7244	
2373	
7411	
14195	
8201	
3037	
5975	
6369	
6538	
3388	
2509	
9420	
2271	
4144	
12917	
11071	
5467	
4600	
4592	
6681	
4045	
11963	
5227	
12417	
8243	
4620	
1729	
8572	
5702	
14153	
381	
3306	
11250	
3437	
9191	
13303	
5027	
12264	
7677	
14132	
8433	
10593	
9813	
5575	
13419	
1946	
8832	
12466	
7479	
707	
13955	
14296	
8336	
14335	
1025	
12384	
4598	
13146	
6477	
5459	
1506	
8165	
1411	
9333	
12969	
2784	
338	
10784	
3913	
7542	
8157	
8428	
11365	
11378	
8202	
13107	
13951	
9880	
380	
375	
378	
3625	
11969	
10260	
5520	
10478	
9711	
9472	
6886	
13	
13080	
6924	
4580	
7494	
14870	
14048	
12784	
12350	
7914	
10278	
14154	
6913	
7019	
4498	
13404	
3589	
7087	
11047	
14200	
8757	
8245	
14999	
5179	
13531	
2314	
2032	
1333	
12636	
9258	
3151	
5860	
10252	
4581	
8359	
13868	
14344	
5256	
13708	
7625	
13374	
4419	
986	
9716	
2353	
4553	
12729	
1852	
2205	
10041	
5037	
3777	
3327	
8324	
9826	
1273	
10091	
10960	
14699	
6783	
14158	
7136	
3080	
14792	
9679	
4476	
7258	
13343	
865	
8641	
3849	
19	
3214	
1446	
9119	
989	
10270	
13703	
8919	
14120	
6397	
10732	
10556	
3181	
1355	
10551	
6253	
14171	
4395	
1992	
3896	
8858	
6339	
13738	
11269	
13945	
5715	
3243	
7045	
7196	
12008	
9318	
818	
8331	
1471	
12683	
12158	
13539	
8114	
11875	
8378	
8881	
6950	
935	
180	
8509	
4044	
7203	
6354	
5890	
11893	
796	
5509	
13636	
14114	
6558	
2710	
6149	
1028	
14979	
11910	
14449	
545	
13556	
11436	
10515	
10634	
2038	
11712	
2711	
4071	
12910	
7441	
12442	
1657	
2155	
6305	
9250	
9748	
5851	
12373	
10042	
3387	
1604	
8511	
9365	
6554	
13982	
1597	
10758	
7334	
3165	
2620	
10660	
10153	
14187	
1455	
6375	
13787	
6979	
14272	
355	
7217	
7349	
277	
1014	
10702	
10493	
4708	
13847	
10926	
6212	
4938	
2913	
10936	
5373	
7045	
4479	
3914	
8673	
14505	
2906	
12620	
1963	
9437	
228	
148	
2477	
7687	
10697	
14779	
7494	
14870	
14048	
14900	
11210	
88	
1919	
5401	
7912	
9966	
2012	
9680	
11336	
4332	
2962	
6689	
2936	
11544	
264	
7384	
12006	
3617	
148	
10329	
5908	
5348	
14103	
2503	
3650	
1416	
3305	
2267	
9159	
9197	
12525	
14203	
10904	
10598	
3344	
9814	
9521	
11114	
13048	
11359	
3510	
7167	
13436	
14761	
14596	
13297	
2722	
13384	
7720	
1918	
12619	
969	
12091	
3402	
1493	
10917	
5062	
5766	
1440	
14618	
2447	
4284	
13614	
1496	
6641	
1493	
5583	
11473	
14154	
8775	
5385	
584	
8526	
10136	
9583	
1257	
13645	
11208	
125	
13566	
3025	
3853	
2473	
11491	
1912	
10078	
4791	
4467	
3131	
3777	
14199	
6243	
543	
6500	
13162	
13981	
6726	
3385	
3210	
3625	
11526	
5645	
7179	
6245	
12539	
13249	
11172	
4987	
7567	
7899	
753	
12428	
11404	
2160	
8403	
14512	
11147	
4897	
14723	
3881	
10700	
5259	
8230	
14107	
223	
3483	
6167	
14591	
8658	
13449	
5457	
4153	
8529	
12237	
13775	
9900	
7541	
8975	
13049	
11925	
9674	
13461	
12170	
9792	
5077	
9974	
5645	
5209	
13384	
7194	
4281	
6841	
12537	
4974	
5696	
13487	
7461	
9244	
7340	
3779	
619	
1350	
6293	
4457	
4559	
8259	
12789	
3828	
10078	
10153	
11470	
9412	
9096	
8570	
13675	
6161	
4925	
12608	
3965	
12798	
12305	
982	
1218	
11307	
2187	
2247	
3242	
12708	
2527	
4415	
4132	
9129	
12758	
9783	
9057	
10206	
13638	
12845	
6716	
8019	
1422	
2109	
11961	
1988	
5013	
3336	
11442	
14706	
13658	
4513	
9700	
5530	
4675	
2168	
7231	
9829	
12339	
457	
10486	
2934	
9424	
12406	
3434	
10343	
645	
3137	
5545	
12685	
13189	
9496	
12104	
12452	
14999	
5179	
12738	
10935	
3853	
10617	
1116	
853	
3845	
3177	
6136	
2354	
512	
1801	
14515	
11707	
13926	
6258	
10777	
13108	
6907	
4789	
5685	
7194	
14229	
12198	
2550	
3092	
2747	
3421	
4856	
3867	
4099	
14009	
8262	
14593	
6958	
3288	
11376	
7020	
3790	
8099	
2413	
3770	
11613	
13186	
4914	
13831	
14099	
6505	
678	
3064	
11866	
9693	
12333	
10806	
13476	
12683	
12960	
7764	
13647	
5988	
1795	
2185	
2218	
12938	
2008	
5505	
14004	
6714	
13086	
11317	
14070	
6278	
11476	
5811	
7426	
4131	
7498	
5172	
14043	
10487	
12103	
3852	
1393	
4568	
7269	
4292	
6403	
984	
472	
7670	
11664	
3257	
803	
10721	
192	
14636	
11454	
14774	
9597	
8236	
913	
5645	
5209	
1603	
11141	
13052	
12090	
14535	
7113	
11329	
9709	
11329	
2963	
14629	
18	
4846	
10164	
9342	
9928	
8198	
11972	
1232	
7418	
7645	
13256	
6363	
10511	
10710	
13561	
2465	
6846	
12972	
7992	
1168	
13943	
13274	
2274	
14031	
8013	
11786	
13203	
6250	
6058	
13668	
7483	
3881	
12845	
4332	
7874	
2942	
8941	
3633	
12344	
120	
9627	
5565	
14356	
10355	
6581	
9649	
13859	
14747	
11428	
10845	
5096	
3342	
8467	
6174	
3058	
13394	
3089	
11945	
1641	
5984	
3006	
9785	
7087	
11842	
3418	
3826	
2555	
157	
11632	
600	
10381	
3464	
13113	
6312	
1704	
8142	
1244	
501	
5632	
9491	
5511	
14900	
11210	
3288	
14930	
10065	
6	
8223	
8824	
3971	
13601	
8342	
7958	
1735	
4312	
9197	
5362	
2746	
4259	
13453	
3046	
4898	
864	
5090	
11658	
282	
10839	
1197	
6914	
7350	
14568	
1969	
9389	
2094	
4115	
12770	
13876	
5316	
7078	
908	
5095	
9587	
6339	
13738	
402	
7804	
3745	
6538	
7216	
9806	
4020	
14056	
1648	
10393	
9779	
3990	
7943	
5235	
9375	
12155	
1677	
5692	
1791	
4874	
7380	
10587	
486	
4551	
5562	
3129	
6113	
910	
947	
12287	
6627	
7196	
12033	
278	
10712	
5638	
202	
10273	
11645	
1167	
8234	
6950	
3562	
2390	
840	
6718	
1309	
7374	
11757	
10293	
655	
10347	
8369	
10040	
4628	
7847	
10362	
2521	
14227	
3000	
12597	
4095	
7235	
11210	
612	
13191	
14966	
8297	
9186	
2413	
1243	
5145	
13375	
4376	
13212	
1003	
1057	
402	
11062	
5801	
10166	
2689	
2135	
5440	
9414	
4200	
6784	
2259	
4733	
10814	
12430	
10243	
5113	
1769	
10375	
10542	
4828	
13409	
9092	
4556	
9709	
978	
2232	
1692	
7603	
14066	
4268	
2417	
5414	
282	
1955	
505	
14496	
13400	
1900	
12622	
8372	
14749	
4788	
2651	
4078	
601	
9055	
7971	
5775	
8734	
5920	
1288	
13152	
4846	
6567	
1851	
4917	
1171	
7069	
5935	
9291	
2919	
10906	
6193	
7801	
11538	
10802	
9545	
10324	
10805	
9786	
947	
12287	
6627	
7196	
14879	
4749	
10193	
11804	
9705	
4332	
2552	
10072	
7820	
5178	
2459	
9413	
1953	
14430	
2060	
2364	
11884	
12207	
10115	
1094	
1654	
11752	
6814	
9027	
4322	
10427	
12373	
10042	
3387	
10252	
13551	
12721	
7748	
4061	
11124	
9210	
5558	
12305	
982	
13436	
3960	
7790	
6838	
8572	
14605	
4601	
12775	
462	
14767	
9964	
9630	
12643	
9818	
6490	
9458	
14761	
6521	
13361	
13959	
7365	
5830	
6854	
8727	
690	
188	
13268	
10283	
1384	
3746	
1214	
12184	
10242	
5317	
2550	
8354	
241	
1634	
14779	
2694	
2382	
2431	
5199	
9583	
7231	
12717	
1740	
4094	
10578	
6167	
14591	
8658	
7688	
3082	
9877	
1400	
3597	
4397	
4345	
504	
2010	
10975	
14120	
6397	
8452	
7295	
8479	
3416	
8157	
10154	
5275	
11451	
1665	
10336	
10942	
11179	
13160	
5766	
12320	
894	
2699	
11639	
1449	
13300	
3192	
13329	
4530	
8571	
3164	
14935	
6876	
1085	
6968	
6245	
5288	
7250	
13443	
1005	
11761	
2403	
440	
1918	
4174	
2067	
12686	
7425	
9794	
1271	
13846	
2173	
12378	
6301	
9376	
5807	
3763	
13159	
5746	
6892	
8550	
5170	
13638	
5380	
3965	
4500	
13887	
606	
11252	
1469	
4653	
1339	
2287	
958	
2555	
9329	
3189	
9743	
2566	
65	
1426	
6248	
8424	
5539	
1652	
7536	
12847	
14089	
611	
9540	
9565	
5181	
5066	
770	
3521	
11875	
13249	
7273	
557	
861	
7534	
5703	
11690	
2387	
8363	
8984	
13171	
3839	
8393	
6395	
14228	
1404	
8908	
8633	
13404	
14091	
8325	
10867	
2004	
9989	
4213	
14573	
12722	
9081	
9931	
10564	
2969	
4546	
7949	
4501	
7829	
3988	
12822	
14702	
3452	
9701	
13249	
6874	
10381	
11873	
3041	
6462	
10746	
4597	
14579	
12405	
10748	
909	
13907	
9860	
325	
8265	
3987	
12088	
5092	
13530	
4790	
7067	
12201	
1298	
12234	
7320	
11920	
14472	
5735	
7369	
3426	
3568	
7785	
3255	
3152	
10956	
12759	
11525	
335	
240	
2320	
10695	
5180	
13309	
260	
4270	
6884	
8528	
10233	
10541	
1502	
6567	
6012	
10245	
2945	
5518	
10607	
1015	
3818	
8901	
11325	
2920	
10164	
12657	
4786	
6176	
4353	
752	
4100	
10341	
1731	
14260	
9510	
7169	
11906	
12526	
9831	
9331	
7037	
6585	
14488	
12292	
707	
9928	
7113	
11329	
4718	
2586	
14583	
14698	
2985	
2425	
6506	
4392	
3753	
4991	
14962	
14303	
8392	
9794	
7269	
7724	
4012	
5484	
10597	
1167	
6987	
14437	
8568	
321	
5799	
9384	
6396	
3385	
12148	
10947	
3057	
14127	
4029	
11899	
13876	
6063	
7451	
5452	
7257	
9522	
13410	
13075	
10593	
8910	
3361	
8899	
9403	
6309	
6246	
14482	
7446	
6404	
4576	
12073	
8395	
8689	
14497	
12426	
12478	
2963	
13676	
6263	
2077	
2748	
6121	
9108	
13107	
13951	
4621	
3125	
4454	
12973	
10003	
4431	
6050	
1139	
10340	
10920	
10077	
3150	
10100	
10854	
1837	
7783	
4342	
3068	
1454	
12638	
4148	
7353	
9197	
5362	
6077	
11612	
7821	
12884	
4232	
1382	
12536	
13747	
6904	
4601	
14802	
11970	
6058	
10274	
1725	
2141	
2866	
10858	
10351	
3505	
13276	
5627	
8229	
12744	
6528	
13353	
5645	
5313	
5638	
14206	
1473	
14649	
10166	
5884	
8652	
7205	
13316	
6980	
8211	
7359	
3124	
12705	
11285	
1240	
1545	
6146	
1052	
7113	
11329	
12786	
4797	
13116	
12739	
67	
9508	
5704	
12984	
5424	
7245	
7122	
8048	
13905	
12243	
10428	
9278	
5233	
7615	
5667	
13045	
12945	
13472	
6292	
9490	
12636	
7306	
12708	
8398	
9272	
5782	
11982	
8299	
7465	
14728	
9872	
9794	
9461	
655	
10347	
3353	
11757	
2310	
5921	
11417	
10603	
5977	
1196	
6642	
10536	
14698	
7788	
5059	
8739	
6877	
543	
2624	
3529	
6278	
4718	
7874	
7915	
7894	
854	
12513	
14624	
10858	
808	
4425	
1338	
14921	
14670	
8814	
9053	
35	
7995	
5560	
10273	
4317	
4531	
5167	
8635	
4193	
2941	
2010	
14495	
9172	
6066	
6885	
10166	
11025	
6666	
8037	
6867	
5736	
4146	
6696	
7900	
4751	
9880	
9585	
5258	
1120	
9109	
11012	
3564	
530	
2826	
4977	
5810	
4115	
11192	
4341	
5269	
8796	
4099	
4626	
12794	
6373	
14161	
4935	
10707	
7125	
12084	
6182	
9803	
11956	
5602	
14774	
7867	
3455	
2077	
2748	
6121	
11072	
8509	
9370	
1554	
71	
7290	
2633	
5276	
11167	
4718	
2271	
4144	
4372	
13819	
140	
7709	
4684	
3205	
2701	
739	
3823	
11566	
13353	
434	
1506	
6883	
6632	
14696	
2308	
8271	
13112	
13211	
10445	
2721	
8712	
14908	
3421	
14962	
9074	
12962	
11668	
10032	
1019	
5090	
2379	
10237	
14554	
14926	
10859	
13586	
14226	
7222	
4023	
5352	
1578	
2137	
2361	
8921	
7403	
12736	
3582	
3809	
211	
14799	
373	
2056	
8489	
12382	
2027	
5645	
10277	
1554	
3722	
979	
12920	
830	
12859	
547	
9731	
789	
3151	
2794	
12903	
4051	
2443	
9545	
3710	
4624	
10411	
10323	
6060	
157	
479	
4223	
13424	
12460	
14473	
2265	
2824	
7903	
183	
13566	
8325	
232	
4406	
13708	
4371	
2216	
7506	
4943	
12878	
12861	
423	
5403	
13699	
1401	
202	
2012	
14876	
11622	
11642	
5102	
5617	
13757	
3989	
5213	
5130	
3331	
8333	
10209	
11159	
7997	
12549	
11932	
12834	
12460	
11788	
9479	
3252	
164	
12683	
1969	
2135	
6477	
3122	
14294	
2345	
6689	
4379	
7093	
5807	
8585	
5527	
4937	
2783	
4661	
13556	
11436	
7759	
8831	
10288	
6133	
6874	
3170	
229	
5787	
3626	
13775	
11208	
9872	
6967	
7096	
10480	
5947	
13409	
624	
4119	
8349	
13587	
7901	
7328	
8836	
3420	
4699	
4328	
5401	
2698	
13387	
1900	
2737	
12794	
8008	
10141	
5986	
13566	
9816	
12119	
8555	
1129	
1943	
9433	
12472	
9260	
368	
7540	
14925	
6908	
14545	
1730	
13846	
4950	
7554	
3006	
14910	
2511	
6050	
3593	
13263	
1879	
1960	
13723	
8200	
14531	
4890	
10951	
1781	
9227	
163	
1382	
12339	
9225	
13658	
5777	
12472	
9260	
4856	
7258	
4809	
918	
14114	
447	
13954	
2553	
939	
10930	
14007	
10374	
48	
6089	
12184	
8073	
10055	
11610	
12922	
14554	
7844	
11829	
3651	
12355	
10995	
12680	
469	
9085	
11990	
2010	
8196	
1478	
4942	
3592	
8671	
10310	
14035	
12131	
4692	
9329	
3189	
9743	
13511	
5581	
4193	
2941	
14797	
183	
3387	
5685	
867	
11262	
13089	
14127	
11995	
12167	
14895	
14364	
3476	
752	
4560	
6877	
8086	
13252	
1671	
12613	
5161	
13373	
14743	
5044	
7262	
11816	
6793	
12329	
9830	
563	
10186	
14680	
8852	
4266	
7244	
9303	
5998	
9838	
11482	
7136	
13438	
2624	
8005	
8453	
4842	
512	
984	
13847	
11336	
11195	
7969	
6711	
12467	
8095	
7400	
369	
9613	
10982	
4101	
13731	
539	
11623	
9008	
14841	
13469	
564	
14619	
10622	
606	
7256	
1400	
14387	
1380	
4617	
7258	
4809	
1016	
2125	
5829	
4374	
7897	
14621	
7322	
2843	
8417	
8432	
9545	
13231	
2047	
9894	
11428	
3790	
9965	
11920	
13064	
1812	
8818	
13954	
10713	
13424	
3633	
12344	
120	
12044	
5204	
8439	
8446	
4530	
6842	
5132	
13498	
11697	
10237	
14554	
14590	
14703	
8554	
14475	
9240	
3930	
7874	
4467	
4286	
14061	
11899	
12610	
12449	
14432	
4411	
12161	
10986	
8550	
12395	
8469	
6013	
12674	
13830	
152	
8959	
12659	
7782	
4515	
5586	
2300	
4933	
78	
10029	
4736	
9026	
11550	
7270	
7607	
7751	
10829	
1610	
11997	
7034	
11951	
2640	
13410	
12143	
8104	
13646	
12895	
3798	
7481	
3656	
3497	
1963	
14792	
11054	
2305	
7292	
12769	
8875	
8227	
9216	
4276	
2734	
6175	
7656	
13586	
14226	
5736	
4146	
9039	
8864	
11883	
4213	
9724	
4187	
6151	
9017	
6584	
7446	
2554	
12062	
2451	
1476	
2767	
3204	
10971	
3057	
9204	
13836	
4719	
12588	
12181	
4298	
10078	
2919	
12895	
3798	
7481	
12362	
462	
14767	
6866	
9376	
13571	
14701	
2901	
4879	
10760	
1093	
4459	
12427	
2035	
12964	
6037	
4378	
3690	
13128	
3777	
10739	
11859	
8025	
12189	
10609	
8647	
4101	
11861	
5577	
1120	
10559	
2060	
6283	
13916	
11523	
4909	
13917	
3156	
14957	
2456	
1103	
9291	
10335	
196	
5501	
13343	
5401	
1704	
2945	
12100	
13768	
1355	
1042	
14543	
3394	
7340	
5024	
892	
7266	
3369	
1057	
2216	
7506	
7234	
7308	
7968	
8363	
3198	
74	
3992	
9410	
12508	
12604	
9295	
12099	
9685	
8695	
7392	
13048	
9194	
6675	
10762	
1909	
11133	
10814	
11990	
8165	
10186	
1278	
4609	
5348	
5409	
5202	
11885	
10855	
9767	
13534	
2146	
13298	
2727	
3233	
14963	
889	
13788	
12708	
5102	
873	
155	
5685	
7370	
5684	
13918	
4039	
14117	
7392	
13613	
11571	
8902	
2398	
11116	
4279	
4259	
13955	
10633	
3127	
1465	
12630	
10151	
5841	
10278	
14154	
6913	
9555	
1546	
6828	
879	
8678	
4507	
11435	
13870	
14759	
5716	
860	
14618	
11961	
3965	
10283	
12714	
7259	
7948	
253	
13432	
14015	
13613	
11571	
8902	
2398	
2451	
13531	
2314	
12309	
1540	
13987	
4221	
7943	
5235	
8924	
1172	
4814	
10254	
3331	
3731	
7807	
13580	
8830	
4039	
12292	
6623	
10779	
12242	
2727	
5509	
13636	
402	
8529	
13923	
3383	
7372	
3643	
8949	
1760	
14740	
4937	
2783	
7837	
13319	
5597	
4727	
4146	
10431	
1205	
3154	
4327	
2904	
2070	
10501	
14122	
10107	
11376	
2077	
13380	
14249	
9353	
1865	
11443	
4974	
5242	
6248	
2084	
11244	
8119	
14488	
7960	
2862	
10159	
1988	
4996	
1125	
11710	
14477	
13916	
11473	
14154	
8775	
14636	
990	
731	
10723	
10462	
12694	
5947	
8833	
3589	
4228	
11285	
3102	
3455	
5847	
1143	
10875	
14671	
948	
8559	
1471	
9743	
2179	
3826	
1445	
14917	
12480	
4785	
7442	
6182	
4005	
3247	
7601	
10209	
1610	
7314	
14117	
12884	
7392	
13397	
1754	
6082	
11613	
13186	
4914	
9909	
1417	
11697	
2060	
2364	
7273	
8618	
5837	
2643	
4331	
6897	
2175	
13815	
11722	
312	
7060	
3395	
2921	
7459	
745	
1973	
12510	
4881	
9915	
11499	
390	
2233	
6550	
12177	
9410	
373	
3724	
8354	
7923	
6910	
11877	
6814	
9027	
8046	
12665	
14217	
3397	
7099	
13508	
4381	
1546	
6247	
4721	
11174	
4565	
7707	
10507	
2216	
7506	
10608	
12377	
4879	
10760	
958	
8786	
9627	
8816	
6878	
14392	
4613	
3600	
2186	
5308	
11901	
5799	
12507	
12309	
3342	
8467	
6354	
5890	
6	
6718	
2188	
7350	
2993	
10373	
12681	
12602	
13694	
4451	
7621	
963	
287	
12048	
6032	
12123	
3400	
5255	
9178	
12183	
14077	
4371	
3075	
3092	
725	
10633	
3127	
6850	
8232	
10165	
4680	
12417	
9038	
2005	
11191	
8727	
690	
6617	
7987	
10766	
8242	
12026	
9157	
5156	
799	
14992	
10070	
5806	
12866	
8992	
3858	
6571	
13042	
5021	
12914	
14763	
11900	
2179	
11546	
7928	
7106	
4110	
13265	
2468	
9291	
5628	
2183	
7340	
5826	
14142	
2963	
9049	
5019	
12112	
13592	
1633	
1851	
5282	
3217	
3034	
10935	
2862	
7102	
13533	
9204	
9519	
14546	
11296	
10192	
10273	
2135	
2040	
10872	
9963	
8286	
1244	
5520	
2897	
6015	
4721	
6984	
8830	
4039	
7266	
3797	
6884	
13870	
13410	
14383	
1673	
13467	
14038	
2112	
9291	
11072	
10031	
8408	
2941	
4411	
9660	
12992	
14549	
4558	
7092	
14185	
3812	
5200	
394	
2991	
8831	
10920	
10077	
8982	
10703	
10758	
7334	
3165	
5300	
10808	
7468	
2155	
5633	
7874	
1506	
7630	
5017	
12928	
2477	
3229	
13881	
48	
14808	
14343	
4632	
12021	
5393	
14096	
7858	
10668	
7807	
13580	
3676	
5584	
414	
11902	
7867	
4020	
5641	
1271	
11730	
9124	
3479	
5906	
14312	
9015	
1279	
7780	
10401	
10274	
7783	
10365	
10842	
8869	
4048	
13032	
3676	
836	
4270	
4153	
509	
14719	
4028	
7866	
5987	
7642	
8239	
8479	
3416	
9566	
6698	
10920	
1090	
10077	
14139	
5365	
2410	
12162	
10246	
9163	
12968	
4789	
5685	
13753	
1578	
10967	
14525	
13240	
14026	
10926	
6594	
598	
6226	
1800	
12845	
2492	
6647	
2523	
7542	
9757	
9044	
4047	
10780	
14906	
5861	
14819	
4518	
6718	
12926	
6554	
13982	
1597	
12298	
194	
7890	
14195	
6308	
14107	
6491	
846	
10149	
10212	
9166	
3331	
9877	
4221	
369	
12237	
13457	
3369	
8446	
12479	
3931	
1021	
5638	
14206	
1473	
14649	
11505	
6734	
6792	
9249	
13277	
7524	
12242	
13071	
13307	
7550	
8000	
3601	
9520	
969	
14779	
10462	
12694	
5038	
3881	
11515	
854	
13440	
13146	
5215	
278	
11634	
11375	
1754	
14714	
10930	
344	
7884	
10089	
1071	
4664	
6642	
11102	
13701	
10717	
12758	
13534	
2146	
6997	
13284	
6798	
13211	
13353	
5770	
6208	
2937	
8988	
6865	
171	
14691	
14274	
13018	
4694	
7171	
7080	
12100	
7088	
10515	
10634	
3807	
9554	
14946	
11913	
2637	
5306	
10240	
9709	
10153	
14234	
13165	
3387	
3885	
12357	
10244	
12360	
5847	
9912	
854	
13611	
10131	
7630	
7954	
10929	
14546	
10506	
4666	
14188	
9433	
10160	
3248	
12758	
4757	
8310	
9366	
13251	
5430	
13248	
48	
4759	
8428	
10798	
14210	
888	
10430	
13410	
8201	
7300	
14578	
6079	
5495	
3101	
9163	
1527	
12528	
5198	
12449	
14432	
4411	
13400	
12685	
9535	
5645	
6461	
4365	
5531	
9045	
7701	
13146	
5215	
6146	
8283	
8069	
14792	
4896	
11901	
8657	
983	
13566	
10899	
12529	
5300	
16	
369	
11047	
14200	
11262	
6876	
4995	
14774	
4610	
6873	
8391	
12073	
3545	
10707	
10834	
2585	
647	
6940	
10211	
9089	
8140	
92	
9372	
3330	
2314	
10067	
657	
7861	
8442	
3710	
14636	
1188	
6404	
9922	
11301	
10282	
4476	
1329	
1584	
12046	
2609	
12243	
10797	
3772	
12396	
13554	
13128	
6042	
6176	
7245	
10427	
10913	
10259	
3740	
10204	
850	
3217	
5583	
2642	
2770	
9990	
13971	
6147	
770	
2955	
690	
3272	
5074	
2850	
13428	
999	
8727	
690	
11394	
10845	
5096	
6846	
14619	
10622	
163	
3801	
5609	
12158	
13539	
5645	
1028	
9143	
2341	
6234	
11250	
3437	
9191	
3965	
8893	
6208	
2937	
8988	
4727	
4146	
8082	
13214	
9305	
3939	
12294	
48	
14576	
8398	
9272	
11489	
9680	
10558	
3426	
1365	
13557	
6108	
3214	
1446	
7738	
12510	
8556	
3393	
11369	
14976	
7394	
8907	
12304	
4896	
5196	
13763	
1657	
4111	
12286	
1244	
5520	
13000	
3254	
2492	
6647	
10444	
10462	
12694	
4013	
7875	
6601	
3170	
10049	
6896	
8778	
11259	
4340	
8753	
427	
10844	
13785	
6331	
3560	
11933	
4449	
4521	
9507	
5701	
729	
12759	
6206	
2485	
6411	
11463	
11790	
13321	
1280	
4581	
1446	
10968	
2339	
8352	
9757	
10700	
4197	
4255	
7658	
12243	
4076	
4102	
3470	
11515	
6891	
5448	
4268	
2555	
378	
2869	
11749	
12750	
8197	
2879	
14852	
6416	
12555	
2961	
1056	
13576	
11435	
11267	
422	
4811	
3896	
8858	
3331	
5436	
13331	
13106	
12633	
5986	
3011	
3987	
8277	
3376	
10795	
11664	
1498	
3237	
7960	
607	
1444	
5715	
3243	
7045	
5774	
9163	
13788	
12708	
5102	
5440	
2527	
4415	
1204	
5692	
5481	
10340	
4236	
11033	
9307	
9833	
14007	
10374	
10072	
13512	
2683	
4286	
7693	
14127	
954	
3159	
14235	
785	
14785	
6378	
12657	
1090	
14139	
1476	
998	
14016	
1557	
948	
8650	
948	
1840	
5220	
4236	
5025	
2734	
11738	
8426	
9594	
3404	
6338	
7637	
14404	
2840	
3275	
10424	
3101	
3481	
9824	
11356	
8223	
13472	
6292	
11577	
9223	
3284	
14545	
1730	
10861	
13533	
9204	
10714	
185	
6791	
5631	
12855	
6089	
10087	
20	
4763	
4976	
13088	
8247	
11658	
3492	
6571	
13042	
5021	
12914	
8286	
3310	
8116	
9020	
9578	
5284	
2476	
9351	
7552	
3650	
11537	
5134	
1745	
400	
2920	
11823	
8395	
14191	
12794	
6214	
3318	
12664	
5041	
4060	
12964	
12478	
6924	
14808	
8869	
2473	
11491	
3590	
3562	
1396	
9096	
8570	
14351	
14439	
10458	
8843	
13779	
9649	
3980	
4953	
7353	
990	
731	
10723	
1771	
2325	
6695	
5420	
11148	
10365	
7967	
1353	
14662	
3874	
1648	
4892	
10842	
8869	
4048	
9007	
7157	
6548	
11144	
9971	
10652	
7937	
3317	
8965	
12295	
8303	
1540	
13571	
14701	
2901	
7759	
7850	
8524	
1393	
6683	
14414	
13530	
2104	
8650	
7417	
1005	
11761	
13575	
3386	
850	
5051	
12553	
734	
3214	
1446	
5554	
11358	
9413	
3931	
2155	
11418	
1411	
13891	
2957	
10942	
4246	
509	
7087	
14682	
14959	
14260	
9510	
1717	
13207	
9976	
2073	
11023	
13375	
5683	
4330	
14128	
7575	
3753	
4213	
2265	
2824	
9543	
6076	
10579	
6798	
9174	
14681	
14066	
13152	
1352	
6224	
13907	
6687	
12211	
5784	
10425	
8893	
11645	
2191	
4787	
12218	
11205	
7869	
1445	
8114	
9195	
3574	
7943	
5235	
5017	
6827	
1822	
13216	
181	
14496	
3068	
4811	
13604	
12231	
19	
7024	
7594	
8564	
6456	
3192	
3993	
8693	
9504	
4961	
3069	
14877	
7426	
4131	
7498	
8878	
7795	
6182	
4005	
11306	
4377	
1353	
14662	
1001	
12525	
4859	
1182	
1102	
9877	
13948	
12506	
14209	
13000	
9988	
11988	
11624	
14171	
14492	
9428	
9580	
4246	
8199	
13532	
7697	
14093	
1648	
4892	
8329	
14635	
4860	
8922	
2838	
9826	
11112	
13763	
5609	
12048	
14337	
14700	
1073	
1815	
12584	
13049	
1085	
1031	
9195	
3574	
7670	
13387	
459	
7425	
3164	
14935	
2277	
7389	
12754	
13147	
217	
11544	
7029	
1310	
2168	
4255	
6926	
5518	
10607	
6435	
13815	
14590	
14703	
4042	
9813	
5575	
13419	
2438	
9204	
5869	
9225	
2060	
2364	
9588	
4409	
12940	
12968	
9189	
10839	
5365	
754	
12100	
612	
1506	
8800	
4738	
11193	
1545	
2492	
6647	
11734	
6978	
1884	
10340	
4236	
7645	
13256	
6363	
10511	
12620	
5269	
7155	
9537	
13410	
14383	
11116	
4279	
10940	
3874	
3310	
4400	
9909	
9013	
12085	
10180	
9928	
13608	
10763	
13694	
4451	
2301	
9859	
4218	
4410	
504	
3380	
5678	
10292	
7471	
1266	
9459	
258	
294	
14155	
10700	
12500	
9785	
13697	
13427	
13571	
13792	
7430	
11316	
5685	
7584	
11174	
14802	
7312	
1874	
12549	
71	
13595	
8917	
766	
14590	
14703	
2068	
8151	
3216	
9122	
7764	
2939	
6167	
14591	
8658	
7250	
13443	
13948	
12506	
13436	
6835	
7100	
3609	
7106	
3364	
4606	
7751	
10829	
7948	
10078	
6434	
5720	
4539	
11144	
3990	
13247	
966	
13672	
1007	
8234	
3327	
10250	
7562	
8114	
4555	
8230	
2983	
10172	
6048	
1016	
2125	
5829	
4374	
10506	
5786	
3621	
8676	
5022	
1417	
14635	
4860	
3088	
9310	
6452	
10428	
9278	
5233	
7615	
5762	
11355	
9141	
11210	
5868	
2952	
8263	
8631	
552	
12004	
12003	
5947	
8833	
879	
8678	
4507	
11435	
222	
4114	
12639	
6979	
3990	
1820	
6383	
1402	
16	
369	
4482	
3693	
4909	
12502	
12417	
7495	
14526	
9324	
7656	
10153	
11470	
9412	
7836	
12181	
4298	
10078	
2919	
269	
10368	
294	
14155	
10700	
5277	
14098	
10210	
12362	
9367	
10690	
985	
7550	
9183	
9319	
8153	
8555	
111	
4966	
5901	
1973	
4499	
14619	
10622	
11822	
12834	
12460	
3387	
6494	
8490	
4250	
7938	
7709	
3659	
5418	
14063	
8739	
2375	
2117	
12446	
1872	
11840	
5420	
4956	
2707	
14571	
13245	
10050	
6919	
6169	
8985	
8277	
13152	
1677	
2447	
4284	
5736	
14141	
9763	
6022	
5704	
9099	
8738	
12601	
21	
11407	
1671	
3815	
3620	
613	
7771	
1765	
9785	
7268	
3711	
3600	
13194	
11585	
248	
11737	
6906	
14830	
11114	
9564	
9578	
9890	
13980	
14312	
2601	
2013	
9512	
9651	
1402	
10477	
949	
7803	
1748	
13230	
1198	
10939	
10449	
4799	
4430	
9205	
2300	
1913	
14187	
4660	
839	
5049	
10561	
392	
9686	
1393	
9976	
2073	
8199	
5801	
10166	
13159	
2540	
14978	
12536	
13747	
6904	
5857	
12640	
14672	
11523	
13107	
13951	
14823	
4950	
5618	
6744	
10897	
5419	
12761	
9700	
12364	
13974	
355	
12631	
1619	
9298	
5589	
12305	
12645	
5631	
1968	
2709	
12148	
8832	
12687	
575	
8648	
6915	
13768	
7934	
5984	
3006	
14450	
8942	
12750	
9338	
6308	
11600	
964	
432	
1308	
12969	
3551	
13799	
4634	
4186	
112	
14147	
1051	
9541	
8899	
12089	
10509	
12355	
10995	
8481	
2196	
181	
14496	
3068	
10242	
6939	
2828	
3142	
8955	
10100	
8530	
14443	
10273	
7541	
8731	
14781	
8114	
14217	
3397	
8152	
12873	
14413	
14626	
6593	
6974	
1825	
1796	
6376	
9928	
6765	
2345	
142	
5805	
7183	
5133	
5922	
9688	
12183	
8262	
12389	
1665	
6773	
775	
512	
1280	
4581	
1446	
8794	
5163	
470	
12665	
4799	
14132	
14969	
6012	
10245	
5664	
4860	
11885	
5509	
1048	
8107	
8432	
12449	
4610	
7968	
6964	
14696	
8816	
2770	
8113	
5418	
11592	
4307	
12305	
1310	
14579	
3500	
8159	
3019	
3242	
10444	
806	
5478	
14847	
12554	
9220	
10978	
3989	
13598	
3818	
4347	
5490	
13406	
11341	
11582	
4431	
12708	
11791	
8779	
2563	
9137	
144	
14128	
5823	
7858	
1648	
3380	
7844	
5782	
10062	
14479	
6541	
4323	
13416	
9141	
7087	
9683	
8025	
402	
3178	
8210	
6707	
12084	
6182	
9803	
11956	
5602	
12482	
9909	
9013	
12085	
10180	
13487	
4696	
14229	
5544	
1795	
2185	
4785	
164	
368	
3636	
14346	
2991	
3149	
4357	
9838	
12571	
9784	
8652	
1420	
2107	
1548	
5905	
11394	
10451	
10416	
6774	
8524	
12610	
12443	
10702	
2906	
12620	
1005	
11761	
488	
14288	
9860	
1401	
11902	
202	
3513	
12600	
5410	
20	
9652	
9577	
5518	
14863	
6192	
8464	
8192	
9326	
12463	
11280	
10930	
2389	
10397	
9414	
4955	
14671	
12502	
926	
6707	
6247	
1449	
11400	
1710	
1900	
12119	
8555	
11681	
5306	
3504	
1841	
1498	
12147	
14361	
1425	
10629	
3403	
6985	
565	
281	
4228	
11285	
5784	
13881	
48	
14808	
614	
1401	
202	
10596	
6841	
12537	
4974	
5696	
13487	
8972	
12421	
13091	
10114	
2649	
12783	
13239	
9750	
1238	
634	
14235	
9972	
12904	
2916	
4180	
4812	
5118	
7447	
5461	
12185	
4035	
4292	
6403	
7341	
2398	
4495	
711	
6864	
13815	
2438	
1793	
14194	
2571	
14900	
11210	
2068	
8151	
6863	
14319	
1995	
4563	
1973	
3574	
918	
14648	
12051	
13074	
9783	
9057	
10206	
13638	
8017	
10067	
10720	
2509	
9420	
12141	
2939	
14919	
9954	
6714	
13086	
11317	
7567	
5867	
9146	
8969	
11529	
14451	
6480	
11512	
7783	
4002	
6666	
8037	
4061	
11124	
9210	
5558	
9178	
2138	
1094	
1654	
14193	
3120	
12750	
1553	
12578	
14656	
5051	
12553	
734	
6999	
5835	
2609	
9690	
8224	
6012	
10245	
5807	
9294	
13152	
1352	
3906	
9547	
5782	
7575	
4170	
8502	
14679	
7264	
13419	
6289	
1178	
2842	
4827	
6617	
7987	
1671	
13892	
13567	
3778	
3435	
14080	
155	
2922	
4381	
5837	
2775	
5274	
3067	
14525	
14694	
1254	
9581	
8974	
1943	
9433	
6888	
9012	
8315	
6199	
3724	
7752	
3837	
8502	
11924	
10978	
13248	
8024	
8312	
7262	
11816	
6793	
7459	
13206	
7995	
850	
3217	
5583	
2642	
5942	
2259	
5990	
3651	
2760	
10321	
14503	
9785	
2387	
10233	
12480	
10649	
1747	
2026	
9547	
11572	
6548	
9551	
4519	
11886	
14184	
8600	
14282	
10658	
1953	
14430	
12318	
6867	
1417	
11806	
6726	
13344	
12319	
10597	
10018	
8704	
13576	
6273	
14723	
14743	
5044	
7890	
14195	
3002	
14575	
11972	
1232	
6017	
2958	
4016	
3714	
13410	
14383	
3454	
7148	
6580	
7877	
4727	
3148	
3552	
6347	
7605	
11899	
4941	
8929	
201	
13349	
7159	
11285	
12401	
1859	
12775	
9587	
3854	
13399	
10469	
7972	
6607	
2557	
2427	
10431	
8736	
13866	
7711	
2392	
8399	
9558	
13487	
14698	
7765	
6728	
9525	
949	
6743	
522	
12102	
5705	
8589	
5762	
2040	
10872	
14725	
11222	
2895	
10128	
1092	
12013	
4504	
12657	
11842	
4688	
12616	
8633	
10805	
11062	
2912	
6941	
842	
230	
12411	
6198	
8427	
12651	
6493	
9205	
13091	
10114	
1671	
2746	
1766	
8331	
9008	
13248	
3402	
14335	
1025	
2002	
7941	
188	
13268	
1921	
11526	
3308	
8633	
11791	
13708	
12835	
3897	
6565	
12439	
7370	
12455	
8467	
2410	
10501	
14067	
6538	
5959	
11541	
13913	
6543	
3137	
11806	
12509	
14755	
1814	
845	
14149	
6716	
1017	
9587	
258	
4042	
947	
12287	
6627	
7196	
12331	
476	
6226	
12428	
5056	
8816	
4513	
9700	
12844	
8643	
14636	
132	
12738	
8817	
3549	
4794	
10797	
4872	
1188	
6404	
12303	
9793	
2717	
8528	
3858	
10020	
13410	
13194	
10842	
8869	
4048	
12496	
11172	
10080	
11396	
13190	
12832	
10820	
13683	
8226	
9803	
9618	
6660	
8466	
7341	
2398	
10070	
2426	
2279	
13115	
7451	
11348	
7087	
7562	
14848	
4740	
509	
12093	
7541	
6176	
4353	
8967	
14335	
1025	
9706	
2183	
8727	
690	
8082	
14593	
11752	
1462	
9450	
13424	
9841	
9818	
6490	
9458	
4881	
9915	
10963	
2175	
11526	
7862	
10018	
8704	
13576	
8869	
3867	
6669	
12432	
7906	
2775	
2980	
9459	
2464	
2355	
8139	
4933	
2322	
13228	
13388	
5020	
10501	
14122	
10107	
7937	
5062	
11429	
4811	
3633	
12344	
120	
11877	
13054	
5014	
2972	
13760	
8374	
3724	
6967	
7096	
10480	
2426	
2279	
13115	
6541	
7673	
12738	
10935	
11079	
3394	
8899	
5980	
4100	
1397	
13965	
11748	
7503	
10306	
10759	
1202	
923	
12478	
5315	
7242	
402	
12986	
2895	
7006	
14763	
10024	
7829	
9814	
9521	
11114	
13048	
11359	
14757	
13877	
9225	
6417	
6077	
7025	
5809	
14234	
14271	
5984	
3006	
2036	
14682	
13519	
13171	
13091	
10114	
5735	
1382	
3623	
7839	
9303	
4816	
2257	
9929	
12778	
8229	
5020	
11558	
4017	
10612	
14200	
10551	
2621	
11260	
10426	
4609	
12774	
8526	
2770	
2956	
1786	
9372	
3330	
6511	
6810	
5302	
4874	
9524	
9329	
3189	
9743	
9613	
8647	
1925	
7510	
6055	
7198	
6980	
9190	
5073	
8815	
8397	
3247	
4023	
5352	
14949	
1459	
13611	
13734	
6040	
8055	
743	
6904	
3942	
3225	
13259	
1593	
10526	
3777	
3003	
12510	
12708	
4330	
349	
3538	
5493	
12724	
11751	
1156	
3407	
9522	
13410	
13075	
3204	
14265	
10204	
10596	
678	
8742	
9223	
363	
682	
12578	
2186	
6541	
5070	
12348	
553	
14598	
14859	
2327	
12620	
5269	
6646	
10795	
8201	
14636	
12995	
7632	
14260	
7775	
2212	
2276	
11451	
4726	
4206	
8398	
9272	
7714	
9731	
7431	
194	
845	
14149	
2196	
8399	
11108	
14968	
10244	
402	
1410	
130	
5344	
2897	
6742	
1169	
7972	
5545	
12685	
584	
8526	
5628	
10397	
73	
5818	
9721	
1243	
12450	
4214	
4882	
9580	
5655	
6477	
3037	
3639	
7370	
5684	
9785	
9149	
8259	
57	
9997	
7748	
12789	
13378	
1826	
12622	
8372	
14749	
14900	
11210	
4811	
466	
8214	
12237	
10278	
13947	
14249	
6655	
8573	
6571	
13042	
5021	
12914	
10869	
14772	
10935	
2862	
5645	
639	
12302	
3102	
13213	
14397	
7372	
3643	
8949	
1760	
15000	
1647	
6556	
5385	
9251	
2521	
11918	
13072	
12938	
2008	
4153	
10080	
5082	
14827	
14459	
2870	
5579	
672	
13822	
10958	
11037	
11510	
1303	
14508	
5395	
6113	
910	
9972	
12904	
6242	
5895	
739	
2447	
4284	
14768	
8095	
4651	
5884	
7157	
8095	
7203	
11368	
8319	
11420	
9303	
4105	
6702	
7683	
9427	
14449	
837	
11369	
4624	
11014	
3481	
14662	
14761	
14596	
13297	
2722	
9580	
1974	
11730	
7679	
10324	
5509	
13636	
7688	
1190	
9298	
7877	
4727	
14434	
3148	
3552	
12736	
13708	
13660	
5900	
8440	
12877	
6615	
9375	
10541	
4230	
8234	
6950	
10629	
3403	
3075	
3092	
13769	
2008	
9336	
10963	
13107	
13951	
1897	
14595	
12536	
11109	
8307	
8786	
5610	
4523	
14808	
7172	
14590	
14703	
7788	
9661	
1124	
8076	
4797	
14530	
9102	
311	
2712	
10580	
9590	
3583	
5363	
1061	
10257	
12092	
10110	
2527	
4415	
10427	
12482	
5787	
13472	
6292	
9990	
13971	
775	
3824	
9503	
14274	
8687	
13556	
8183	
7234	
6607	
8422	
14526	
1826	
1983	
10526	
6543	
12720	
13880	
7956	
9587	
10441	
9227	
11394	
1476	
12123	
13945	
427	
9895	
5401	
14260	
7375	
6086	
7657	
10035	
11429	
11301	
6584	
7446	
2554	
10550	
12473	
8719	
10194	
5359	
863	
14976	
7394	
13639	
5735	
1401	
9391	
13876	
831	
11381	
3914	
3641	
7424	
7904	
3530	
4153	
3217	
14153	
381	
3306	
5066	
11778	
5305	
6041	
3568	
3454	
14524	
9804	
4476	
14405	
7969	
5921	
8686	
2893	
2695	
8375	
13473	
2177	
14152	
11413	
5375	
7113	
11329	
1900	
8227	
8899	
2585	
7424	
4214	
4882	
10280	
9819	
3589	
8485	
3055	
13737	
9140	
545	
11377	
3932	
7307	
2060	
7346	
4201	
6441	
5198	
11712	
5755	
10177	
7867	
1190	
9298	
7307	
5827	
6609	
3823	
12665	
8157	
10154	
6528	
13034	
7887	
7245	
9194	
6675	
10762	
9353	
194	
1778	
4193	
2941	
9757	
9230	
5098	
2487	
5931	
7306	
12708	
4704	
12411	
6198	
14235	
6331	
2778	
4388	
1083	
9258	
10156	
5039	
3896	
8858	
12296	
4286	
14061	
3881	
4076	
6746	
8975	
13049	
9249	
4558	
3125	
4454	
14202	
8501	
11327	
9524	
14528	
14391	
254	
2042	
7007	
14632	
13273	
4509	
13567	
7127	
10110	
4976	
8165	
13654	
9715	
113	
8555	
850	
4668	
11783	
6119	
12982	
125	
7364	
7642	
3669	
12548	
9090	
11582	
4431	
7385	
2734	
11738	
8740	
13135	
7136	
3080	
6159	
7244	
14910	
9382	
4812	
1685	
14941	
1803	
7771	
1765	
1843	
10744	
11445	
7034	
12428	
4766	
4372	
5315	
11062	
2865	
1804	
14773	
11588	
4626	
14668	
8444	
13428	
999	
9587	
11290	
1028	
7370	
5684	
7790	
3303	
11696	
6786	
4502	
10950	
931	
5318	
1358	
979	
3021	
12960	
7764	
13647	
5988	
12476	
12462	
4446	
9124	
10191	
12153	
12081	
7707	
10507	
2257	
9929	
12778	
10021	
4371	
14229	
12198	
11276	
13034	
6477	
10263	
5782	
6885	
7341	
2398	
3914	
8466	
12314	
14590	
4237	
6161	
7542	
1243	
12450	
9933	
3758	
5755	
10177	
3545	
8345	
11034	
7690	
10555	
6242	
10067	
1312	
11702	
12207	
8179	
6161	
3880	
11083	
13856	
4408	
5363	
10588	
60	
6884	
3380	
7140	
10684	
14365	
75	
14217	
3397	
3266	
1027	
2699	
315	
1306	
2305	
12040	
5556	
61	
12309	
10714	
13402	
4599	
12061	
14175	
4031	
2322	
2320	
5681	
14067	
11656	
1449	
1538	
8398	
9272	
13091	
10114	
13587	
7901	
8400	
3574	
9920	
8310	
9366	
13251	
5430	
10092	
505	
4863	
6448	
12120	
13940	
3219	
9882	
5467	
14190	
11726	
8548	
2354	
8170	
5737	
580	
14861	
5645	
5209	
1984	
1899	
7621	
1241	
12314	
6975	
9195	
3574	
5796	
14093	
2097	
12564	
14232	
7425	
2955	
8333	
14439	
10458	
344	
62	
8451	
12123	
4606	
3110	
4667	
14064	
14215	
8342	
3511	
5138	
303	
4270	
12170	
14564	
9391	
9149	
57	
9997	
7748	
6424	
530	
2826	
5810	
7066	
12027	
11250	
3437	
9191	
14289	
3344	
10280	
6062	
1589	
9783	
9057	
10206	
13638	
4377	
12988	
8073	
7984	
12681	
12602	
547	
13751	
2150	
4298	
7011	
6045	
1833	
12507	
7440	
7034	
11951	
3178	
9629	
1649	
6427	
9026	
2889	
7785	
6853	
13743	
7636	
4492	
9295	
2080	
2118	
7024	
114	
10380	
13342	
1976	
7207	
6213	
10618	
77	
4555	
13457	
2540	
1967	
12754	
1922	
8236	
2725	
11919	
14246	
14590	
4237	
1054	
9508	
2934	
5538	
1355	
5435	
9334	
537	
12456	
14380	
530	
6879	
2397	
4411	
8598	
13799	
13373	
8406	
855	
9872	
8611	
2097	
12564	
6709	
1028	
12549	
11932	
14010	
145	
1019	
1336	
4482	
5958	
14010	
145	
1143	
10875	
479	
4223	
4854	
8644	
11752	
14202	
11681	
7844	
14563	
12158	
13539	
6289	
12578	
12525	
4859	
1182	
4927	
4105	
5208	
14858	
8356	
2070	
11464	
13888	
705	
8757	
8245	
11434	
1247	
9502	
2885	
10336	
13171	
6591	
1681	
750	
12044	
466	
8214	
12061	
5953	
7800	
3378	
9584	
3123	
3476	
1400	
4677	
656	
11000	
7493	
14928	
12789	
5547	
10585	
10719	
10739	
13767	
12339	
6547	
14303	
2510	
12134	
1554	
8345	
1129	
49	
14567	
10854	
441	
5204	
8439	
2354	
13319	
5597	
2647	
2132	
8875	
10837	
835	
8904	
1469	
8330	
912	
371	
981	
7552	
5744	
2846	
11208	
1740	
14039	
13180	
617	
2086	
11159	
5660	
14148	
10035	
4973	
13362	
1671	
2507	
2634	
9414	
4200	
6784	
8550	
5380	
14893	
8657	
3851	
4361	
2126	
7329	
10122	
14236	
3505	
13276	
5627	
3385	
12845	
2101	
3652	
3628	
14024	
13377	
5542	
2214	
8839	
7781	
7451	
14885	
2647	
2132	
2949	
10952	
7389	
5818	
9721	
3422	
12077	
11369	
10929	
12514	
7023	
1922	
4143	
11181	
14449	
5685	
4322	
14632	
13273	
8317	
8319	
14999	
5179	
8676	
3003	
5493	
12724	
3407	
14039	
13180	
11285	
2861	
1826	
9826	
6248	
2131	
14861	
4962	
670	
14994	
1639	
10557	
10313	
4612	
11930	
2890	
13114	
6870	
12876	
5959	
11541	
13913	
7339	
1811	
5882	
5502	
6906	
4956	
2707	
3402	
4966	
5901	
6034	
3609	
14175	
457	
10486	
2934	
10077	
8033	
8325	
7534	
4356	
5668	
2825	
1718	
6511	
3085	
9639	
14927	
12680	
482	
1553	
7937	
3317	
13959	
325	
4929	
4667	
4042	
876	
3040	
4790	
7067	
1748	
11755	
4583	
7455	
11697	
586	
9539	
6689	
7662	
12973	
2985	
10913	
3470	
11515	
9717	
12364	
921	
1654	
1300	
11723	
13928	
11250	
3073	
5583	
4293	
1288	
13206	
4574	
3632	
672	
4766	
5819	
6406	
6477	
9920	
10467	
14634	
8228	
14528	
264	
12571	
6251	
3163	
8121	
3971	
545	
6997	
12620	
5269	
9425	
8692	
3608	
1517	
14935	
12001	
9182	
2646	
10060	
4716	
10273	
8330	
12832	
6310	
1544	
5161	
13277	
8771	
11757	
10293	
528	
10077	
8742	
12350	
7914	
1633	
8992	
3858	
6117	
12089	
8875	
14235	
9565	
11918	
11883	
4213	
9724	
10738	
4650	
3102	
13213	
5387	
14646	
2060	
5819	
6406	
9374	
6528	
2997	
6603	
14944	
9281	
2655	
6797	
4417	
5867	
12444	
7216	
13676	
10123	
13006	
7578	
14395	
10273	
8613	
3650	
12504	
10153	
9624	
6646	
10795	
12522	
13587	
7901	
10156	
5039	
5837	
14963	
3277	
12800	
7614	
12099	
7861	
13421	
8665	
7292	
12769	
12750	
236	
2751	
9500	
7051	
10659	
6501	
7269	
11681	
5306	
873	
10264	
14282	
5713	
828	
12138	
8110	
3495	
13394	
1252	
7512	
8771	
3158	
2991	
8589	
5908	
10790	
5309	
3793	
12502	
8872	
1429	
12957	
6133	
4197	
8919	
7383	
5051	
12553	
734	
7887	
4428	
10797	
3772	
12396	
13554	
8924	
9190	
3008	
4276	
9709	
978	
14229	
12198	
14502	
4799	
9099	
11624	
10717	
3995	
3067	
9319	
8153	
8555	
111	
13146	
9532	
14949	
1459	
478	
7386	
176	
3699	
856	
4987	
2092	
14768	
14209	
8208	
1781	
5890	
13518	
10551	
1420	
9520	
3952	
14029	
4509	
13567	
7645	
13256	
6363	
10511	
8618	
14336	
86	
4811	
11377	
13487	
10070	
5645	
11593	
4148	
2555	
5678	
5895	
8359	
11396	
13190	
9012	
8315	
6199	
10400	
14117	
7392	
13823	
6401	
5351	
5027	
6689	
12578	
1681	
13751	
14774	
6339	
2811	
8316	
8385	
13252	
9108	
325	
11455	
1005	
8788	
14593	
5370	
104	
7514	
101	
13347	
876	
3040	
11995	
12167	
8114	
4664	
1977	
511	
10749	
6712	
14830	
11114	
1083	
13207	
10228	
769	
503	
3360	
12144	
4257	
3224	
3679	
10541	
4230	
8745	
4731	
312	
5202	
8165	
1549	
6853	
1912	
13519	
2701	
3710	
12262	
9190	
11026	
2196	
9826	
2520	
10342	
11590	
789	
3151	
6264	
382	
13871	
13556	
1197	
14076	
9108	
9452	
12099	
14095	
2247	
3242	
12286	
5755	
10177	
3324	
2717	
7325	
14394	
7987	
3	
14180	
12008	
11538	
10802	
9310	
14427	
286	
7221	
6670	
13835	
10386	
9918	
3552	
6339	
11178	
6673	
2809	
2323	
13127	
5395	
10971	
3057	
14138	
6787	
12159	
9738	
5949	
7888	
13815	
13	
8953	
13324	
3428	
9688	
7034	
758	
12913	
13503	
14434	
12545	
1793	
8693	
677	
13135	
14331	
11173	
2301	
5805	
5970	
8685	
11548	
5805	
14964	
8861	
11979	
13892	
2603	
14531	
10910	
4510	
659	
6162	
10194	
5359	
863	
7766	
3597	
9253	
558	
2313	
8809	
10475	
1545	
14636	
5493	
12724	
3915	
12004	
2534	
12435	
10161	
6970	
5487	
1616	
4653	
1339	
6515	
11179	
14005	
13377	
5542	
2214	
3247	
14383	
12146	
9819	
1813	
5346	
12884	
6574	
5137	
12771	
2122	
5059	
12781	
8998	
3845	
3898	
5245	
9680	
10558	
3426	
1365	
4322	
12844	
8643	
14921	
14670	
8814	
9053	
10764	
3755	
7157	
2473	
11491	
4759	
9758	
8125	
12702	
12587	
11023	
6058	
2128	
2249	
13346	
14381	
3434	
9183	
13300	
6354	
5890	
11416	
1726	
2092	
3377	
6941	
842	
10051	
5820	
7866	
5987	
4003	
6906	
11828	
11875	
464	
10717	
14024	
8618	
1254	
9581	
8974	
4204	
991	
8773	
1476	
7839	
5309	
9610	
5370	
2554	
14367	
4019	
3545	
6246	
14341	
3389	
7230	
4259	
7322	
2843	
8417	
8432	
2464	
2355	
11488	
7477	
12057	
6874	
9709	
11329	
2523	
7542	
2092	
3812	
4777	
5545	
7038	
6988	
9361	
14447	
9855	
1108	
6829	
6454	
12443	
3248	
1782	
2955	
2067	
12686	
5138	
5706	
12875	
4347	
13040	
3676	
10323	
4194	
3829	
4214	
13858	
4479	
9374	
4987	
14790	
8202	
5787	
3368	
7379	
12280	
531	
6840	
12240	
2208	
13258	
3340	
14449	
837	
11369	
9829	
8466	
1241	
2734	
11738	
5202	
14755	
1814	
13888	
705	
9179	
10841	
3537	
6146	
7934	
14296	
5531	
28	
7943	
5235	
9041	
13159	
12502	
6003	
12305	
982	
13432	
11953	
14061	
8699	
11619	
9375	
12494	
10858	
13834	
11228	
5805	
12073	
4751	
8342	
7958	
1735	
4312	
12820	
6741	
4959	
5112	
6864	
1	
12416	
4166	
41	
4339	
10239	
14317	
512	
1014	
1234	
1665	
13873	
13210	
3851	
710	
7552	
10791	
7798	
13753	
1578	
10967	
14525	
10252	
12173	
769	
7630	
362	
3769	
10672	
8406	
3214	
1446	
9577	
869	
7684	
12123	
7801	
10041	
5037	
10814	
12430	
6339	
13738	
9814	
9521	
11114	
9988	
11988	
13048	
11359	
7478	
2160	
9573	
6961	
4275	
7024	
7594	
8564	
6456	
7725	
6056	
12008	
2683	
3152	
6165	
13847	
9569	
6561	
5746	
1652	
7536	
12847	
11257	
1075	
2669	
11978	
360	
10942	
613	
230	
7996	
7370	
8317	
13558	
484	
5016	
9099	
5042	
12309	
1849	
12897	
4673	
750	
11689	
1685	
14526	
6089	
3487	
4295	
12892	
5899	
9787	
9041	
12656	
7958	
6433	
10806	
13420	
4408	
5363	
10588	
60	
12849	
8277	
6854	
10748	
13907	
2552	
10072	
9813	
5575	
13419	
10899	
4906	
7043	
11975	
12680	
7765	
11210	
5868	
11261	
12162	
7674	
4530	
4214	
4882	
7353	
1455	
6375	
10703	
1406	
2394	
2985	
3913	
5972	
8236	
2725	
6067	
14080	
3189	
1402	
10477	
4498	
13404	
13584	
13324	
2010	
9227	
163	
2775	
14672	
11523	
1667	
13880	
14363	
3101	
6645	
5861	
8832	
5923	
12219	
1766	
4146	
14449	
1217	
14930	
9877	
10065	
14985	
3853	
8327	
8919	
4408	
14171	
1474	
12528	
9401	
901	
10444	
12467	
9258	
3016	
12375	
10050	
12442	
4731	
610	
13846	
10501	
3034	
14794	
6628	
3332	
13806	
1322	
1556	
4220	
13819	
9737	
76	
9689	
11380	
4943	
6133	
5163	
7534	
11034	
12013	
4765	
12332	
13792	
7338	
8657	
983	
3383	
7521	
13964	
7567	
587	
1895	
8223	
9424	
3151	
14966	
2461	
2936	
11544	
1454	
12638	
4148	
564	
853	
539	
14160	
5907	
6247	
8742	
11943	
14665	
9163	
204	
2123	
5667	
13045	
12945	
7474	
12995	
11351	
3565	
13556	
11436	
9609	
3344	
10280	
6062	
4937	
2783	
3988	
12822	
2727	
3233	
2294	
10164	
9211	
11540	
3545	
1748	
11755	
4411	
13020	
4495	
711	
10348	
14476	
5663	
13091	
4115	
10999	
2147	
14585	
8247	
11658	
3492	
11828	
2276	
13721	
11966	
2250	
11890	
8389	
10278	
13819	
3069	
14877	
2890	
10416	
9229	
1913	
3676	
6908	
2945	
3434	
447	
13954	
6157	
12781	
5308	
11448	
7311	
11300	
14357	
4896	
7279	
5245	
7210	
4502	
4938	
14757	
13877	
7328	
9696	
9667	
14489	
3413	
12613	
2091	
9032	
1838	
7095	
14321	
504	
4416	
6068	
4355	
4864	
10493	
6752	
1952	
3425	
14941	
9504	
6022	
7340	
10424	
12578	
4408	
5363	
10588	
60	
10494	
3745	
13611	
2963	
3538	
2552	
14870	
10899	
12529	
11448	
7311	
6253	
6528	
4476	
4363	
4043	
7235	
13263	
1879	
1960	
5643	
3450	
13237	
1205	
1539	
10739	
8667	
3423	
11025	
11423	
1208	
12717	
6100	
7517	
14300	
11693	
6520	
11935	
14740	
1720	
1766	
7909	
11360	
4516	
12478	
14038	
2112	
9212	
13400	
2784	
2913	
15000	
11881	
2229	
4943	
12878	
5920	
12661	
14612	
7820	
11561	
4137	
8851	
3272	
13198	
7567	
6059	
4591	
2076	
6983	
13836	
7211	
9092	
5643	
3450	
11224	
12281	
3489	
6177	
9794	
2746	
2314	
4296	
9342	
9928	
12173	
769	
3228	
7831	
439	
4661	
7344	
2698	
13387	
1900	
13935	
705	
12405	
909	
3597	
6016	
10543	
9041	
8836	
2294	
3839	
14530	
9102	
7034	
11951	
10690	
14775	
5366	
7086	
14848	
4740	
6645	
1157	
5998	
9838	
11482	
6032	
12088	
5092	
10803	
9717	
8299	
7465	
7906	
9266	
7253	
6067	
1788	
8875	
4487	
5545	
6988	
3252	
7087	
9888	
3823	
8756	
13091	
124	
8450	
13784	
9666	
457	
10486	
2934	
2706	
13892	
1410	
5184	
3066	
8392	
4168	
13335	
12905	
6812	
11391	
1476	
998	
11790	
441	
4987	
12884	
7375	
8069	
5624	
14378	
14364	
8600	
2463	
2805	
13853	
4895	
3047	
8104	
3377	
3327	
7956	
13519	
9888	
3353	
1893	
10806	
13476	
1648	
4892	
180	
7372	
3643	
8949	
1760	
3389	
12454	
14920	
10891	
13987	
6077	
11612	
12578	
5062	
2710	
204	
3615	
10413	
7229	
5975	
13784	
8247	
11658	
3492	
821	
11690	
1069	
7273	
13453	
4469	
2232	
1692	
13887	
10700	
14723	
7670	
4785	
164	
6468	
13829	
12736	
14725	
5269	
5078	
1093	
5527	
2110	
4047	
14322	
12630	
14572	
6543	
6841	
12537	
4974	
5696	
13487	
11582	
8007	
9027	
14260	
13819	
6	
1416	
3305	
5699	
14810	
5318	
1358	
979	
3021	
9561	
786	
9450	
7440	
14317	
6192	
8464	
8192	
13431	
968	
6119	
12729	
12044	
9561	
786	
9450	
12007	
4695	
13955	
10038	
11512	
5219	
3025	
3908	
10808	
7580	
427	
9895	
10866	
1955	
9078	
3574	
9303	
4816	
3353	
12775	
14485	
4870	
5047	
5645	
5209	
537	
12571	
11927	
6735	
7948	
13263	
1879	
1960	
7273	
4987	
8955	
10100	
5418	
4400	
14951	
10499	
12009	
135	
9476	
13095	
4975	
8729	
13190	
6838	
10542	
14649	
9872	
8317	
12600	
14566	
8825	
2956	
1786	
6334	
7897	
14621	
13917	
9050	
14062	
7236	
11035	
8685	
11548	
3016	
9565	
11609	
4862	
7019	
13526	
1583	
11726	
9520	
3952	
14029	
3746	
3022	
14262	
12662	
8232	
441	
13508	
7540	
6022	
181	
14496	
14850	
3068	
11276	
4499	
9803	
7844	
11829	
4609	
12143	
8104	
13646	
3686	
4211	
8317	
12112	
13592	
11377	
2393	
1878	
4597	
9718	
13605	
1538	
4907	
6558	
13337	
10303	
13697	
422	
6643	
12866	
14755	
1814	
3993	
2265	
2824	
9258	
2192	
13996	
5505	
13868	
929	
14189	
13189	
9496	
7301	
5559	
11443	
13473	
2177	
14152	
5358	
13568	
867	
10845	
3930	
8590	
10444	
11199	
8426	
14144	
4260	
14618	
614	
12866	
3314	
14669	
14079	
2505	
13836	
14503	
12008	
7728	
11926	
12985	
6072	
13318	
6335	
12008	
9318	
10947	
6090	
2033	
5175	
9067	
6874	
624	
3445	
6311	
3754	
5920	
12910	
12338	
9731	
12146	
11953	
9819	
1813	
11472	
11331	
13888	
6741	
4959	
12305	
2048	
749	
8068	
8987	
13290	
8170	
10869	
7310	
488	
430	
11257	
1075	
11846	
14001	
10365	
3632	
12585	
8983	
3908	
14973	
10164	
8024	
8312	
6726	
7837	
9195	
10917	
3574	
5062	
3417	
1717	
836	
12739	
67	
6340	
1284	
8384	
2960	
3022	
473	
865	
12510	
6989	
7094	
7839	
7468	
5505	
14004	
3434	
12977	
10749	
5890	
11325	
1815	
476	
3041	
2639	
1918	
12619	
12091	
21	
3568	
9651	
287	
9909	
9013	
12085	
10180	
1153	
11179	
6728	
3876	
6941	
842	
841	
2075	
9475	
11327	
9524	
9522	
13410	
13075	
13229	
13955	
10038	
8492	
5125	
11192	
5805	
10020	
6245	
5288	
11325	
5902	
4460	
7546	
14756	
6620	
6907	
14947	
14817	
10334	
661	
13135	
1017	
12807	
2783	
11786	
11404	
2160	
3052	
2734	
1942	
13502	
11209	
11269	
9064	
9945	
13836	
11337	
10889	
8973	
14422	
13515	
13605	
2275	
5949	
7888	
2913	
9580	
10315	
13407	
2191	
11205	
6347	
7605	
11899	
742	
2386	
14572	
12021	
5393	
14096	
9020	
9578	
5284	
2476	
14485	
4870	
8818	
10790	
10311	
668	
670	
8696	
7546	
9758	
14901	
13887	
14685	
12102	
6936	
5401	
5584	
7223	
9858	
10390	
9290	
7064	
13315	
14624	
12845	
11142	
2773	
9071	
13497	
2734	
11738	
480	
12189	
1886	
2403	
4359	
8039	
3178	
8210	
4042	
10550	
11384	
5928	
9731	
11953	
10852	
10385	
12424	
14956	
14962	
10809	
7468	
11391	
7896	
5395	
4499	
1804	
14773	
11588	
9683	
9627	
5565	
14356	
14719	
14765	
8024	
8312	
2792	
1673	
13467	
10376	
2814	
12388	
2410	
10501	
14067	
4434	
4342	
3068	
7534	
5703	
11690	
2387	
12564	
6067	
8403	
14512	
11147	
9124	
2035	
12466	
7479	
7235	
9991	
5196	
13763	
1657	
4609	
10717	
11619	
12764	
11012	
5601	
8236	
2725	
13309	
1102	
5410	
4733	
1332	
12646	
568	
9547	
3873	
4583	
2060	
12499	
4013	
3160	
3835	
4840	
3896	
8858	
10689	
11023	
8302	
6146	
14202	
11681	
8972	
12421	
142	
8228	
7128	
9047	
8236	
2725	
14360	
3724	
3002	
14575	
3426	
3568	
7785	
3255	
9660	
12992	
3335	
2901	
5447	
8238	
8809	
4890	
8814	
290	
12108	
8069	
8511	
9365	
817	
334	
1454	
9163	
10244	
12170	
3481	
3649	
8262	
4076	
15000	
1647	
6556	
10347	
7910	
12072	
1652	
7536	
12847	
598	
7102	
7792	
9439	
13718	
7782	
5586	
2872	
10702	
10493	
4708	
8756	
1020	
4933	
12600	
7702	
13610	
7991	
4308	
12659	
9693	
12333	
3876	
9807	
7383	
7825	
9022	
11664	
6180	
820	
4317	
11140	
4746	
9660	
12992	
4470	
6967	
12960	
5949	
5338	
8912	
8556	
5161	
1015	
3818	
4509	
9779	
3178	
8210	
3344	
21	
8408	
1748	
11642	
5688	
10379	
1028	
2277	
13866	
14648	
12051	
13074	
8774	
117	
5908	
5348	
14103	
2503	
11336	
11195	
12027	
12600	
6968	
9537	
13070	
12720	
598	
13539	
10994	
10869	
7310	
488	
5493	
12724	
2208	
13258	
3340	
1869	
1498	
11486	
10899	
12529	
10296	
13063	
9092	
6149	
3150	
3454	
10902	
10182	
3786	
12573	
12571	
12303	
9793	
2717	
343	
11974	
6071	
3259	
2128	
1389	
2053	
11546	
269	
0	
9457	
12318	
3111	
13012	
14586	
2615	
12977	
10749	
5890	
10791	
11991	
1140	
10984	
29	
3252	
2318	
5452	
7257	
6620	
6907	
14371	
7087	
2456	
6469	
7605	
13080	
5387	
14646	
7886	
8733	
13738	
14363	
9372	
5591	
12656	
7958	
6433	
10806	
9564	
1464	
5506	
6498	
2477	
14516	
2966	
4677	
656	
11834	
3790	
6493	
9205	
569	
10976	
10033	
11923	
6829	
6454	
6307	
5081	
5017	
10641	
5916	
6584	
7446	
2554	
9732	
10954	
5747	
739	
9284	
2497	
13440	
11417	
9550	
10542	
13128	
6042	
6176	
13319	
5597	
12510	
11112	
11023	
12723	
13926	
3389	
13388	
3259	
12369	
8808	
6488	
6791	
523	
1902	
2361	
12739	
3009	
12558	
7701	
13322	
13146	
14579	
6338	
6334	
2083	
3422	
12077	
3095	
2442	
4987	
2275	
3592	
8671	
4296	
6082	
10237	
14554	
11499	
390	
2233	
6550	
13410	
7903	
9512	
10049	
3038	
8170	
14921	
14670	
8814	
9053	
3037	
6866	
14518	
13277	
7019	
9189	
7543	
5192	
13211	
368	
13605	
12147	
8933	
7829	
11313	
2651	
9351	
5531	
28	
7821	
11376	
10987	
4416	
14571	
3914	
12337	
10988	
2769	
13546	
14079	
8099	
1356	
2361	
4510	
9928	
9159	
9197	
12525	
12466	
7479	
6648	
12938	
2008	
11877	
2784	
161	
5655	
4721	
10057	
10695	
12761	
8013	
8098	
10837	
2385	
942	
9326	
9651	
14977	
2202	
10788	
1090	
5787	
7937	
9785	
11079	
3394	
10899	
4906	
7043	
10723	
3521	
13184	
10605	
12316	
11336	
11195	
8772	
5735	
1152	
13400	
7311	
7949	
4501	
7829	
10667	
10784	
3913	
14736	
8621	
8618	
6873	
9794	
11777	
5390	
1453	
9439	
13718	
1717	
836	
3470	
11515	
9991	
2410	
3110	
4667	
5518	
10607	
1214	
12184	
10906	
6193	
7801	
19	
3652	
3628	
14024	
11033	
10256	
14138	
6787	
12159	
9738	
11693	
12636	
1330	
8836	
2101	
3102	
5669	
14691	
13108	
14597	
4664	
1977	
6434	
3621	
3425	
10647	
9669	
1717	
836	
14495	
9172	
6066	
5436	
13331	
5196	
13763	
1657	
5275	
1570	
10723	
11486	
10605	
7345	
3650	
670	
8696	
10138	
3177	
14925	
2585	
8612	
4101	
13731	
2550	
6167	
8085	
3870	
12424	
8008	
11349	
14187	
11883	
7363	
1082	
14921	
7128	
5379	
8390	
6954	
8859	
2913	
7960	
607	
10451	
3328	
7418	
10797	
9294	
7899	
1290	
3118	
12188	
6758	
7422	
3075	
3092	
12063	
8977	
4047	
14322	
2060	
7987	
3	
5987	
14018	
12739	
67	
1772	
13485	
13276	
2515	
3824	
9503	
14840	
12949	
4274	
9781	
10984	
29	
3252	
2318	
7574	
13979	
8942	
7125	
6731	
14249	
1234	
9162	
13498	
4017	
8738	
6838	
9494	
13995	
8698	
11877	
10348	
14476	
5663	
12367	
1247	
9502	
11077	
6655	
11970	
4012	
11669	
2737	
9065	
10359	
14711	
11025	
14482	
7446	
6404	
989	
1436	
11773	
5577	
12314	
13653	
10829	
8303	
9089	
7088	
12526	
1357	
6331	
3733	
6099	
6967	
12960	
13708	
14684	
11259	
2092	
3812	
9711	
2948	
14148	
10035	
10809	
8231	
3101	
14936	
964	
8633	
436	
2132	
6437	
6417	
6077	
7025	
5809	
1700	
1545	
9555	
6446	
12502	
926	
9962	
10973	
10587	
8652	
486	
4551	
10551	
3592	
8671	
898	
14437	
7340	
7179	
5895	
7673	
10281	
11923	
6501	
3318	
12744	
4839	
6351	
9002	
11808	
14232	
9595	
1475	
2041	
11081	
5683	
9636	
14854	
8370	
8895	
7074	
14898	
8901	
14303	
8392	
10684	
1984	
1899	
3744	
14496	
13400	
5184	
3066	
8392	
4168	
12123	
4317	
4851	
8359	
5410	
9183	
9941	
3472	
4719	
1530	
10645	
5931	
13030	
14049	
2438	
7216	
7029	
9819	
7695	
948	
181	
14496	
3068	
10071	
13410	
11945	
1641	
7125	
13997	
11163	
615	
258	
4053	
5172	
12744	
13683	
4037	
9281	
4019	
2315	
933	
7183	
5133	
14243	
4727	
11490	
12834	
12460	
8818	
13954	
10713	
11486	
3773	
3824	
9503	
12758	
7219	
3944	
2991	
13132	
11795	
12860	
8752	
7354	
14770	
4568	
7269	
7676	
5258	
5627	
4624	
5577	
252	
12054	
3137	
4606	
11892	
14568	
1968	
10689	
13934	
5365	
6489	
3046	
3812	
5820	
3037	
6879	
4653	
1339	
706	
10408	
12059	
11959	
1308	
9526	
10731	
13388	
5385	
9251	
5959	
11541	
13913	
3250	
9780	
6283	
14658	
13498	
3777	
152	
8959	
9628	
5350	
6915	
12298	
5163	
5692	
7289	
2770	
3426	
2010	
13567	
12331	
4609	
12123	
3400	
1243	
12450	
5904	
5365	
8984	
9611	
5025	
1093	
13678	
3601	
3978	
12866	
9972	
12904	
7670	
5351	
2276	
11451	
2906	
12620	
9439	
13718	
11656	
9230	
3036	
11351	
12845	
10732	
10556	
3181	
9796	
4943	
8942	
1537	
14838	
7488	
11461	
10078	
846	
10149	
10212	
9906	
3723	
11933	
4449	
1035	
4518	
5035	
1048	
14859	
8933	
4397	
10982	
12271	
13263	
1879	
1960	
6133	
2060	
14303	
8572	
8220	
5702	
8392	
11332	
11743	
9347	
2075	
2713	
10593	
707	
5310	
1057	
11408	
9089	
12571	
13113	
8168	
8303	
9065	
10359	
14711	
11025	
2970	
5049	
10561	
205	
5365	
3016	
6226	
1800	
8354	
7923	
6910	
13545	
461	
9017	
7846	
6159	
7244	
10312	
8418	
2450	
14696	
1157	
1358	
1737	
12717	
8171	
8069	
8818	
13954	
10713	
12112	
13592	
13530	
14685	
12102	
6936	
13243	
8378	
6950	
10902	
10182	
3786	
12573	
13134	
3102	
13213	
6153	
6853	
4373	
6213	
12449	
5658	
9008	
10873	
537	
409	
13611	
10131	
10934	
5358	
8330	
8219	
729	
12578	
1681	
4209	
9824	
12761	
2550	
1570	
3990	
8968	
7707	
10507	
745	
7392	
13048	
5860	
8511	
9365	
10835	
1163	
8948	
788	
14842	
6906	
2897	
6937	
3389	
9490	
319	
12663	
5382	
5102	
5617	
13757	
11885	
1201	
6561	
5746	
4491	
14067	
1888	
9471	
528	
4149	
2121	
14492	
14501	
12412	
2200	
8294	
6059	
4276	
5990	
6077	
11612	
12928	
1947	
11526	
7379	
12265	
12158	
13539	
12685	
4616	
6159	
7244	
5341	
11362	
5864	
4913	
7965	
11997	
8140	
4047	
14322	
13846	
4962	
670	
14994	
8010	
5486	
11815	
14850	
10725	
564	
3336	
11442	
13503	
8584	
7301	
5023	
1201	
5467	
14572	
9039	
8864	
16	
369	
1918	
12619	
12091	
4184	
1099	
9519	
14546	
6985	
9256	
7349	
277	
1382	
8809	
10475	
1545	
12472	
6882	
7268	
3711	
11754	
6017	
4016	
3714	
5066	
4651	
5884	
2922	
4618	
9017	
7846	
2746	
7899	
753	
13907	
13050	
10916	
962	
9258	
11900	
12480	
10649	
9912	
13410	
14383	
2683	
10148	
10764	
12328	
13715	
6511	
6810	
5302	
12290	
5197	
12442	
10801	
14029	
4729	
4543	
7906	
6770	
13019	
12065	
3769	
14527	
1811	
11550	
7270	
7607	
7459	
2985	
2425	
8509	
9370	
9757	
12587	
8142	
12388	
12134	
1751	
10052	
10852	
10385	
12424	
14956	
2401	
1425	
9204	
10749	
10246	
650	
8761	
3669	
11875	
6117	
6584	
7446	
2554	
5373	
7045	
8745	
12686	
5253	
5066	
14568	
5006	
1422	
2109	
13230	
5066	
11686	
9199	
14794	
6628	
12008	
8024	
8312	
11369	
10929	
4618	
12119	
8555	
11614	
9434	
14131	
11665	
14790	
8202	
2554	
14367	
4019	
5704	
10173	
3363	
874	
4854	
8644	
5451	
11752	
487	
3976	
9772	
3663	
2768	
3706	
6282	
8227	
9216	
789	
3151	
9389	
2094	
13821	
1008	
12440	
2068	
8151	
5953	
13091	
10114	
6351	
2076	
9577	
2897	
13696	
14050	
14312	
9015	
10580	
13259	
6163	
6451	
3081	
12100	
612	
9461	
4042	
8751	
14863	
2179	
10968	
7696	
4586	
13691	
11721	
14002	
7969	
1153	
5291	
14287	
12073	
785	
11047	
14200	
11062	
8712	
14908	
8354	
241	
1634	
3123	
3476	
5509	
11216	
9164	
8853	
12761	
5876	
7552	
11913	
3769	
10672	
12283	
13445	
5647	
51	
9101	
5138	
5706	
4580	
10431	
1205	
6906	
12479	
10805	
7884	
10089	
5049	
13850	
9881	
5505	
6735	
13567	
10933	
8151	
8504	
5020	
11558	
14393	
10090	
11143	
14071	
12530	
4327	
4064	
7374	
3428	
4652	
6031	
3950	
2396	
1090	
5787	
11450	
10583	
4556	
5309	
9610	
4727	
4146	
387	
3609	
8917	
766	
6446	
14180	
11161	
5810	
8622	
9649	
13859	
2325	
6695	
3306	
4461	
925	
12677	
1596	
14088	
5127	
3246	
6768	
4174	
4174	
11192	
7752	
3837	
4479	
1112	
1425	
13158	
9324	
614	
10860	
4937	
11253	
1197	
11789	
12501	
5219	
4437	
12610	
6146	
3782	
12928	
11301	
423	
9	
2651	
7006	
7113	
11329	
163	
3801	
7306	
6826	
9395	
12309	
3288	
11376	
7020	
3790	
2032	
1338	
14586	
2275	
908	
8200	
8578	
9402	
749	
13176	
7502	
1493	
5487	
1616	
2842	
4827	
14928	
12789	
11676	
12774	
10323	
76	
9689	
8024	
8312	
7912	
6014	
10716	
12075	
12428	
5928	
8331	
7228	
2202	
8771	
1235	
12411	
13978	
13064	
1812	
2459	
4974	
557	
861	
10738	
4650	
1182	
4951	
7670	
4284	
6342	
8164	
7066	
450	
13471	
1548	
399	
11140	
4746	
6989	
7094	
1204	
1936	
13067	
3258	
8393	
7630	
362	
8406	
14951	
10499	
8717	
8831	
6897	
4966	
5901	
4042	
5762	
7078	
1618	
11979	
989	
1436	
9806	
4503	
12923	
8310	
4933	
12364	
4731	
11047	
14200	
10837	
545	
7194	
4281	
6411	
11463	
11790	
13321	
10204	
1400	
5467	
4960	
12503	
4521	
9507	
5701	
9834	
13131	
12992	
11485	
11336	
11195	
236	
2751	
10597	
10209	
5693	
9810	
1506	
8621	
14715	
11259	
8607	
7019	
1248	
3009	
872	
2195	
14517	
5987	
8288	
11205	
1976	
5767	
5635	
7491	
6063	
5847	
8551	
1223	
1449	
13601	
1125	
3060	
13609	
9649	
6922	
6090	
11321	
7181	
11877	
5750	
797	
14698	
7765	
5562	
1462	
9450	
5113	
1769	
10375	
93	
1875	
9445	
43	
6865	
11725	
6585	
9008	
2116	
7465	
9074	
8325	
12962	
1545	
7305	
8418	
6784	
9056	
11124	
8385	
6289	
1178	
2891	
11306	
4377	
3214	
1446	
7657	
8652	
8481	
2196	
13699	
8038	
5908	
5348	
14103	
2503	
8320	
7125	
9101	
3498	
5655	
1411	
5912	
13194	
14698	
7765	
7183	
5133	
2243	
9454	
7215	
10252	
7660	
10697	
13533	
9812	
9857	
5015	
2743	
12143	
8104	
13646	
8314	
12953	
7912	
2296	
3161	
14303	
11536	
12754	
13147	
6343	
5161	
2865	
6059	
14736	
148	
9480	
10392	
14505	
4819	
14727	
6516	
5773	
12322	
8704	
189	
2048	
789	
3151	
7796	
740	
9081	
6617	
7987	
4473	
12061	
7348	
4225	
5204	
8439	
5877	
12220	
14280	
9242	
6165	
9569	
4652	
14771	
5129	
11093	
539	
12326	
7301	
14300	
11371	
5638	
202	
13846	
7540	
2475	
5241	
1161	
14171	
8606	
9941	
9599	
5195	
13146	
5811	
14513	
10530	
14147	
1051	
9541	
2723	
13526	
3122	
12291	
5155	
9520	
3952	
14029	
14049	
10632	
9351	
2639	
4609	
6979	
3990	
1820	
6383	
12309	
8548	
14255	
13821	
1008	
12440	
2361	
5318	
11658	
282	
10839	
8569	
8182	
8898	
2253	
5631	
2649	
14909	
3798	
4632	
3416	
9413	
9039	
8864	
7151	
2589	
4181	
4229	
420	
7268	
3711	
1731	
7268	
3711	
2320	
4239	
544	
816	
11883	
7363	
1082	
5809	
7387	
2986	
12821	
2844	
5439	
10151	
5841	
1454	
12638	
4148	
7567	
10373	
3747	
9651	
436	
3565	
1685	
14526	
7369	
7798	
7210	
3448	
14494	
11083	
9796	
12003	
10904	
1787	
11973	
9190	
4662	
2068	
8151	
13934	
7820	
11676	
8052	
3745	
7216	
12001	
14144	
14077	
11538	
10802	
427	
9895	
9351	
8446	
14966	
9909	
13965	
9619	
11546	
5973	
2633	
3252	
8568	
321	
7640	
3776	
7673	
2743	
13513	
1355	
2040	
10872	
7610	
3896	
6948	
14360	
1011	
4815	
1045	
14383	
454	
373	
14324	
11613	
14772	
10427	
2811	
8316	
8652	
14600	
4487	
132	
7262	
11816	
6793	
2056	
13387	
5737	
580	
3950	
2396	
12561	
5974	
1993	
731	
14680	
4072	
4547	
9391	
4276	
3625	
13802	
612	
9786	
11178	
8647	
1925	
7198	
7248	
3354	
12707	
4716	
10273	
8395	
14191	
6192	
8464	
8192	
14677	
5645	
12119	
8555	
729	
12716	
14597	
1353	
14662	
3845	
4628	
7847	
8635	
8081	
6681	
10051	
4132	
2200	
8294	
441	
13861	
2114	
2843	
12374	
2695	
7306	
14727	
6516	
5773	
12322	
3775	
3401	
3987	
7503	
10306	
10759	
1202	
