CUSTOMER.cid  CUSTOMER.sex  CUSTOMER.firstname  CUSTOMER.lastname  CUSTOMER.Address  
1	1	fysduktuvx	dnmzzfjwmu	reewhxkwegohanpyzmxyafaubf	
2	0	otzirbuysr	fahsufimcx	iufeybvilwzsptyxyeudppweur	
5	1	wqqmwtabxd	dglmaulhdd	ceofotrqdilavebpurqfpwovan	
6	1	sigauibelh	qtvyziciul	pzufsvjiuqvsjkssuwobzdurvk	
7	1	ovpffntvge	mqyoawqltn	nosmfpjyngoewjtcuymyyjhkku	
9	1	wtepxvmeli	bizbxlnfkm	kubncsiwqusubbsrbolntjlfiw	
13	0	iioqkrjpxy	ykejosbqyg	biniupagsvpzutcfolfxusfheo	
14	0	winwmcsxyq	cogkunpmbd	jandfevmxagvxgbyjfhplqguto	
15	0	onwnejousu	gdxgsfgnny	pdscwhacupjjecfrmsngcidgdp	
20	1	yvbpzushir	fbuvgzcolj	bdgqtasebuyngmqukwaqqjytqe	
23	1	fsbbfadivb	loaxsyzfix	xqwkkxoaqhtrvrnmtzpetcmmbg	
24	0	pqspfaucor	qytqlcfwri	eibhuhnhjnvxmymbkxsqkjnwsy	
25	0	csksvmnwab	dqtisdvnbv	jlomnuxseittnoikantxpvxexd	
26	1	xankesefyw	etjyaqcdtw	xfygsktpxabkargeooancjbtqp	
29	1	jgnqnpvdef	kjdbrlxjzk	qegrtqacltoqbrevnzwmtgnwhq	
31	1	awbouyfbxd	kdqkdxgnne	ykpkgweienhavdkgslvzlhkvvf	
33	1	ccxmyrmaqn	nttzigoalf	ukhbqcrntmdtoapvyumsffacvn	
34	0	cjsoyofvag	akmdojwkrf	oxufywrngrsrnnkasanmnsjndc	
35	1	epfmaorzcy	rngtyazvwu	xukbyqbxkwjvciuiddmspbupuw	
39	1	krgeqpqqnw	ixbtddslsl	ehyozkcjpygjkneusddnlsqcjs	
40	1	tgegxznuig	qdrchrqfyu	sxqgqazwelciitxjoxirzdqfdm	
41	0	xwgpboyviq	lnkkltpbwz	dvamtxotvywcfvnmomxsptocts	
47	0	eduqcufalk	hafxzxnpxy	portqhunoftusqzrvrwvpcofsy	
55	0	dkboozstko	hrgnwtilgt	dkrxoanpqkwcuuowjyuemqswbi	
57	0	ffxdflpepm	gtwpmyizkw	nmhxwiyhdllzekxntfbqzlbnrq	
59	1	rwedimkgii	bbjrztglqa	itiviriqpwglkgzcxxqjregaep	
60	1	gxionclrwz	yideburphm	zlvcdzewlisaghuefjcnfdnpme	
61	1	fgmbjlvznt	iotcmltetn	ekggrjcejzmevmtilmoagfqzeg	
62	0	tankdxnesv	ikudlkwlqn	ozwpozdctjviybjyjwxlyomyjz	
64	1	zbmxicshvk	etilxxkbll	opzfkyztspdaianumwgjabpfuk	
65	0	npntreshzw	mhfvjeabhf	fubrbyhpyqlumzgluhqgcnzzyu	
66	1	teglctasef	qcyegtflfw	sxgjsjvlpvguenuuxerlarftjl	
69	1	yqixicfkyv	bdijnozlfn	kzefwthoztbouwoftfamplpfor	
76	1	zziuvnwyzq	kdfxrayqfi	mectokrwzwyiahxzplwrrkarsn	
77	0	xnnghhlivc	vgbahogcdn	kyxjwwuvpekfonrgssmopsrxli	
79	0	xnytiwniwb	hiljtvrumr	jwsejooeevhvkablmowyxwbscb	
80	1	swvtcnehyw	dfasqfsquj	fwpuqdplfmqagzxxqdkqxwalph	
82	1	znzrpyfpje	dijfiblvdg	juupzuguqbuijxslzrbjhitujw	
84	1	afsnmrhsoa	jrcyqgcimh	tkyahrdmwicrasyrrxatckbmuf	
85	1	jyxeqovflp	bcbpkofbzw	iadvhfuwdycucrkalinhdbxghy	
87	1	apoiufkhjq	rmduajmgld	fbtsbmatkgjdoewgsfzkmnmtcv	
88	1	qxjhucccvi	ynuqbdrsxd	dvilayfjgtiphbywgbkjmyqsue	
90	1	rpfifdckor	mhgxborrhd	wvxvxewsixdnmgvfobamrdowwk	
91	1	kbjonqxgmc	slqmavwfps	xsbmdovvnrurbgljxsfkmnzrui	
93	1	fqexyctwls	efybjvgrvo	vfywuvdvkeimfvtronbjxacvfy	
96	1	kagoibevhc	npbcuytsgo	gyukieqvdtrgjhyifvculcpxrj	
102	1	kvqjalrheu	kajwemqcuu	lqsqfsdgxcyvoskhzevezzvwrx	
105	1	tsjnihwvav	cnbpjxkcrj	qqggiraifzxyntzxukohaylhir	
107	1	djghifsajd	kfthldbwsr	hkwvolgynrdnxeqmeyoqjrloam	
111	0	mucsdwqudo	qpqjzicwil	gaevxjgjalzowmkncagzsgulmq	
112	0	xbfevvanja	excvmkwyyz	vzeveonawawuxnbmrhukcfjmif	
114	1	adygpldkoi	jlqmbbjzez	wfoepejytjrctgpzgtqdokzcwm	
115	0	kxshwhwrwu	eoepwwebse	ncbwtveddofboptuujkvlzktnp	
117	1	dyxotqpuzs	svmxpgepgw	qckagqsjpveyriksspcofqzgwh	
118	1	jykymcchvb	nbxnzlvssm	jxxwegwsguwfxcbhcpcabvcxjg	
120	1	afrtqpelnt	evojunkset	rekbzzlnsvgfoykdyjnwpsuaky	
121	1	erfwpeouut	yuzoxtrfjf	dqlphkujiiaqfglpygmnoumonj	
123	0	atqiyglmpe	lajrhwvrfr	govmzerddhfxwbijzkmnbgcyjz	
126	0	bjopahfabp	afgnjvztaq	ezqagrqomxdrkkunjpxgzrvqfa	
127	1	glqsvtrwkq	limhsbnznb	wdsflhiymgtumgupephdhbgjyh	
128	1	azmauydxuk	ctxuhzszrv	kxdkrebdmbefelokxbvvlsqnoc	
129	1	khbmfvwbew	xyojfvynlv	argkcwyepvvcsijrhingqooedj	
130	1	ezrrbldjiy	ezhsqzecyw	rvixcsekjbfadwzzlnhfixztje	
131	0	dcgabkvzcp	hrurvyddtx	jtabtacwqcylqwtwhnswujuxnq	
132	1	bwqsaubbew	ovdkrxwowu	xlwixdnuvlfkoowblnojhaqwrk	
136	1	thuwghjtql	fhtjyjhwbw	piyrrxvrsgfzimedcazeejgtpl	
144	0	yvfraulmmr	ojwvrxjipn	hlupvygtkfckaxuymmfavefsea	
147	0	xhwhglcfgp	odnctelpxi	wlswvvoorgzysovskwshelgayw	
151	0	jvppryfcjk	crdawactcw	yvrnfrtlckxggpnkhtgzueqeuy	
152	1	duwkdvqocd	abcpgjvzxd	otzcduvobgxfjeiaxianrjunib	
153	0	uafsucmqkx	tjowhxwxvl	zndvfbahsqwljbspunqbrxtcbl	
154	0	kqlapkctym	qfekbcimcc	pruzepxmidhmkcxknusrlytpqc	
156	0	pffrbtjxzr	dufrjmiemg	cffjhopoqheikyuaumbttfozmo	
157	0	ifrxqmbwig	fkrazrszmd	pvpvqbxsukwdthocxoqkbaxqsn	
160	0	uuxzrwocfp	eantqvkajv	dfkdiqyofpavyvesqqnmbyzuns	
169	0	wwminkklhj	iinzizprgy	xihhqnzqlbrbkzjjowrxjlxlzi	
173	1	yabfejwwwi	rtevjfyvtz	mtqokgsujyzzxejopuxnpfredy	
174	1	xetkahkria	rnjyrraexe	bdwbzjqinnxginlwianiuktmav	
175	1	znrppwtciy	jpzrkwuxyf	ayvyzxggewkvaklygiqneijjzl	
176	0	mrxpwgoquj	xxfbkvrlgm	insvxwlukysfyifkiphhnriksi	
179	1	bjjykassem	wloxpfywpf	dsziwzqoppvphhpkoccxminfwb	
180	0	tltamgvfpp	rrsbaiupfa	cvdomxiyadkminfnrbtbqilldj	
181	0	yqcbqmrezx	wiphowbgzq	bzohczxqaifipckepuvozqizha	
185	0	csksvmnwab	dqtisdvnbv	jlomnuxseittnoikantxpvxexd	
188	0	dgtrpmzmcn	rqzaqlicpy	motjdggadstkfmpdfhogpcfdhj	
189	0	kouoxhwoaj	tuvuumryfi	rksrzbmifbiikghwaneraigxzl	
192	0	ndsquphbzd	smgmidrrak	wzthejyrfghnuvjudbpglfachz	
193	0	irbryepuco	oqlsklxrum	xabarnjtzpcclijwamclnluaog	
196	1	sgpqepvxpj	rpvfctmbhy	eynotoionawjnudtepyfvprmhm	
197	0	imwxavrsrs	eojovrizky	zwgrefbqhsvfxumoxequsqyvtx	
198	0	mzjqltegll	afeycjftyw	wmyavsnbdcrqmtgedqpozfocsq	
