CUSTOMER.cid  CUSTOMER.firstname  CUSTOMER.sex  CART.cartid  CART.status  
1	fysduktuvx	1	164	txuheznb	
2	otzirbuysr	0	143	pxcwlrwa	
2	otzirbuysr	0	188	orpfqjgy	
5	wqqmwtabxd	1	109	qvezeykx	
5	wqqmwtabxd	1	60	gqzkvxho	
6	sigauibelh	1	142	exeyuyct	
6	sigauibelh	1	148	alcivjlp	
7	ovpffntvge	1	110	nirywkcq	
7	ovpffntvge	1	52	tyfzorbg	
7	ovpffntvge	1	135	lzpwgwek	
7	ovpffntvge	1	37	zdbsrexo	
7	ovpffntvge	1	18	jdifgzah	
7	ovpffntvge	1	159	rfhzeaua	
9	wtepxvmeli	1	57	ouoqmifn	
13	iioqkrjpxy	0	156	vefzoskw	
14	winwmcsxyq	0	140	iptodcfi	
14	winwmcsxyq	0	113	twqknzmj	
14	winwmcsxyq	0	84	reyglbuy	
15	onwnejousu	0	88	fokymfkd	
16	fpyunjufqr	1	25	ndbrdexe	
16	fpyunjufqr	1	138	tadncurz	
20	yvbpzushir	1	117	skhrhzdo	
21	blefcnzwue	1	104	zotsmpov	
23	fsbbfadivb	1	9	hbxlnttl	
24	pqspfaucor	0	172	ukftuxot	
24	pqspfaucor	0	96	xyuypold	
25	csksvmnwab	0	123	lytnqiyq	
26	xankesefyw	1	50	skactywe	
26	xankesefyw	1	54	pmhcfcol	
29	jgnqnpvdef	1	78	xssgycpe	
29	jgnqnpvdef	1	179	bkoxtnzh	
31	awbouyfbxd	1	1	pyomqgyn	
33	ccxmyrmaqn	1	120	aejmordq	
33	ccxmyrmaqn	1	170	jlvuzpjs	
33	ccxmyrmaqn	1	0	ngbsywdi	
34	cjsoyofvag	0	72	pnavxgwb	
34	cjsoyofvag	0	181	nmmgvdnf	
35	epfmaorzcy	1	16	pmephktj	
35	epfmaorzcy	1	63	ohcrqhba	
36	qqailrkeho	1	153	giolucnj	
36	qqailrkeho	1	90	fvgpzofz	
37	rnpjuyjfcm	1	98	dirmefns	
39	krgeqpqqnw	1	116	wedxbzbr	
40	tgegxznuig	1	92	yqidusrb	
41	xwgpboyviq	0	70	wtksgusn	
44	sdtesmvedx	1	64	ijxkvfeb	
46	sapxygwqqf	1	53	umfojgjh	
47	eduqcufalk	0	178	ddmobnxn	
47	eduqcufalk	0	144	oxuwywcp	
48	cgbeodtygh	0	33	kxrnegea	
48	cgbeodtygh	0	55	rtxtnxbi	
52	rlsuwhxdbh	0	73	andrrsku	
53	grdaugyzjf	1	131	yyzcmjsz	
55	dkboozstko	0	127	ntcfehlh	
56	dbzhrxqwjh	1	115	atsmnojs	
56	dbzhrxqwjh	1	77	euqkkfqw	
57	ffxdflpepm	0	66	mmfeemxk	
57	ffxdflpepm	0	141	jnklzxhl	
59	rwedimkgii	1	39	flgkfgcu	
59	rwedimkgii	1	175	zivikupm	
60	gxionclrwz	1	155	yujxkrqp	
60	gxionclrwz	1	76	cuipatci	
60	gxionclrwz	1	187	grmgwoka	
61	fgmbjlvznt	1	134	wmcmktcm	
62	tankdxnesv	0	162	blcojgdu	
63	vthoznlrfk	1	28	xbjdazfl	
64	zbmxicshvk	1	71	ktvqlhjb	
64	zbmxicshvk	1	62	dgzodayf	
64	zbmxicshvk	1	147	rvjvhypw	
65	npntreshzw	0	80	uyevwtpf	
66	teglctasef	1	20	jsqteitn	
69	yqixicfkyv	1	128	ebhrneiv	
70	tixhgckczt	0	130	jqnrbyag	
71	rybqewaazf	0	105	yefzajgq	
71	rybqewaazf	0	99	lsafpdzf	
73	cfergqfdab	1	149	qhghsklx	
76	zziuvnwyzq	1	184	ahvulivp	
76	zziuvnwyzq	1	118	kwmjgokp	
77	xnnghhlivc	0	152	jrlsqbkv	
78	mxnjyhsjyn	1	13	pmcuhqkd	
79	xnytiwniwb	0	85	sqiphkkf	
79	xnytiwniwb	0	161	cqvqfchj	
80	swvtcnehyw	1	137	zoyricvx	
82	znzrpyfpje	1	150	graofatk	
84	afsnmrhsoa	1	49	quldlnpw	
85	jyxeqovflp	1	93	gdakgemq	
85	jyxeqovflp	1	160	kshzblef	
85	jyxeqovflp	1	69	fscjsuhe	
87	apoiufkhjq	1	199	muhgalpw	
88	qxjhucccvi	1	146	kwoynoxy	
88	qxjhucccvi	1	34	qvvoykgc	
90	rpfifdckor	1	183	eijbwmlz	
91	kbjonqxgmc	1	31	rvkashta	
93	fqexyctwls	1	119	gjgbkumh	
93	fqexyctwls	1	129	rzxyjiey	
93	fqexyctwls	1	121	tyodbsou	
96	kagoibevhc	1	48	ofmbdlov	
101	tbvibrkwfj	1	154	mrensvts	
101	tbvibrkwfj	1	38	yyazonnh	
102	kvqjalrheu	1	191	kjmlidtr	
104	tstmwotppk	1	32	qklnqezi	
105	tsjnihwvav	1	42	gwdcwfdg	
107	djghifsajd	1	79	xatwemkv	
107	djghifsajd	1	169	ohzobtzg	
108	dyajkiolmz	1	97	xjshwfeg	
111	mucsdwqudo	0	21	kbqxmudc	
112	xbfevvanja	0	27	iqxcpcvi	
112	xbfevvanja	0	168	oauduwwa	
112	xbfevvanja	0	87	jizwumgv	
113	zhpqoqbown	0	180	ssepcosu	
114	adygpldkoi	1	190	mceoaove	
115	kxshwhwrwu	0	75	vwjmavon	
115	kxshwhwrwu	0	40	jcbilatz	
115	kxshwhwrwu	0	151	fmxvhpaq	
115	kxshwhwrwu	0	45	vimqgujt	
117	dyxotqpuzs	1	174	epwknoqu	
118	jykymcchvb	1	185	bqncvbti	
118	jykymcchvb	1	51	jvcalwwy	
119	xsgidybwir	0	43	gsdcppuj	
120	afrtqpelnt	1	102	dklnihag	
120	afrtqpelnt	1	158	cyrkndmk	
121	erfwpeouut	1	7	xeukuzzu	
123	atqiyglmpe	0	3	lzxrklxb	
124	rbouhnbvaw	0	189	uodrncnn	
124	rbouhnbvaw	0	94	fodzjbam	
126	bjopahfabp	0	108	ulzdrnwa	
126	bjopahfabp	0	29	wkpnsoij	
126	bjopahfabp	0	192	dmcehzfn	
126	bjopahfabp	0	173	qtvhnhoi	
127	glqsvtrwkq	1	46	vxwztsjy	
128	azmauydxuk	1	167	vqtdchgk	
129	khbmfvwbew	1	125	qmesjwfn	
130	ezrrbldjiy	1	186	mcxzcqho	
131	dcgabkvzcp	0	163	qmocjzhg	
131	dcgabkvzcp	0	101	olhteuod	
132	bwqsaubbew	1	176	rduvbeaz	
132	bwqsaubbew	1	2	lwhqawxj	
133	jqararyrik	1	171	ctddunii	
134	ccalekuvwp	1	139	kgtwvkpd	
135	cxoblurhua	0	24	drrsegif	
135	cxoblurhua	0	195	dzjfldti	
136	thuwghjtql	1	58	kcdisuws	
136	thuwghjtql	1	14	xgtacpeg	
136	thuwghjtql	1	56	hwqquqxh	
136	thuwghjtql	1	74	efbyemfd	
137	qoppeocall	1	82	zgzdahuk	
137	qoppeocall	1	126	torpuect	
138	egmhmgzftq	0	26	snjnsixt	
141	kcixzoqmzv	1	61	gxzizpyq	
141	kcixzoqmzv	1	145	ibplpugy	
143	mzznsyyrbb	0	22	mvkxcqsi	
143	mzznsyyrbb	0	23	vztqgeai	
144	yvfraulmmr	0	81	uxuuuepn	
144	yvfraulmmr	0	68	swrtmbes	
145	poculfkjby	0	124	cznzlaep	
147	xhwhglcfgp	0	47	tlgeibxr	
148	dtoaaososb	1	89	gsbijxqs	
149	iduybfjxhh	0	4	vcdfjbiq	
149	iduybfjxhh	0	8	vitkntsv	
150	lnzdzjjwrl	1	10	afnvdaxx	
151	jvppryfcjk	0	5	jzrovwir	
151	jvppryfcjk	0	193	ubrfpuyx	
152	duwkdvqocd	1	35	puxahvnz	
153	uafsucmqkx	0	194	ybwwaaei	
153	uafsucmqkx	0	30	fekrbhtt	
154	kqlapkctym	0	19	zyvdbkda	
155	gaspgzabuq	1	132	vewjvmeb	
155	gaspgzabuq	1	103	qtijjnnc	
156	pffrbtjxzr	0	83	sqrdtyaf	
156	pffrbtjxzr	0	107	tlvjolil	
157	ifrxqmbwig	0	106	rqhkixhm	
157	ifrxqmbwig	0	67	obivbixv	
158	owfpefjten	0	111	gpursjni	
160	uuxzrwocfp	0	157	znlpymee	
162	ugnbnnocec	0	44	snybbruk	
166	srdzfgaugu	0	11	mlotuklu	
166	srdzfgaugu	0	17	pwenxmsy	
169	wwminkklhj	0	91	pxmvbkgg	
169	wwminkklhj	0	165	oeygexwg	
169	wwminkklhj	0	6	veiwbczm	
173	yabfejwwwi	1	65	mmosndrf	
174	xetkahkria	1	133	rtqfaexf	
175	znrppwtciy	1	12	kdyouybc	
175	znrppwtciy	1	122	qrcialex	
176	mrxpwgoquj	0	198	migajrba	
179	bjjykassem	1	59	lmizvttd	
180	tltamgvfpp	0	100	elsrhvbn	
181	yqcbqmrezx	0	197	tbcwrgdi	
181	yqcbqmrezx	0	86	skbglavg	
185	csksvmnwab	0	36	knomuakc	
188	dgtrpmzmcn	0	95	urkxjcof	
189	kouoxhwoaj	0	182	lgqbnmfl	
192	ndsquphbzd	0	136	vzrdyoya	
192	ndsquphbzd	0	114	ynltjxpo	
192	ndsquphbzd	0	196	hazslwua	
193	irbryepuco	0	112	asawzblt	
196	sgpqepvxpj	1	15	gzfnaewz	
197	imwxavrsrs	0	41	pstthevd	
197	imwxavrsrs	0	177	tnuhmpjy	
198	mzjqltegll	0	166	qmrdfqvw	
