CUSTOMER.cid  CUSTOMER.sex  CUSTOMER.firstname  CUSTOMER.lastname  CUSTOMER.Address  CART.cartid  CART.cid  CART.status  CART.remarks  CARTDETAILS.iid  CARTDETAILS.cartid  CARTDETAILS.qty  CARTDETAILS.remarks  BILL.billid  BILL.iid  BILL.amount  BILL.remarks  
33	1	ccxmyrmaqn	nttzigoalf	ukhbqcrntmdtoapvyumsffacvn	0	33	ngbsywdi	xhxencxcoqwaqbrdtcrryqhnmgoierpwkslsud	88	0	33	crekrefcmmdwsvizskkqsfxsrgeoeyridmkxabmgjtgx	121	88	1607	bmvqiisalrxkqggrdxpxijixxugsmqfjzcowjsxlwiuh	
33	1	ccxmyrmaqn	nttzigoalf	ukhbqcrntmdtoapvyumsffacvn	0	33	ngbsywdi	xhxencxcoqwaqbrdtcrryqhnmgoierpwkslsud	88	0	33	crekrefcmmdwsvizskkqsfxsrgeoeyridmkxabmgjtgx	159	88	15	zglrbnyckzjlxyctximwfgajpjhhuaajomxvrubzervt	
33	1	ccxmyrmaqn	nttzigoalf	ukhbqcrntmdtoapvyumsffacvn	0	33	ngbsywdi	xhxencxcoqwaqbrdtcrryqhnmgoierpwkslsud	88	0	33	crekrefcmmdwsvizskkqsfxsrgeoeyridmkxabmgjtgx	184	88	2379	oeyefcyneygqpjuvtiupespkrejbpjgjuxpzctcouhmx	
31	1	awbouyfbxd	kdqkdxgnne	ykpkgweienhavdkgslvzlhkvvf	1	31	pyomqgyn	fjdtukvmgokjdvmnpreylcsvtvffnlbcavgvec	175	1	20	jxrjvicfsfewtqkrgdssorbylsfmnemnyliipeajtnsf	138	175	1002	vdkpjwsclejokbkjcdpyihcniygxtcaqlfxtyjzgaqvj	
31	1	awbouyfbxd	kdqkdxgnne	ykpkgweienhavdkgslvzlhkvvf	1	31	pyomqgyn	fjdtukvmgokjdvmnpreylcsvtvffnlbcavgvec	175	1	20	jxrjvicfsfewtqkrgdssorbylsfmnemnyliipeajtnsf	37	175	2268	dpzuwzbntltjxtgzrkmvbufendekvjwlhxqpgizyfmnw	
31	1	awbouyfbxd	kdqkdxgnne	ykpkgweienhavdkgslvzlhkvvf	1	31	pyomqgyn	fjdtukvmgokjdvmnpreylcsvtvffnlbcavgvec	175	1	20	jxrjvicfsfewtqkrgdssorbylsfmnemnyliipeajtnsf	54	175	222	ppwyofejbhewhskcrmiajuwzipvcnmlljkvvkksmgqwk	
132	1	bwqsaubbew	ovdkrxwowu	xlwixdnuvlfkoowblnojhaqwrk	2	132	lwhqawxj	kkowxsvwnnqomreoxfgbswmyhlyprttsunacwk	193	2	47	zgurfkfcjnoatpfklbvwlpofawlesvkgziikgajocphv	143	193	1594	rtveomknsuuqoixwtqlwqzvnunbcruxfbxqiikyiqdml	
132	1	bwqsaubbew	ovdkrxwowu	xlwixdnuvlfkoowblnojhaqwrk	2	132	lwhqawxj	kkowxsvwnnqomreoxfgbswmyhlyprttsunacwk	193	2	47	zgurfkfcjnoatpfklbvwlpofawlesvkgziikgajocphv	83	193	1370	xahlhtcmbgzmhvbjiohvszimdwwkuafeqifiwemcywyl	
123	0	atqiyglmpe	lajrhwvrfr	govmzerddhfxwbijzkmnbgcyjz	3	123	lzxrklxb	xaoppvpjjojznwcffevzfnkappdbroewuhxmcp	68	3	23	reuzzeonqfnyerizkosqdlqormayizbgdvzoryzodjtc	185	68	2317	cdxyfmqzvmeeyblupsehpzkceltrmhtymihyspepolna	
123	0	atqiyglmpe	lajrhwvrfr	govmzerddhfxwbijzkmnbgcyjz	3	123	lzxrklxb	xaoppvpjjojznwcffevzfnkappdbroewuhxmcp	68	3	23	reuzzeonqfnyerizkosqdlqormayizbgdvzoryzodjtc	155	68	2422	iolfjybtnyspbmaagkfavjatfgxlsfuqsmfxzvlbzqyo	
123	0	atqiyglmpe	lajrhwvrfr	govmzerddhfxwbijzkmnbgcyjz	3	123	lzxrklxb	xaoppvpjjojznwcffevzfnkappdbroewuhxmcp	147	3	25	pkjeoerckwacdeltkwtculwtbtaqcrrxqjeqfgjektjh	17	147	1296	fypjwwttscyrlcyrlqbipmidnonzieqblqhykhsdgrtj	
123	0	atqiyglmpe	lajrhwvrfr	govmzerddhfxwbijzkmnbgcyjz	3	123	lzxrklxb	xaoppvpjjojznwcffevzfnkappdbroewuhxmcp	184	3	10	djcyqaebbmlhrsoiimxddvezxjpppmymdaytrgnwrjmv	0	184	1009	dlzhwpdhwrhdjbvdgzljvteasyqjvlzwsyxkqebcvcld	
151	0	jvppryfcjk	crdawactcw	yvrnfrtlckxggpnkhtgzueqeuy	5	151	jzrovwir	tvfhotnezcmckdcgrwnyukwingghvcztendjnc	135	5	26	wxikamhkuamlmskpexgtmumyignknuxfnndxvadpztze	18	135	626	faqqodtyyleieknxigyiqzvxakedkstwqabhsqnuabcn	
121	1	erfwpeouut	yuzoxtrfjf	dqlphkujiiaqfglpygmnoumonj	7	121	xeukuzzu	gjdtwzcflqlpwybndekzpanvjqoivyndornywl	108	7	29	jnmoldxrofkqlxnmdqjhuxrzgbfvwdyveziozdejppbi	145	108	447	luesecpurgsihvsopqnfgfzgdlkhgmkhofhjsahiikvx	
121	1	erfwpeouut	yuzoxtrfjf	dqlphkujiiaqfglpygmnoumonj	7	121	xeukuzzu	gjdtwzcflqlpwybndekzpanvjqoivyndornywl	166	7	1	nvzdphhojbguxwzmuwjtptcudapkhuomsjhdcnkppdjf	65	166	2315	yxrfluvzjframuwwftsllricuhnxfkfwmoopriemmkpe	
23	1	fsbbfadivb	loaxsyzfix	xqwkkxoaqhtrvrnmtzpetcmmbg	9	23	hbxlnttl	egnzsirddfrthhctbxaiyuzmtpvfdltpubtjkn	102	9	5	ssjcdwhtosttpkangfuhrheitnxfcqyyhlyismaexudm	154	102	1470	cdgwinciyzuvvmstcqmskmzunszbwtamiyopwlralrfc	
196	1	sgpqepvxpj	rpvfctmbhy	eynotoionawjnudtepyfvprmhm	15	196	gzfnaewz	phnjvnaesexxskmwtblotoffrfklblpeexzrts	196	15	41	gbwmsgvduosllkpvwfcvgznjagzldwvblcreszqjceak	89	196	2079	mlounncmzxbsyfvcabdpswqlhymjgvehziubgkrevytm	
35	1	epfmaorzcy	rngtyazvwu	xukbyqbxkwjvciuiddmspbupuw	16	35	pmephktj	uiithpbvolreewebwpdgunrrqjgwjfafuzoysg	34	16	40	fpjatsdppfcmfbenwwakamxusuoiojqbozuztbqgthxa	173	34	2310	aqgbgwspqypybqfovmpfswhteffefglolkljhnzbhvrd	
35	1	epfmaorzcy	rngtyazvwu	xukbyqbxkwjvciuiddmspbupuw	16	35	pmephktj	uiithpbvolreewebwpdgunrrqjgwjfafuzoysg	34	16	40	fpjatsdppfcmfbenwwakamxusuoiojqbozuztbqgthxa	4	34	841	ueraskpuceymxcvjjcsnvbsnydtzabjdqmgmeiyuyhhr	
35	1	epfmaorzcy	rngtyazvwu	xukbyqbxkwjvciuiddmspbupuw	16	35	pmephktj	uiithpbvolreewebwpdgunrrqjgwjfafuzoysg	118	16	22	dlvtjlyuxclglhpoymryahjmqblvfkziupwoinhbdsfb	115	118	132	gikoxawfgvqfpovayikhnwrepbfxtsjdwjsmhxmpewjx	
7	1	ovpffntvge	mqyoawqltn	nosmfpjyngoewjtcuymyyjhkku	18	7	jdifgzah	yrwttwotzaktzknfqyjbwqububgubfljvwciza	191	18	19	njrbjgbscaxwzalfdgwwilazjqgqlyhyxcwemmkijfke	163	191	1462	dqfyitbpxdimxsrtcnlsrsacyyylaoeolxylokbtdcbl	
7	1	ovpffntvge	mqyoawqltn	nosmfpjyngoewjtcuymyyjhkku	18	7	jdifgzah	yrwttwotzaktzknfqyjbwqububgubfljvwciza	191	18	19	njrbjgbscaxwzalfdgwwilazjqgqlyhyxcwemmkijfke	99	191	615	nodgcazfrvvqfkismmsfvukxinebrpaeweyzcaelyaqc	
7	1	ovpffntvge	mqyoawqltn	nosmfpjyngoewjtcuymyyjhkku	18	7	jdifgzah	yrwttwotzaktzknfqyjbwqububgubfljvwciza	191	18	19	njrbjgbscaxwzalfdgwwilazjqgqlyhyxcwemmkijfke	170	191	2395	irnvdyymzcfsslvfrnzamtzmwhwbthxlhmdueutkapil	
7	1	ovpffntvge	mqyoawqltn	nosmfpjyngoewjtcuymyyjhkku	18	7	jdifgzah	yrwttwotzaktzknfqyjbwqububgubfljvwciza	191	18	19	njrbjgbscaxwzalfdgwwilazjqgqlyhyxcwemmkijfke	190	191	1784	tfluoigmoaqsmprpcgorkzwwqovypxlslusuvktehisp	
111	0	mucsdwqudo	qpqjzicwil	gaevxjgjalzowmkncagzsgulmq	21	111	kbqxmudc	sxtlrbptryrpqgvsbqmfywxolouxisbgrznwhy	136	21	4	xszicsiojbgcgnwdkgdwnqhqllgurwrrepbwwrzyzlbg	196	136	1341	dasqatjzooyplrcmdvpthdodmcuhpxmcscyysptyuefd	
111	0	mucsdwqudo	qpqjzicwil	gaevxjgjalzowmkncagzsgulmq	21	111	kbqxmudc	sxtlrbptryrpqgvsbqmfywxolouxisbgrznwhy	136	21	4	xszicsiojbgcgnwdkgdwnqhqllgurwrrepbwwrzyzlbg	16	136	1224	swnlhviwarwmliqjrdrhyreojptqnoqiwnvtzknallss	
112	0	xbfevvanja	excvmkwyyz	vzeveonawawuxnbmrhukcfjmif	27	112	iqxcpcvi	jpaaxrmrmrjxilvnzwbzckzxqqebmmluqstxbr	119	27	11	jxorguqvrfsxmhsrmclfztxosfqpgcawlnrmwqchwemi	166	119	1933	pmzojfnqnquulidkjrrrobkytlnrncpnlgdhedjmzbag	
91	1	kbjonqxgmc	slqmavwfps	xsbmdovvnrurbgljxsfkmnzrui	31	91	rvkashta	xwbmdcallliueilgsnkbamfgzwzjydolrqizpr	9	31	37	wfefhnyemdslbsabrlstobwfkrhuccgxhsrfzvwerfks	43	9	2132	tthnvzrfmihplfqlzutcrbeqmnecdhzylkmbadibwwxk	
91	1	kbjonqxgmc	slqmavwfps	xsbmdovvnrurbgljxsfkmnzrui	31	91	rvkashta	xwbmdcallliueilgsnkbamfgzwzjydolrqizpr	9	31	37	wfefhnyemdslbsabrlstobwfkrhuccgxhsrfzvwerfks	20	9	1013	qflznpgtizxixkqyzhblvyusbsarlioptgnbjeahcazc	
88	1	qxjhucccvi	ynuqbdrsxd	dvilayfjgtiphbywgbkjmyqsue	34	88	qvvoykgc	owtebwaxexotdqlbdsdzspbqjjoivzeejxpgxu	55	34	36	pdunhlhrymrnvidhelosawntkbvnfcrfrxnxownsqdqd	62	55	2318	adxrgrycsprokecjvorpxgjhrrpuryurgefcquetyeui	
88	1	qxjhucccvi	ynuqbdrsxd	dvilayfjgtiphbywgbkjmyqsue	34	88	qvvoykgc	owtebwaxexotdqlbdsdzspbqjjoivzeejxpgxu	55	34	36	pdunhlhrymrnvidhelosawntkbvnfcrfrxnxownsqdqd	29	55	494	eahnrrijlrylmymaljnfvxrfhrzjqwpzwyyiqbrmxyzv	
88	1	qxjhucccvi	ynuqbdrsxd	dvilayfjgtiphbywgbkjmyqsue	34	88	qvvoykgc	owtebwaxexotdqlbdsdzspbqjjoivzeejxpgxu	114	34	4	ljigufuavnoccmkpkwdbbtbxaktnmiirzwiswhbhllmj	151	114	100	qyrvsmiwolowkoihexunwfsmcwbrylpjjattqaxgqfvr	
185	0	csksvmnwab	dqtisdvnbv	jlomnuxseittnoikantxpvxexd	36	185	knomuakc	psesmvbfulrkiohcbdkbmapwozwyydorhaedrc	104	36	28	nxzjaovylbsgnojxomvnzvvdbrxvlgwlvlyvnromzycf	53	104	864	nffcsgphoeegbgxpyhvpavfdwzrbftaypbwpoaawoyvr	
59	1	rwedimkgii	bbjrztglqa	itiviriqpwglkgzcxxqjregaep	39	59	flgkfgcu	rjglffjcadfdfadqdkuaixcajiagfsdaaiuodi	107	39	4	fhqruhwnljqimpbxtgzabnzapextcfbrbgwbfaunvlkk	176	107	99	oufroopbwbnbqfiitdkbetndmwrlxwbcdohjkimljeeo	
59	1	rwedimkgii	bbjrztglqa	itiviriqpwglkgzcxxqjregaep	39	59	flgkfgcu	rjglffjcadfdfadqdkuaixcajiagfsdaaiuodi	107	39	4	fhqruhwnljqimpbxtgzabnzapextcfbrbgwbfaunvlkk	134	107	489	efivntjesywhghlsnlsrcgyzeebztzxxqjtsfadjkapw	
115	0	kxshwhwrwu	eoepwwebse	ncbwtveddofboptuujkvlzktnp	40	115	jcbilatz	nqntcownorrusgxcucytlmkgikpkavzdwpxggs	132	40	25	zckibdvyijwilozigvclgbguvidqltglvmqkfklpqtuy	144	132	718	kyqwneouxhgkyllcgopoyfdwusmdfeopiumwfpgtmjqj	
115	0	kxshwhwrwu	eoepwwebse	ncbwtveddofboptuujkvlzktnp	40	115	jcbilatz	nqntcownorrusgxcucytlmkgikpkavzdwpxggs	132	40	25	zckibdvyijwilozigvclgbguvidqltglvmqkfklpqtuy	161	132	2328	picvxfzlblisiqwhdgrmsdtdmzgxokdvdwkzgbbdwfoj	
197	0	imwxavrsrs	eojovrizky	zwgrefbqhsvfxumoxequsqyvtx	41	197	pstthevd	ohunlqxturbwnufmbgnhtxkaubcrysuwvwjrfd	70	41	21	hiukxabsphchijpppxdknodhbzqjcbvsjrughukdevis	148	70	1173	ncfihejjaplwidbzxtgcrzzaowjujtpcjisnmmkgotib	
197	0	imwxavrsrs	eojovrizky	zwgrefbqhsvfxumoxequsqyvtx	41	197	pstthevd	ohunlqxturbwnufmbgnhtxkaubcrysuwvwjrfd	75	41	5	nofpxzudmbljqxlnikdtjbpegqjypmmxaqsibycroghs	70	75	1527	tuxlprctcpqvxjrmdtiwkwderzvdebnferzcsxfmgauz	
197	0	imwxavrsrs	eojovrizky	zwgrefbqhsvfxumoxequsqyvtx	41	197	pstthevd	ohunlqxturbwnufmbgnhtxkaubcrysuwvwjrfd	75	41	5	nofpxzudmbljqxlnikdtjbpegqjypmmxaqsibycroghs	25	75	793	hmprxkarihrcjauanhpwxpksximvpqqjlwtdcyafgnoq	
197	0	imwxavrsrs	eojovrizky	zwgrefbqhsvfxumoxequsqyvtx	41	197	pstthevd	ohunlqxturbwnufmbgnhtxkaubcrysuwvwjrfd	124	41	44	ributsjzgeubjvuzioswbqqerrlzwnbpehueykrfpxgo	82	124	344	pntgvsmbbbzjkjbrlffatonbhovzcdzzbdfkmfinpuky	
197	0	imwxavrsrs	eojovrizky	zwgrefbqhsvfxumoxequsqyvtx	41	197	pstthevd	ohunlqxturbwnufmbgnhtxkaubcrysuwvwjrfd	124	41	44	ributsjzgeubjvuzioswbqqerrlzwnbpehueykrfpxgo	15	124	737	qlcrwwdhcbdphgwxinidpoxeivdwvzgakwbcubmlgnqx	
105	1	tsjnihwvav	cnbpjxkcrj	qqggiraifzxyntzxukohaylhir	42	105	gwdcwfdg	fxsisqgxxrmsliojfgttiwfqvszkechppvyqau	10	42	24	dwtxvcrrmrpfjyrzurmhdplziaymalhdegfneodytqzo	197	10	584	yrgkzbsouelcpehapbeivhacdaesfuhsisuicflxrjxt	
105	1	tsjnihwvav	cnbpjxkcrj	qqggiraifzxyntzxukohaylhir	42	105	gwdcwfdg	fxsisqgxxrmsliojfgttiwfqvszkechppvyqau	31	42	24	cmvxvrfdtirezfdwztyztdpakaktyomiqbqmqhpaltzl	117	31	789	eepntsvgkbplynqxewjuzpljcyzvsxkswbinnojcjzbr	
105	1	tsjnihwvav	cnbpjxkcrj	qqggiraifzxyntzxukohaylhir	42	105	gwdcwfdg	fxsisqgxxrmsliojfgttiwfqvszkechppvyqau	31	42	24	cmvxvrfdtirezfdwztyztdpakaktyomiqbqmqhpaltzl	60	31	316	rnfsopmfcxcvjslpazmssmjdslttfyhruknxjgcerbrh	
105	1	tsjnihwvav	cnbpjxkcrj	qqggiraifzxyntzxukohaylhir	42	105	gwdcwfdg	fxsisqgxxrmsliojfgttiwfqvszkechppvyqau	86	42	6	tpshumuxdlvmcgydiddhqueeydcnnjjjxiyrhmzsjmmq	187	86	1234	teqxcqvzqtjrsmyqlvoxqgwrubfbsjmcqnabqbtlpyhq	
105	1	tsjnihwvav	cnbpjxkcrj	qqggiraifzxyntzxukohaylhir	42	105	gwdcwfdg	fxsisqgxxrmsliojfgttiwfqvszkechppvyqau	86	42	6	tpshumuxdlvmcgydiddhqueeydcnnjjjxiyrhmzsjmmq	27	86	1774	smdyzauxlfxustgizywcpieawdoluflimocjvqdrroya	
127	1	glqsvtrwkq	limhsbnznb	wdsflhiymgtumgupephdhbgjyh	46	127	vxwztsjy	bspbrmvnsbqvqrmwkfqplrohpdjguvywqrydds	69	46	6	muccyviyeftgtybeicxfrnwqpjyaqyjvyramctcwjyuc	92	69	249	xhezykezekvbkfircdklbhpryretnghvfclrgiuctzmh	
127	1	glqsvtrwkq	limhsbnznb	wdsflhiymgtumgupephdhbgjyh	46	127	vxwztsjy	bspbrmvnsbqvqrmwkfqplrohpdjguvywqrydds	148	46	18	gfivufzwcuvzgecqxkfrcslaitghangdnzgnstkbxbgx	199	148	1181	vieniegklgqksakneiyaghzzhqflnmjmgbgqtgxvujyz	
96	1	kagoibevhc	npbcuytsgo	gyukieqvdtrgjhyifvculcpxrj	48	96	ofmbdlov	zmhxlaqmgvblahnglhfiaaanctfhqlostwkxpy	129	48	9	euovqdsfvdvmihkmkfhgglspsgifaztkhapsmpotoynr	131	129	959	qmyxiqldlrjfpsfzkaqfdwuzbqnezfaepmvuwwloqdkz	
96	1	kagoibevhc	npbcuytsgo	gyukieqvdtrgjhyifvculcpxrj	48	96	ofmbdlov	zmhxlaqmgvblahnglhfiaaanctfhqlostwkxpy	129	48	9	euovqdsfvdvmihkmkfhgglspsgifaztkhapsmpotoynr	109	129	122	pvepdjmxqaohaophodpbliueguegjqnbqcdlradegxhk	
96	1	kagoibevhc	npbcuytsgo	gyukieqvdtrgjhyifvculcpxrj	48	96	ofmbdlov	zmhxlaqmgvblahnglhfiaaanctfhqlostwkxpy	129	48	9	euovqdsfvdvmihkmkfhgglspsgifaztkhapsmpotoynr	58	129	323	acnhdowadixnnhcznqbznjicpoppsjnnclclxuwbxgdh	
96	1	kagoibevhc	npbcuytsgo	gyukieqvdtrgjhyifvculcpxrj	48	96	ofmbdlov	zmhxlaqmgvblahnglhfiaaanctfhqlostwkxpy	133	48	35	mszrvjoqncotixbzwgqvkxawtgxynzbzigzaqmqhqajh	36	133	1130	ixuckpgbphlkpmxqmdmfacmeohtodezzqqepwohicifi	
96	1	kagoibevhc	npbcuytsgo	gyukieqvdtrgjhyifvculcpxrj	48	96	ofmbdlov	zmhxlaqmgvblahnglhfiaaanctfhqlostwkxpy	133	48	35	mszrvjoqncotixbzwgqvkxawtgxynzbzigzaqmqhqajh	1	133	300	iuizehsuoebhxnsfucqcssvjtahzgsmarvgiacgjqmow	
118	1	jykymcchvb	nbxnzlvssm	jxxwegwsguwfxcbhcpcabvcxjg	51	118	jvcalwwy	gxicaftductxayxvnabmdtmyxrzfhremhrlrta	131	51	17	evxkrxeuwaqbodzpfmyjdxmrljgiioykuwcknhlimfms	153	131	1647	zskwxuxedivubfwkpboglielsngzwxbkmxbxoykbvfrw	
7	1	ovpffntvge	mqyoawqltn	nosmfpjyngoewjtcuymyyjhkku	52	7	tyfzorbg	pavmvmdopwbbjaoqmlyxpjsqxedptuzbjqgksm	46	52	41	toauuxinwdcgcztyvzhdisxrkghmyentmdwdkyzmtvlc	191	46	506	jesclwnadkircaslribkbpsauuyxtyalqcfvvvkkacdv	
7	1	ovpffntvge	mqyoawqltn	nosmfpjyngoewjtcuymyyjhkku	52	7	tyfzorbg	pavmvmdopwbbjaoqmlyxpjsqxedptuzbjqgksm	143	52	1	hvsboirrobepzzrhssuuniskniiudnovzhwmdaostxow	9	143	58	znenwkexjjtcqhnicbdalficoimmvvpefoopsecstevn	
7	1	ovpffntvge	mqyoawqltn	nosmfpjyngoewjtcuymyyjhkku	52	7	tyfzorbg	pavmvmdopwbbjaoqmlyxpjsqxedptuzbjqgksm	143	52	1	hvsboirrobepzzrhssuuniskniiudnovzhwmdaostxow	168	143	1982	plthwglbyzsqkwqcaxuijxmqjooqsritrvlwhcjhfliq	
26	1	xankesefyw	etjyaqcdtw	xfygsktpxabkargeooancjbtqp	54	26	pmhcfcol	upipbchjtsyfzrihdcprgyzyvtxlwhsomowrix	0	54	18	wkdrgenjbvdbzipuocgpocfswnbttwvpknggvotcrlpl	79	0	1334	yetqwieiqprqrgyxysdhjyvagdowrvtgbjjtsecrkvxk	
26	1	xankesefyw	etjyaqcdtw	xfygsktpxabkargeooancjbtqp	54	26	pmhcfcol	upipbchjtsyfzrihdcprgyzyvtxlwhsomowrix	126	54	3	kolmaxrwercyfbgvhmlhwwvmpkixaqvwpvxayxioljzg	116	126	423	covkanhyjdwnxhclzzmxcmwuvgjqzqdpypxgdrwzdatb	
136	1	thuwghjtql	fhtjyjhwbw	piyrrxvrsgfzimedcazeejgtpl	56	136	hwqquqxh	smhrmltkglklnzvyygzpfmvvvpjsbskbmgexwu	58	56	23	itywxvnleikalxjcugdmldfnqsnzgxzeqsqfxmaqqely	111	58	68	arktheqlamztnegglehiixlgxpwcondodejnzvrnbcxs	
136	1	thuwghjtql	fhtjyjhwbw	piyrrxvrsgfzimedcazeejgtpl	56	136	hwqquqxh	smhrmltkglklnzvyygzpfmvvvpjsbskbmgexwu	58	56	23	itywxvnleikalxjcugdmldfnqsnzgxzeqsqfxmaqqely	122	58	1696	jsadtrmjdadvactshpbflbgxkaykqrtgmyawkjdzgpzd	
9	1	wtepxvmeli	bizbxlnfkm	kubncsiwqusubbsrbolntjlfiw	57	9	ouoqmifn	mhkzfjxedzwpibdsmcaabsjbxkylsdwzabascb	48	57	5	ctvdqmjroqkrlvkhdopoztefriafoagmsnstmdminjuc	85	48	2232	kbgwfhyzwqtwuttnmhwegvniecyvjqgnxqjcxugzijyt	
179	1	bjjykassem	wloxpfywpf	dsziwzqoppvphhpkoccxminfwb	59	179	lmizvttd	advovmvmocyyskwfheujjmgarlsbqnpjbtvkea	35	59	26	qinazwsgkabnkglduoyrwxbnzwlzkmdnkbgxtsycwtou	13	35	1586	rohcnegpioxhpzpcbyxofxmkbdrzwzdmwnontpnffxcm	
179	1	bjjykassem	wloxpfywpf	dsziwzqoppvphhpkoccxminfwb	59	179	lmizvttd	advovmvmocyyskwfheujjmgarlsbqnpjbtvkea	172	59	37	srjgegefsivbcvlofoxdqtgiexlfalusjdneqndyczjk	35	172	759	frngpsianrjzptvlybjpgqzuqejeehjnkufltsnhjsdg	
179	1	bjjykassem	wloxpfywpf	dsziwzqoppvphhpkoccxminfwb	59	179	lmizvttd	advovmvmocyyskwfheujjmgarlsbqnpjbtvkea	172	59	37	srjgegefsivbcvlofoxdqtgiexlfalusjdneqndyczjk	78	172	591	ckdusqnakgmyptbmjcqewozjznlngdjoztsmlcdijswz	
5	1	wqqmwtabxd	dglmaulhdd	ceofotrqdilavebpurqfpwovan	60	5	gqzkvxho	oechvvlcmqwkwqatuzzsdntthatblfvracmero	189	60	7	xcacpzpufjvqltewpqiullcfoxotemhntsxogtkuwddk	147	189	1964	xaabivhlvxjespxpzjmtjctpywbhiluplnvgiizcikre	
64	1	zbmxicshvk	etilxxkbll	opzfkyztspdaianumwgjabpfuk	62	64	dgzodayf	xrxyxtilkzceucfogfdrazkjbxgtyuiansrqiq	167	62	46	jftrvksmpflqevlcfprhahiippdssswwzkkezqixsubk	123	167	742	zdchbyhgqavsfhzzqfwsdagleipluvnrfctbufkhihsg	
64	1	zbmxicshvk	etilxxkbll	opzfkyztspdaianumwgjabpfuk	62	64	dgzodayf	xrxyxtilkzceucfogfdrazkjbxgtyuiansrqiq	167	62	46	jftrvksmpflqevlcfprhahiippdssswwzkkezqixsubk	178	167	1450	zvbykyawntnbplgxijompimsxnvkmwjjyztnrlgmonxu	
173	1	yabfejwwwi	rtevjfyvtz	mtqokgsujyzzxejopuxnpfredy	65	173	mmosndrf	sarjngxihreuxukxltyzdshdwxrdkijaekgbbo	56	65	8	dswczxnymjnpfyclvauirsvpnqnhezcqmahkeqwqutgi	26	56	2234	fimozhcdikqwgallcaedloxrddrncyznkfxogyyjtwil	
157	0	ifrxqmbwig	fkrazrszmd	pvpvqbxsukwdthocxoqkbaxqsn	67	157	obivbixv	kimsnjzdxgafiwbapfsuxhikftnkxpyyhlolfj	109	67	18	ndllfhttodfkgbzqzcsktunwoxtvwqyerwmbtczlvbch	120	109	1332	ccmcvelzjaelignfiinvwrhygrxcfltwgfnwzuxyycej	
157	0	ifrxqmbwig	fkrazrszmd	pvpvqbxsukwdthocxoqkbaxqsn	67	157	obivbixv	kimsnjzdxgafiwbapfsuxhikftnkxpyyhlolfj	109	67	18	ndllfhttodfkgbzqzcsktunwoxtvwqyerwmbtczlvbch	44	109	2383	asdbnpqvpbengvsffqdgwgnxaoqvcmrsavwwvagawioe	
157	0	ifrxqmbwig	fkrazrszmd	pvpvqbxsukwdthocxoqkbaxqsn	67	157	obivbixv	kimsnjzdxgafiwbapfsuxhikftnkxpyyhlolfj	109	67	18	ndllfhttodfkgbzqzcsktunwoxtvwqyerwmbtczlvbch	108	109	1367	vcnxwylfhzcpujeoivshlowkgupazsngnjgjkiaywurc	
41	0	xwgpboyviq	lnkkltpbwz	dvamtxotvywcfvnmomxsptocts	70	41	wtksgusn	xpsmrtzmiwpnwpwofztcwuuglgwxpzyqwwucwq	24	70	32	nfeerotsdovvqzlmrcwpgwdzdzpjzmrxucjmioabrasd	61	24	544	mzpgmrodklzqhxvfhztsljhhaekqatewkrwgxjcwxxml	
34	0	cjsoyofvag	akmdojwkrf	oxufywrngrsrnnkasanmnsjndc	72	34	pnavxgwb	xxmdjnqvihfbufbuytksoopwhhjxkulisqorgw	139	72	2	kcmrdkxvuppyassnvrrdtvmzlevjaasgclxrjsjujyfs	195	139	84	piktnvbmguanzzlbiszwbbwrxwrpcdnllsjwjfdeqrid	
34	0	cjsoyofvag	akmdojwkrf	oxufywrngrsrnnkasanmnsjndc	72	34	pnavxgwb	xxmdjnqvihfbufbuytksoopwhhjxkulisqorgw	139	72	2	kcmrdkxvuppyassnvrrdtvmzlevjaasgclxrjsjujyfs	80	139	562	jamdfziwifkaqhmjwnipvbmhuapinqujzqpmmnaornwv	
136	1	thuwghjtql	fhtjyjhwbw	piyrrxvrsgfzimedcazeejgtpl	74	136	efbyemfd	rfycidajzlnmeomgcnwdroeulsudvlqllpeolf	37	74	35	xvqxdptmypkhbchqikicqbteoqsmxmcdmwxpqcfktigc	188	37	334	ldacwyntgqtuphcttwrgavhhtqrrpnrlpbqbhvsokhlt	
136	1	thuwghjtql	fhtjyjhwbw	piyrrxvrsgfzimedcazeejgtpl	74	136	efbyemfd	rfycidajzlnmeomgcnwdroeulsudvlqllpeolf	51	74	2	acviskqgtefoixhenxndgcpqyaualeapzoqfwxymrchp	56	51	368	aypbumyqfsjrnjfcxumrzztualbgqcgnsjusindkslak	
65	0	npntreshzw	mhfvjeabhf	fubrbyhpyqlumzgluhqgcnzzyu	80	65	uyevwtpf	omfglyaalgfwlamucgepfhismdirxeulnedmwx	18	80	30	qnsrwaswlinjklyymydukavmtisbbsaudxbedjxxfzga	50	18	1217	orqpaknorunitlcqbikpqxhozdxvikjgfcwcmikyhfxl	
144	0	yvfraulmmr	ojwvrxjipn	hlupvygtkfckaxuymmfavefsea	81	144	uxuuuepn	gezvuywzpwupdwafzjvmfiktaenioaglchfzdr	30	81	25	emqqsxrmftlkwhknrjqadvcaundsyyggzjyhftkxqjut	106	30	2349	tqczvxkebmphexccnwhnhlpbyfhldvnadzibyttposfd	
144	0	yvfraulmmr	ojwvrxjipn	hlupvygtkfckaxuymmfavefsea	81	144	uxuuuepn	gezvuywzpwupdwafzjvmfiktaenioaglchfzdr	30	81	25	emqqsxrmftlkwhknrjqadvcaundsyyggzjyhftkxqjut	41	30	1950	ruobrbrhyxhcodjilhyuxxcnwluovghynjzaxkzelbcv	
144	0	yvfraulmmr	ojwvrxjipn	hlupvygtkfckaxuymmfavefsea	81	144	uxuuuepn	gezvuywzpwupdwafzjvmfiktaenioaglchfzdr	30	81	25	emqqsxrmftlkwhknrjqadvcaundsyyggzjyhftkxqjut	68	30	2054	gtfgjclzmrjgipsgaywfdmghyodahahhshpcbmhmjpsw	
181	0	yqcbqmrezx	wiphowbgzq	bzohczxqaifipckepuvozqizha	86	181	skbglavg	xtldmesfdkzdbiozhmlgenjwinnzhltrzrrzow	33	86	0	axdaylkucjtqdoisigesbidgytjrwpfyldangxabvziy	21	33	665	cwkgbcrstrjhpiekkgqvhlqhiwrcsidxrsywiiuejbsd	
181	0	yqcbqmrezx	wiphowbgzq	bzohczxqaifipckepuvozqizha	86	181	skbglavg	xtldmesfdkzdbiozhmlgenjwinnzhltrzrrzow	144	86	26	cmgrjujfudhxpehkqclsjohbpxnktszialmsoszsaltf	136	144	1841	gasivpaziuwribxgynnwfwjvgakokcyohnlcpqwfswft	
15	0	onwnejousu	gdxgsfgnny	pdscwhacupjjecfrmsngcidgdp	88	15	fokymfkd	hqbftshzlfeszaxpiwplpzljuaqzixeilhxfiu	190	88	4	snxkzfoncnlwhshlaehrezitahdsjofguvgruheoptsm	46	190	985	csaglclvblzihwecyfscwcdlxfjhmjkiatqrmwkqwqev	
169	0	wwminkklhj	iinzizprgy	xihhqnzqlbrbkzjjowrxjlxlzi	91	169	pxmvbkgg	uofwxkzxakllotbjdogmfsehlxadwbooxmdskd	134	91	49	rcafhbqjihxdokukxrcgtkmozooxddrfowkfiyxxsvea	57	134	241	ghynboxuzgxhobdsuxpvghsoyibanofmpaboernjyiez	
169	0	wwminkklhj	iinzizprgy	xihhqnzqlbrbkzjjowrxjlxlzi	91	169	pxmvbkgg	uofwxkzxakllotbjdogmfsehlxadwbooxmdskd	134	91	49	rcafhbqjihxdokukxrcgtkmozooxddrfowkfiyxxsvea	98	134	731	vyywjtmnkennacohmevasrlgoovulfexzmcnkwdxohte	
40	1	tgegxznuig	qdrchrqfyu	sxqgqazwelciitxjoxirzdqfdm	92	40	yqidusrb	nzitypcfmxeyswsmiqnahuxwxlnwdqvcrphrpa	169	92	28	dyeachxlpjtdtesnzhgtwjxkqyqqhclmascawuqzcxaa	55	169	1635	cdtosgyrkubnmeiighkzfjdxckyypchyvphbstbehbgv	
40	1	tgegxznuig	qdrchrqfyu	sxqgqazwelciitxjoxirzdqfdm	92	40	yqidusrb	nzitypcfmxeyswsmiqnahuxwxlnwdqvcrphrpa	169	92	28	dyeachxlpjtdtesnzhgtwjxkqyqqhclmascawuqzcxaa	171	169	2224	wjbiaomfmyvvcngkueppetrbwgrkdyeodnodlbvhsylw	
40	1	tgegxznuig	qdrchrqfyu	sxqgqazwelciitxjoxirzdqfdm	92	40	yqidusrb	nzitypcfmxeyswsmiqnahuxwxlnwdqvcrphrpa	169	92	28	dyeachxlpjtdtesnzhgtwjxkqyqqhclmascawuqzcxaa	103	169	844	tvhnhvobxraozmklufkgzqnmodtvudykrhnwvowmpviq	
85	1	jyxeqovflp	bcbpkofbzw	iadvhfuwdycucrkalinhdbxghy	93	85	gdakgemq	qphzhxdaauwgykqynkwlvcsyyoyguotjugbvqr	171	93	15	cznfqtwslldagqjaxlqnbrcqzikmqayfpxkzaxqrvzca	177	171	1549	zilorqhlmpadwqjwgieinyeyzjnlttciobhjuiahdvty	
188	0	dgtrpmzmcn	rqzaqlicpy	motjdggadstkfmpdfhogpcfdhj	95	188	urkxjcof	dvjsyvefmjbirnjqdcpzkeznngmlcuxnvubvus	3	95	46	gruqjjujgrmxbwkifxxxndxzlifumzjfkdrxacomqudq	114	3	1671	uodmabzkqgwkvgibnudlmgoyiuvlberzscoozydslnoj	
188	0	dgtrpmzmcn	rqzaqlicpy	motjdggadstkfmpdfhogpcfdhj	95	188	urkxjcof	dvjsyvefmjbirnjqdcpzkeznngmlcuxnvubvus	3	95	46	gruqjjujgrmxbwkifxxxndxzlifumzjfkdrxacomqudq	174	3	1129	bnoliknkqbijahzdvjvoqimcbkgzlzylwmcjftuanyvf	
24	0	pqspfaucor	qytqlcfwri	eibhuhnhjnvxmymbkxsqkjnwsy	96	24	xyuypold	npormdzplhsdkfarjsutdscozunfwtxuccckem	160	96	31	ghqiwwceozggbxxpehcxcpmdkdycvxrgqvtkwnvuuoad	63	160	691	rbiiknquzrmyhomxeoppwgflubrkcxgndmmaestvcmvc	
24	0	pqspfaucor	qytqlcfwri	eibhuhnhjnvxmymbkxsqkjnwsy	96	24	xyuypold	npormdzplhsdkfarjsutdscozunfwtxuccckem	183	96	7	fxtxlgexvlfakkvxtvffutsfbfxlulvernrxaflgogol	182	183	1387	kiccauooryzaorgdxyujzfxsmojgbycumwcsfrvddmbg	
24	0	pqspfaucor	qytqlcfwri	eibhuhnhjnvxmymbkxsqkjnwsy	96	24	xyuypold	npormdzplhsdkfarjsutdscozunfwtxuccckem	183	96	7	fxtxlgexvlfakkvxtvffutsfbfxlulvernrxaflgogol	23	183	605	qcrqtnetyyzywkbqjliryyevprxoekyifqqghuojofvx	
180	0	tltamgvfpp	rrsbaiupfa	cvdomxiyadkminfnrbtbqilldj	100	180	elsrhvbn	vkxgfqbmvqmiispjwzhldoylfmuvbiyokeqgmc	181	100	31	rlpizczawwliqkgirauiwlelkdsleicuipdfhzvkkmtu	165	181	2356	gowdjfgrgczazddjuwqstulfebawxaxiwrudyurtqzov	
131	0	dcgabkvzcp	hrurvyddtx	jtabtacwqcylqwtwhnswujuxnq	101	131	olhteuod	cqswbnpiyzrbrffpxaipkcfzoppwbhrjlmmrkv	91	101	9	hzxlocxyiwvvkbjccosdewcgqykphstmdctridxrjzmx	150	91	778	owwgsedcdkxqrdmxhgckbggamntpqifmhcupyuakuuqz	
131	0	dcgabkvzcp	hrurvyddtx	jtabtacwqcylqwtwhnswujuxnq	101	131	olhteuod	cqswbnpiyzrbrffpxaipkcfzoppwbhrjlmmrkv	100	101	13	gfrjpiufekfndtfnepdcsrwekqhyuxeahtxxrwqejngq	149	100	155	waarnjrygeiljxhkllotnuxmizlxusgbtqqkrfffwlnd	
131	0	dcgabkvzcp	hrurvyddtx	jtabtacwqcylqwtwhnswujuxnq	101	131	olhteuod	cqswbnpiyzrbrffpxaipkcfzoppwbhrjlmmrkv	100	101	13	gfrjpiufekfndtfnepdcsrwekqhyuxeahtxxrwqejngq	51	100	1561	twycmhzsxgvyhzycapdglinddfptdlixdxvysnaxsphq	
156	0	pffrbtjxzr	dufrjmiemg	cffjhopoqheikyuaumbttfozmo	107	156	tlvjolil	djviskpzhzlmoaxuffwhmxvlzyqejjussnfqes	22	107	3	bkdpwxurcihxtuvrcbhujyqcnkoceblejfywzyibfuyl	93	22	287	sfyzujxxgsqceifzbmbfdzqugpvndcuoumtpqrgtjojs	
156	0	pffrbtjxzr	dufrjmiemg	cffjhopoqheikyuaumbttfozmo	107	156	tlvjolil	djviskpzhzlmoaxuffwhmxvlzyqejjussnfqes	96	107	32	iadxsthbowjdmwimejkajbeijrsesfbmshfaogtrbcqc	139	96	1059	ewmbvdubqzkcqjfsvhxuawyeafkjxpfuyjjohochgxyj	
126	0	bjopahfabp	afgnjvztaq	ezqagrqomxdrkkunjpxgzrvqfa	108	126	ulzdrnwa	voxvtnopbzihsawawmivwtrficfazlohdyfvnq	125	108	42	stgvcynbxsyptzigxrizgpzybnqayudhyhirhwjcdgsj	94	125	1897	spcuqcgmbtazszocsrerwyhmbszbmphtmwsltinvgtas	
5	1	wqqmwtabxd	dglmaulhdd	ceofotrqdilavebpurqfpwovan	109	5	qvezeykx	zczmlfzaatswpyejmteyijlwbntixlkfmhmjij	36	109	15	oukbvrquwvpkfnaysctkyyblnubsdmimmvaxtugvcggz	180	36	1957	tsxigafbdfqyfgufsmlzojocuqpqyaemszngnecdnmwy	
7	1	ovpffntvge	mqyoawqltn	nosmfpjyngoewjtcuymyyjhkku	110	7	nirywkcq	wymwvojxmhmfbmozqlgvmtdjezjgsuefvmzpre	93	110	49	ehmgqeyjpupnepagfbgteuryuasxkjssjoeiemsmtucf	86	93	1711	bacocguquzvsygpkywjlbztuduwdexzwdewsnwylyhvu	
14	0	winwmcsxyq	cogkunpmbd	jandfevmxagvxgbyjfhplqguto	113	14	twqknzmj	iyoyypmwajzgdccmwbtwsymkzqmvhavnunvfdu	137	113	37	xtcaydtnlrnrziaartwkshyitosinhykaselffffsdwb	129	137	560	iumdgifzpkriyjuziurowfykmwkfdoadniwccrqtimrr	
14	0	winwmcsxyq	cogkunpmbd	jandfevmxagvxgbyjfhplqguto	113	14	twqknzmj	iyoyypmwajzgdccmwbtwsymkzqmvhavnunvfdu	137	113	37	xtcaydtnlrnrziaartwkshyitosinhykaselffffsdwb	160	137	333	syalblsxghfgeaulzktfxbyzfbdrbojfmghflqftfuja	
192	0	ndsquphbzd	smgmidrrak	wzthejyrfghnuvjudbpglfachz	114	192	ynltjxpo	hdkjutnfddyctorqjecanawzffxkbowofivymd	23	114	7	yjlpvwidcjwspjkhtyyorjstgojgbrwfhelclknmpfxh	141	23	2117	fzvxuqakyjvwjhcmybkivozcoonjfssjlonbnlgkzbnz	
192	0	ndsquphbzd	smgmidrrak	wzthejyrfghnuvjudbpglfachz	114	192	ynltjxpo	hdkjutnfddyctorqjecanawzffxkbowofivymd	23	114	7	yjlpvwidcjwspjkhtyyorjstgojgbrwfhelclknmpfxh	156	23	874	oyrwwmkfymiicwvkrblkfxlsonwbyjstdswqnkdaerrp	
192	0	ndsquphbzd	smgmidrrak	wzthejyrfghnuvjudbpglfachz	114	192	ynltjxpo	hdkjutnfddyctorqjecanawzffxkbowofivymd	23	114	7	yjlpvwidcjwspjkhtyyorjstgojgbrwfhelclknmpfxh	67	23	2056	lcumnjayxqrkzhkklbzhtnrzxghdhxbeyknzkrekinyb	
192	0	ndsquphbzd	smgmidrrak	wzthejyrfghnuvjudbpglfachz	114	192	ynltjxpo	hdkjutnfddyctorqjecanawzffxkbowofivymd	74	114	10	dynniiexdlcnuppuiegzaxrbmzjmunmrchsiekfubmme	45	74	2020	mjrgchgfxnamrxewyhnqdwvtvkkfousfouthhxpgcmeo	
192	0	ndsquphbzd	smgmidrrak	wzthejyrfghnuvjudbpglfachz	114	192	ynltjxpo	hdkjutnfddyctorqjecanawzffxkbowofivymd	74	114	10	dynniiexdlcnuppuiegzaxrbmzjmunmrchsiekfubmme	75	74	919	vbqgswuiidggujnhtlxjiuedoddzozsckjatwfvlnnpw	
192	0	ndsquphbzd	smgmidrrak	wzthejyrfghnuvjudbpglfachz	114	192	ynltjxpo	hdkjutnfddyctorqjecanawzffxkbowofivymd	82	114	48	vkkinqnumgpelloeucuaffjxghuyzkcivmuxtxnxvpkt	140	82	1882	lwryxlpwttwgqexmlunlqkeruqxjivsvrmkkvutnydwl	
39	1	krgeqpqqnw	ixbtddslsl	ehyozkcjpygjkneusddnlsqcjs	116	39	wedxbzbr	jtwfvcqrpqdkvdobvgwvpjfftihvynfhwkkwfw	159	116	27	cvmfzlrnupcearsdfgremsarivdvxtlukweqfbignhjj	158	159	681	cyvcptvriqmotmuvgtjjtcuckzaptjqfkwgrypzwrzpb	
39	1	krgeqpqqnw	ixbtddslsl	ehyozkcjpygjkneusddnlsqcjs	116	39	wedxbzbr	jtwfvcqrpqdkvdobvgwvpjfftihvynfhwkkwfw	159	116	27	cvmfzlrnupcearsdfgremsarivdvxtlukweqfbignhjj	88	159	637	bgtzelazdznvfuexclozdzucmebncbcsalrchyxbcevm	
20	1	yvbpzushir	fbuvgzcolj	bdgqtasebuyngmqukwaqqjytqe	117	20	skhrhzdo	gmaovhizuiaunkwjhceoyinekzcvoiozzutlxc	164	117	0	bbmmjjlqehkqvojgygufqrfzjfjjrkpwyfgvjjjiqkwv	73	164	213	newjarpqfblgffdfvlfldbwhjxreglkczbzfnynhycyn	
20	1	yvbpzushir	fbuvgzcolj	bdgqtasebuyngmqukwaqqjytqe	117	20	skhrhzdo	gmaovhizuiaunkwjhceoyinekzcvoiozzutlxc	164	117	0	bbmmjjlqehkqvojgygufqrfzjfjjrkpwyfgvjjjiqkwv	186	164	1510	hohbdjbhlexewiyeanfpnxickhsordfuutiikejiitor	
76	1	zziuvnwyzq	kdfxrayqfi	mectokrwzwyiahxzplwrrkarsn	118	76	kwmjgokp	llukqyknnjynhwhprpqomxuoitxmxigvwbznht	120	118	45	qyoymcswjdznmahyotvuaolyzpkintqvhrckdclmjmmo	192	120	1621	kwefpuublfeftlazdsqwhnbvfpdubcvpllmmpzoxquwn	
93	1	fqexyctwls	efybjvgrvo	vfywuvdvkeimfvtronbjxacvfy	119	93	gjgbkumh	jlheruhezlojbneiviocqmcvuowkvdyekpmaep	38	119	25	rouzuuvwhcdvdakidgsqocrltttdxunaqojhogxtlpal	126	38	1446	aberawtjwmuhijkmfuwofjrvkawisxwnmhgpspclwkpx	
33	1	ccxmyrmaqn	nttzigoalf	ukhbqcrntmdtoapvyumsffacvn	120	33	aejmordq	lbbljvsatewgcgwnlbpeuwdgfgvogsftyyijvz	39	120	4	vpvnkophfumpcbscukrnkbfaqczatgfsxqdsaduprvrt	3	39	461	syhwvohrpjekvswkotqyziknijzfwqjqrhazmfcgtcve	
33	1	ccxmyrmaqn	nttzigoalf	ukhbqcrntmdtoapvyumsffacvn	120	33	aejmordq	lbbljvsatewgcgwnlbpeuwdgfgvogsftyyijvz	39	120	4	vpvnkophfumpcbscukrnkbfaqczatgfsxqdsaduprvrt	194	39	1918	cidgpoioprejufxcqzxbtqrngcsvwygwtcylznvqsyui	
33	1	ccxmyrmaqn	nttzigoalf	ukhbqcrntmdtoapvyumsffacvn	120	33	aejmordq	lbbljvsatewgcgwnlbpeuwdgfgvogsftyyijvz	61	120	29	pavywwigglqagxquaprgsjsilbikopepdgwyvqasczos	95	61	2015	awytykfwalnpynsxlqogmjcnwsciteuwbmlssutptbti	
129	1	khbmfvwbew	xyojfvynlv	argkcwyepvvcsijrhingqooedj	125	129	qmesjwfn	yskxehtzphxrhoncgsvqytbnjwvyxzghlhnqam	7	125	21	lbvjavxjgyktnpflsbgjbambxwmlyjjqmxtbxrpikswi	64	7	2466	honnlzvzrevdprbilxfpdcampvfonyzmrjnkruenvdrl	
55	0	dkboozstko	hrgnwtilgt	dkrxoanpqkwcuuowjyuemqswbi	127	55	ntcfehlh	yuqruemgkvqpvmasoladkldlbgvngysvgbabja	115	127	18	hbsqoidzdpyeynujxzsgnhihlydtqjwhwiobmsygmney	175	115	1720	asssjxiknhqjoocrhdvbtlrprpwmkflezlvonjmupexd	
55	0	dkboozstko	hrgnwtilgt	dkrxoanpqkwcuuowjyuemqswbi	127	55	ntcfehlh	yuqruemgkvqpvmasoladkldlbgvngysvgbabja	128	127	7	yevsohxtbjrmiskaluvvbtkziegremmuqhijoroncvkb	179	128	218	elgwlfuawjqrvsokhrornastgiutjboapxzrtsdcetwa	
55	0	dkboozstko	hrgnwtilgt	dkrxoanpqkwcuuowjyuemqswbi	127	55	ntcfehlh	yuqruemgkvqpvmasoladkldlbgvngysvgbabja	128	127	7	yevsohxtbjrmiskaluvvbtkziegremmuqhijoroncvkb	193	128	881	csvsberkxamsfruzawukyuqqxvoewglrcjxrnbrtufhe	
69	1	yqixicfkyv	bdijnozlfn	kzefwthoztbouwoftfamplpfor	128	69	ebhrneiv	pkcrnbrtijnpigcwtvuzghubmzucstqfxqoyms	178	128	49	asuhiyfvrvpqejiariotcqodfxivalvijyluiqlroxsz	125	178	2213	jmdcadpcjguvfhxypexcfekbqcavlutphltwloqsnxlz	
69	1	yqixicfkyv	bdijnozlfn	kzefwthoztbouwoftfamplpfor	128	69	ebhrneiv	pkcrnbrtijnpigcwtvuzghubmzucstqfxqoyms	178	128	49	asuhiyfvrvpqejiariotcqodfxivalvijyluiqlroxsz	119	178	750	ttzwjovbmddlncymghohdsquczpzhxpxdrxhrqtlyckl	
69	1	yqixicfkyv	bdijnozlfn	kzefwthoztbouwoftfamplpfor	128	69	ebhrneiv	pkcrnbrtijnpigcwtvuzghubmzucstqfxqoyms	178	128	49	asuhiyfvrvpqejiariotcqodfxivalvijyluiqlroxsz	47	178	835	upxwmvcfjnppurdchgunssjmaqpiyqturlrxciciqamy	
93	1	fqexyctwls	efybjvgrvo	vfywuvdvkeimfvtronbjxacvfy	129	93	rzxyjiey	bvthvkcorbkrzpnupuzuzomsxmgiykoxihjsza	29	129	9	lqtoiqnesswxwvsjiplmgsenhshstxluxlfogwcrvblt	69	29	1562	xmpyqtqryzffczbfjyzmfsqcjkvytggreugpqjccbnzb	
93	1	fqexyctwls	efybjvgrvo	vfywuvdvkeimfvtronbjxacvfy	129	93	rzxyjiey	bvthvkcorbkrzpnupuzuzomsxmgiykoxihjsza	78	129	43	nikydprrosymztygcpesidqhpvggcfyeeavsjnyqrkil	39	78	510	emyebklazaqueezcrzpryrndsdbhhbluubokxfkukuqx	
174	1	xetkahkria	rnjyrraexe	bdwbzjqinnxginlwianiuktmav	133	174	rtqfaexf	gvuzvkqwsgoqwpuulzcupexcsbhmmijvovtxhb	105	133	29	qxbjgoacosciszwgtrktcdxxxbwapgwythdilokkzeea	164	105	2410	kencynsibcqqwarcuercjliwwqukunuvcdazoafpyxzf	
61	1	fgmbjlvznt	iotcmltetn	ekggrjcejzmevmtilmoagfqzeg	134	61	wmcmktcm	quwrytdqoiokefjewqzpvltbbdzenpvledxgzg	199	134	19	nossvhregscdwrtxrnoyepngcloqdjtfvjphwehesfri	12	199	2473	idxknaefvpijaepucoyesbuwgemmlkwdkeahzrmnukte	
7	1	ovpffntvge	mqyoawqltn	nosmfpjyngoewjtcuymyyjhkku	135	7	lzpwgwek	hgyxmcoheipvxhkjdwfmekbsnbzdcjadciysvu	81	135	11	ipaqgbhskeufgxjmetobbfsdfsdhgpoiutsllqjurcow	71	81	1935	dqrzsovsqapjausnyrlykplwyxazlskdguqybmdrayhy	
80	1	swvtcnehyw	dfasqfsquj	fwpuqdplfmqagzxxqdkqxwalph	137	80	zoyricvx	yxnbwluvhfxuxvkgblvmngcldvyzcxsscycqui	17	137	9	dydfxxjsyhvejgrmqoghyqafefuxdtoenamgfmetwbip	30	17	75	fdgnrfggkulkgkbapfztecaobnqakfjxnoklcdnjkqqq	
6	1	sigauibelh	qtvyziciul	pzufsvjiuqvsjkssuwobzdurvk	148	6	alcivjlp	pbfbjjtvwxxuimsxhougfzmykunccuzixuipaj	99	148	36	bnrhvxgdhkgkuweokzrhomiqajtntcvsocikriocxmxw	137	99	24	cmradpuzmnrqixmlevbmygrotwhknszqovjnjsqwrtqs	
6	1	sigauibelh	qtvyziciul	pzufsvjiuqvsjkssuwobzdurvk	148	6	alcivjlp	pbfbjjtvwxxuimsxhougfzmykunccuzixuipaj	99	148	36	bnrhvxgdhkgkuweokzrhomiqajtntcvsocikriocxmxw	19	99	1723	iejwqhcyubcrafccanqirzqvtyissfrooxrdgkkzzsrs	
6	1	sigauibelh	qtvyziciul	pzufsvjiuqvsjkssuwobzdurvk	148	6	alcivjlp	pbfbjjtvwxxuimsxhougfzmykunccuzixuipaj	150	148	17	tfcrkvlgeoxqvzyszfwjkcfdnhwwcvwciobvathapihj	107	150	585	veqcgtovwhwhaawbixrizcllzonaqpwfmcynllflmhbb	
6	1	sigauibelh	qtvyziciul	pzufsvjiuqvsjkssuwobzdurvk	148	6	alcivjlp	pbfbjjtvwxxuimsxhougfzmykunccuzixuipaj	150	148	17	tfcrkvlgeoxqvzyszfwjkcfdnhwwcvwciobvathapihj	146	150	1908	ofzmadjpenlduvthxwwwqkxjuxjpnjabfiumbvzljrbq	
82	1	znzrpyfpje	dijfiblvdg	juupzuguqbuijxslzrbjhitujw	150	82	graofatk	wjdovtkweicnlgeknveqszbttkcfzptjojphld	106	150	42	qdwbzzcfdgwipwhslbgxcnigafmjrbrlhjgklsklzmdg	48	106	268	yprlwyhxabpuortrdhphunjpgupblpuevcujwxpeogww	
82	1	znzrpyfpje	dijfiblvdg	juupzuguqbuijxslzrbjhitujw	150	82	graofatk	wjdovtkweicnlgeknveqszbttkcfzptjojphld	106	150	42	qdwbzzcfdgwipwhslbgxcnigafmjrbrlhjgklsklzmdg	8	106	152	nvfufwrogybhtgjfqgffxxaeayfrrzohkqgytmprystb	
60	1	gxionclrwz	yideburphm	zlvcdzewlisaghuefjcnfdnpme	155	60	yujxkrqp	ulsavmzrisnaylhjzawgddbgcyppmmekssvlxq	156	155	28	gzanqfjtgdugbfpllhijsgikokwvufswfhevowtkoawn	169	156	366	pkiddxzakhfouvknlwygqfwwwfsspjepopcffapnopwc	
13	0	iioqkrjpxy	ykejosbqyg	biniupagsvpzutcfolfxusfheo	156	13	vefzoskw	xpnvipegijjwvbnzlrytfnjyjjufpwuklhoztl	121	156	2	hhqeetojkthtrutnvmxvkqxjgqefgqlwseteikmmyced	49	121	701	zrlfvplbmfdmjblbjbrfapjkkvwykcoxrpzmxwhzxhiv	
13	0	iioqkrjpxy	ykejosbqyg	biniupagsvpzutcfolfxusfheo	156	13	vefzoskw	xpnvipegijjwvbnzlrytfnjyjjufpwuklhoztl	121	156	2	hhqeetojkthtrutnvmxvkqxjgqefgqlwseteikmmyced	66	121	1755	geltuafsctzvcmaixhdsgcalxxvmvottticiyxcbsogn	
13	0	iioqkrjpxy	ykejosbqyg	biniupagsvpzutcfolfxusfheo	156	13	vefzoskw	xpnvipegijjwvbnzlrytfnjyjjufpwuklhoztl	121	156	2	hhqeetojkthtrutnvmxvkqxjgqefgqlwseteikmmyced	152	121	2011	znrwkfobesgfopgebdovxtrikxugueazbjsjdfqegeng	
160	0	uuxzrwocfp	eantqvkajv	dfkdiqyofpavyvesqqnmbyzuns	157	160	znlpymee	ekchdzdfcigahpdsmgylednufgwbrrbewspdpj	174	157	11	jdojuakwctfnfucctuwraevzrhwlcwcldblucrejfsyz	135	174	230	jjcdhcekvwfgkzzszomkolrcbmfweiycfsykhlnawway	
160	0	uuxzrwocfp	eantqvkajv	dfkdiqyofpavyvesqqnmbyzuns	157	160	znlpymee	ekchdzdfcigahpdsmgylednufgwbrrbewspdpj	182	157	23	yvhuzwcnwiwngnkiczihyjbdfuzlwzqguwfyzwcnkzak	127	182	1779	ejdckdkxuovvdojtcfkdebtgdjrxybgfubymhhyelguh	
7	1	ovpffntvge	mqyoawqltn	nosmfpjyngoewjtcuymyyjhkku	159	7	rfhzeaua	sjnfidlvrduxpcxhxxemxeogegrkhojbkptodi	177	159	4	smvslvxleprauymzcgztzgmjgvimaszsadbmmcuviufb	101	177	349	josppswqofawzdwibryjlmepybhvyufyvbuctdpxrnxx	
7	1	ovpffntvge	mqyoawqltn	nosmfpjyngoewjtcuymyyjhkku	159	7	rfhzeaua	sjnfidlvrduxpcxhxxemxeogegrkhojbkptodi	195	159	8	ewvadnewdaccdbomtvjzgysschkbywpkkthibpixrqlq	33	195	173	modpwxjodwrkfjzoijjyewhardiazjwbyumbgexeialk	
85	1	jyxeqovflp	bcbpkofbzw	iadvhfuwdycucrkalinhdbxghy	160	85	kshzblef	qaihdvwpbqtusoilcdmdbypiqkxijcbfwsuvgy	40	160	32	rsfcpslwbomotwtktmbjutgolfmyiyivqcprjfnzbduw	2	40	653	wqpvvuvmyfbujdykytoejprafwvzvdabqcrmhvrbagwy	
79	0	xnytiwniwb	hiljtvrumr	jwsejooeevhvkablmowyxwbscb	161	79	cqvqfchj	fxobzlqomnwqpqvxjznbgpnxotbebnkkoouyzx	14	161	37	rytdvqxwoownndszyggqvubwdelqjgigwazuctxmvuha	84	14	1091	ysiezchdzescfbrvvzltowofneecbmetnzlfxpldqqhr	
62	0	tankdxnesv	ikudlkwlqn	ozwpozdctjviybjyjwxlyomyjz	162	62	blcojgdu	wsppbplvmjkkpuijnsmmqsykclggdjkcuribnw	16	162	43	ijdfjfngljxaebhzxhvlqbfbsnncjxutebwbljofqtno	104	16	2087	zsobaqveqbubuphbgdfjzvsxhotnaewqecjgmhksegot	
169	0	wwminkklhj	iinzizprgy	xihhqnzqlbrbkzjjowrxjlxlzi	165	169	oeygexwg	abqrupurygafvbuoquqxfbiablsloudkyaizas	79	165	2	xutfakycipkvbowrctllrfdkxcjhjedqxsghbvylutfu	90	79	1627	zarocxbkztjywqfsnjjvsxgpwioyibjkykqpmadgvcdu	
169	0	wwminkklhj	iinzizprgy	xihhqnzqlbrbkzjjowrxjlxlzi	165	169	oeygexwg	abqrupurygafvbuoquqxfbiablsloudkyaizas	79	165	2	xutfakycipkvbowrctllrfdkxcjhjedqxsghbvylutfu	42	79	88	sxixmoqnjcngigzvdqrmwjehbtepmbvmxxwdbyokcmbo	
198	0	mzjqltegll	afeycjftyw	wmyavsnbdcrqmtgedqpozfocsq	166	198	qmrdfqvw	eracqgpurljroarsbbvaxplwqoioobwwwrojdv	25	166	27	qtlhnujjesobyxbmqdpytsojdgzuiguqcsqbuvjvzycm	14	25	1500	dgootjxcpvnltmobstyvigudssmkingdvuodzwsgajuo	
128	1	azmauydxuk	ctxuhzszrv	kxdkrebdmbefelokxbvvlsqnoc	167	128	vqtdchgk	wiliyjnqinvzggekrbcrmsfgcuhtcycqwuwefr	90	167	13	vlxksgiaslveubnmkjekpnqbcssxqotwembjyitcibsg	34	90	768	sladtwfskiajczbyadnvwdwifojfgnzpvriybnsrndyt	
128	1	azmauydxuk	ctxuhzszrv	kxdkrebdmbefelokxbvvlsqnoc	167	128	vqtdchgk	wiliyjnqinvzggekrbcrmsfgcuhtcycqwuwefr	151	167	3	arrirsqnsxsygutogymyxdxrzmodkyclvjoyyilqnrbr	76	151	1011	fkejwbdcflsloqybahjfascmvtieadheybiikromuzdn	
128	1	azmauydxuk	ctxuhzszrv	kxdkrebdmbefelokxbvvlsqnoc	167	128	vqtdchgk	wiliyjnqinvzggekrbcrmsfgcuhtcycqwuwefr	151	167	3	arrirsqnsxsygutogymyxdxrzmodkyclvjoyyilqnrbr	132	151	509	xlidprfpwlyqxuvfeglazalcjzjqnhvalysoeizaxpjt	
112	0	xbfevvanja	excvmkwyyz	vzeveonawawuxnbmrhukcfjmif	168	112	oauduwwa	yxnqphlmhnvlhvgvyeydhmptfhcwwuhspiyhwc	53	168	2	ttbpwenoqatjhqacdzgtlznoikixmyuhhqdzhpnhasxw	22	53	600	zyydahdnbgrzscfuxlauaavzbasuodofofannbvzkjxw	
112	0	xbfevvanja	excvmkwyyz	vzeveonawawuxnbmrhukcfjmif	168	112	oauduwwa	yxnqphlmhnvlhvgvyeydhmptfhcwwuhspiyhwc	53	168	2	ttbpwenoqatjhqacdzgtlznoikixmyuhhqdzhpnhasxw	105	53	1450	wkljhdfoexhedbfxqyabjzlohxgdukreylljgdlxzrjl	
112	0	xbfevvanja	excvmkwyyz	vzeveonawawuxnbmrhukcfjmif	168	112	oauduwwa	yxnqphlmhnvlhvgvyeydhmptfhcwwuhspiyhwc	53	168	2	ttbpwenoqatjhqacdzgtlznoikixmyuhhqdzhpnhasxw	189	53	48	qzpgwqfcqtdarfqscqfxjcodilxpfohklhiosxiojukt	
112	0	xbfevvanja	excvmkwyyz	vzeveonawawuxnbmrhukcfjmif	168	112	oauduwwa	yxnqphlmhnvlhvgvyeydhmptfhcwwuhspiyhwc	138	168	29	ouemvszklmbuheknbydkglcbtrppmcwhavhlwftnahux	72	138	1208	rhyoqwmwegidqyoabrxmlniueyspiqwjtkwvecxdohda	
112	0	xbfevvanja	excvmkwyyz	vzeveonawawuxnbmrhukcfjmif	168	112	oauduwwa	yxnqphlmhnvlhvgvyeydhmptfhcwwuhspiyhwc	138	168	29	ouemvszklmbuheknbydkglcbtrppmcwhavhlwftnahux	38	138	2379	ignpnpjfsfyxisrrrfgmtayfymopwwyqlludjgwqeiqm	
112	0	xbfevvanja	excvmkwyyz	vzeveonawawuxnbmrhukcfjmif	168	112	oauduwwa	yxnqphlmhnvlhvgvyeydhmptfhcwwuhspiyhwc	157	168	7	csixtqwnbaqdncwkvnenwrezcexxxlqjfyxfkkmrozxr	31	157	1062	zajvbefomzglcuzzrdggnoykeuazzfwkcnqzibzvapym	
112	0	xbfevvanja	excvmkwyyz	vzeveonawawuxnbmrhukcfjmif	168	112	oauduwwa	yxnqphlmhnvlhvgvyeydhmptfhcwwuhspiyhwc	157	168	7	csixtqwnbaqdncwkvnenwrezcexxxlqjfyxfkkmrozxr	7	157	1119	bxdxyxsbaslaklyamswzlgdbaewrnqruoirgsopgixve	
33	1	ccxmyrmaqn	nttzigoalf	ukhbqcrntmdtoapvyumsffacvn	170	33	jlvuzpjs	gxczqmvuubxdcjdqcwqpubfrhbfbgpwlgpifnj	65	170	11	szimfrrkgjcixltdkbpjpbledgwbvblqqitjwvvchazv	183	65	38	pgbbmvzwodwgsjewbrpxcjymyhgvnkpnxnkywwjxtizo	
33	1	ccxmyrmaqn	nttzigoalf	ukhbqcrntmdtoapvyumsffacvn	170	33	jlvuzpjs	gxczqmvuubxdcjdqcwqpubfrhbfbgpwlgpifnj	65	170	11	szimfrrkgjcixltdkbpjpbledgwbvblqqitjwvvchazv	113	65	1745	qdbajlfbrcpnpllzihebnelfdzmcfjulfdejmetocbof	
33	1	ccxmyrmaqn	nttzigoalf	ukhbqcrntmdtoapvyumsffacvn	170	33	jlvuzpjs	gxczqmvuubxdcjdqcwqpubfrhbfbgpwlgpifnj	165	170	48	bwzrtbhikqugpvapnzfztghmjrbpptecfcmmafwqyppy	198	165	2239	bbohcuqgwmrlhtmesonbiumxwikqltalwvemkenywfap	
24	0	pqspfaucor	qytqlcfwri	eibhuhnhjnvxmymbkxsqkjnwsy	172	24	ukftuxot	cozsspfwctmnvhiljfujfoeukyjihpejydopjj	154	172	42	zulwgeiucqhcewztekoeeqiwwbhvfpkagfhvuwgnwunp	11	154	1016	xryrfrimetjdvjpupfnvyctygssziznajuwiuusnsqyz	
59	1	rwedimkgii	bbjrztglqa	itiviriqpwglkgzcxxqjregaep	175	59	zivikupm	hccqexyshrndpfowvvvxktrefnrqrletonzvhc	27	175	26	ckchbtulyoorwfuiekfprbjgejjrwlnizkyfuroxrgky	112	27	1130	vftanydxalgrhyggisjiljmcbnembqpftktocrfcufxc	
132	1	bwqsaubbew	ovdkrxwowu	xlwixdnuvlfkoowblnojhaqwrk	176	132	rduvbeaz	pashoxjcwesbesqfxjbvpwazxgdybsqhsdmgie	87	176	23	hcumsofktklinbmzmnkgjqhvelcmsgtphhlmrqwnoyfo	52	87	1024	uurhlskowpszmaepgjuclqkiafjakjheyyxveagiuoha	
132	1	bwqsaubbew	ovdkrxwowu	xlwixdnuvlfkoowblnojhaqwrk	176	132	rduvbeaz	pashoxjcwesbesqfxjbvpwazxgdybsqhsdmgie	87	176	23	hcumsofktklinbmzmnkgjqhvelcmsgtphhlmrqwnoyfo	124	87	312	pdoaywzkvohntapjiunslvwbaiedaztrzojwqeedolgs	
132	1	bwqsaubbew	ovdkrxwowu	xlwixdnuvlfkoowblnojhaqwrk	176	132	rduvbeaz	pashoxjcwesbesqfxjbvpwazxgdybsqhsdmgie	87	176	23	hcumsofktklinbmzmnkgjqhvelcmsgtphhlmrqwnoyfo	128	87	182	vhkrprktnoxwjzckydxlzxohefvzbmgvwvjvcgpjpnwp	
132	1	bwqsaubbew	ovdkrxwowu	xlwixdnuvlfkoowblnojhaqwrk	176	132	rduvbeaz	pashoxjcwesbesqfxjbvpwazxgdybsqhsdmgie	97	176	3	xxcraijgphunoyazgfzseqypwdsyzoklhevhcrystpzb	167	97	1641	ogogfqcopbkbkjanxbjktnonyuyzwjjqejrjoyysjuwr	
132	1	bwqsaubbew	ovdkrxwowu	xlwixdnuvlfkoowblnojhaqwrk	176	132	rduvbeaz	pashoxjcwesbesqfxjbvpwazxgdybsqhsdmgie	97	176	3	xxcraijgphunoyazgfzseqypwdsyzoklhevhcrystpzb	157	97	679	swljxpngqttmajdcqqvukzwoyisqxsnkpjqodvuvchqd	
132	1	bwqsaubbew	ovdkrxwowu	xlwixdnuvlfkoowblnojhaqwrk	176	132	rduvbeaz	pashoxjcwesbesqfxjbvpwazxgdybsqhsdmgie	97	176	3	xxcraijgphunoyazgfzseqypwdsyzoklhevhcrystpzb	77	97	789	jfawaffqmwrmukwjyaqhuwxuqcdmdowpnhdorluesmbu	
29	1	jgnqnpvdef	kjdbrlxjzk	qegrtqacltoqbrevnzwmtgnwhq	179	29	bkoxtnzh	kfzhjhlojwserxopgkkbzljljlwrjnbzybnhfv	158	179	16	alvacyuheeweaqulazuzcstvxedbgwfwyubhbmnourpo	10	158	253	bwfyuhclbmpragezkqioxzrtfhpiivrkdcuyhjpxdvzc	
90	1	rpfifdckor	mhgxborrhd	wvxvxewsixdnmgvfobamrdowwk	183	90	eijbwmlz	ybsitzxfoxciecohujjjwtrbnkeqbwdyqryyvg	5	183	19	byltnsmyfridrfgofglmlczgghbbwatlpzkuafywhzxg	97	5	425	resqqxepcaytysfkcbbblbenvzukqknojapnlasvirhh	
90	1	rpfifdckor	mhgxborrhd	wvxvxewsixdnmgvfobamrdowwk	183	90	eijbwmlz	ybsitzxfoxciecohujjjwtrbnkeqbwdyqryyvg	5	183	19	byltnsmyfridrfgofglmlczgghbbwatlpzkuafywhzxg	96	5	1876	rntdvrprorsexspzztwbwufbuqcgdrlkahyahalotdby	
90	1	rpfifdckor	mhgxborrhd	wvxvxewsixdnmgvfobamrdowwk	183	90	eijbwmlz	ybsitzxfoxciecohujjjwtrbnkeqbwdyqryyvg	43	183	29	pxulyhjwuceljwdbqyfgcwkkcomdydndinzhybrtnqbs	32	43	744	hvxjkofzchunxlmqcwlttlubuckjxdkowdhmwlduiwvw	
90	1	rpfifdckor	mhgxborrhd	wvxvxewsixdnmgvfobamrdowwk	183	90	eijbwmlz	ybsitzxfoxciecohujjjwtrbnkeqbwdyqryyvg	43	183	29	pxulyhjwuceljwdbqyfgcwkkcomdydndinzhybrtnqbs	59	43	405	wdmtkavugguwwnfjtjfotmxfejgjksznpjakrqpchtuv	
90	1	rpfifdckor	mhgxborrhd	wvxvxewsixdnmgvfobamrdowwk	183	90	eijbwmlz	ybsitzxfoxciecohujjjwtrbnkeqbwdyqryyvg	49	183	41	dpeortmnahzbawrcipiovoyehnpjjqxfeopeausclwli	130	49	270	rhzhwafcdenhgmzbnqpoivstiggposfptbkaesrzdyno	
90	1	rpfifdckor	mhgxborrhd	wvxvxewsixdnmgvfobamrdowwk	183	90	eijbwmlz	ybsitzxfoxciecohujjjwtrbnkeqbwdyqryyvg	49	183	41	dpeortmnahzbawrcipiovoyehnpjjqxfeopeausclwli	181	49	1380	geynfuyujtfqkxixyekgqhvsnlxsfgcuyjhzhmocapga	
90	1	rpfifdckor	mhgxborrhd	wvxvxewsixdnmgvfobamrdowwk	183	90	eijbwmlz	ybsitzxfoxciecohujjjwtrbnkeqbwdyqryyvg	145	183	46	vxkzhflmdhynfbrgyfhzhxtkkqhanogtfnftxbxedvmo	162	145	317	cfscxjyffaejrwlvwpbmyjssbrvtripmalhpqwlctleo	
130	1	ezrrbldjiy	ezhsqzecyw	rvixcsekjbfadwzzlnhfixztje	186	130	mcxzcqho	rypkcxgyulurjlwngqdrsrropkfekepcltcupz	186	186	27	xzekrmisiethovulsioxzvvbyxewmmoxhofmvfylrvsr	102	186	1467	kssexcpbdkdvoyjqyjdgcbzywhmppyyhvgjtghblbwrq	
130	1	ezrrbldjiy	ezhsqzecyw	rvixcsekjbfadwzzlnhfixztje	186	130	mcxzcqho	rypkcxgyulurjlwngqdrsrropkfekepcltcupz	186	186	27	xzekrmisiethovulsioxzvvbyxewmmoxhofmvfylrvsr	172	186	862	zoxobjfpaxzdbtpstexkkqrztwqzsurvmyguiurtiwfm	
2	0	otzirbuysr	fahsufimcx	iufeybvilwzsptyxyeudppweur	188	2	orpfqjgy	sfebaneuigetsksckbpvhdzcwqpaqxvxvnehko	12	188	21	fzsrntumrkrgkktmajwufuvorpdynzuwmodjjztbrqpd	28	12	2256	ngmafjpqssnabaisctwdgegqxdkontbcstbwuojuwmqn	
114	1	adygpldkoi	jlqmbbjzez	wfoepejytjrctgpzgtqdokzcwm	190	114	mceoaove	iujtuvjxjdzxjzljekumfjvfnlhznjkpmoxngm	41	190	24	mberrbxcvnkgjtnjbyhiqdwxhhvnflqnlogutjgpbfcy	91	41	1017	xmeqfirnlburibovaletxpvfqzhyofypkpbtrahcqteq	
114	1	adygpldkoi	jlqmbbjzez	wfoepejytjrctgpzgtqdokzcwm	190	114	mceoaove	iujtuvjxjdzxjzljekumfjvfnlhznjkpmoxngm	66	190	1	ljapywpdkxybhzcghljhuezvgcaphxmcbwuujmlnorim	24	66	1429	iajikpzkfphhtxafhoxzgmvdssxfziycedbbaupybqnb	
114	1	adygpldkoi	jlqmbbjzez	wfoepejytjrctgpzgtqdokzcwm	190	114	mceoaove	iujtuvjxjdzxjzljekumfjvfnlhznjkpmoxngm	66	190	1	ljapywpdkxybhzcghljhuezvgcaphxmcbwuujmlnorim	40	66	15	mznoszojskacktaeredynyvdlqjrkiutakrwayalfkow	
114	1	adygpldkoi	jlqmbbjzez	wfoepejytjrctgpzgtqdokzcwm	190	114	mceoaove	iujtuvjxjdzxjzljekumfjvfnlhznjkpmoxngm	149	190	13	ocydssxyzazfryexneenddvfhwacvcodujlrhkcokusw	142	149	1835	jjbsynlxwcrgkqwcuhzptdkpakzqdbenmbwhpqdfhodo	
192	0	ndsquphbzd	smgmidrrak	wzthejyrfghnuvjudbpglfachz	196	192	hazslwua	vqlgsfwehckbyuafqvlasvrripoewmdyufaiir	2	196	7	kjxfgewxwfppiwqojsddrsxbxrtmfkaebazfwoctiqhk	110	2	1921	cshtrpefvlkqwhotonvtlqtgmddezprwjulblbnfbaxk	
181	0	yqcbqmrezx	wiphowbgzq	bzohczxqaifipckepuvozqizha	197	181	tbcwrgdi	uajjejlocozzouqqnojmgrbupkarktubphoafw	194	197	43	vgcldzycpjmtwsjzwwrjbxqletmaoqlllpxoaxkjarot	81	194	151	tehtkkbxhanpyznmgdahpgepvzzvzmsycayqlyblcpke	
181	0	yqcbqmrezx	wiphowbgzq	bzohczxqaifipckepuvozqizha	197	181	tbcwrgdi	uajjejlocozzouqqnojmgrbupkarktubphoafw	194	197	43	vgcldzycpjmtwsjzwwrjbxqletmaoqlllpxoaxkjarot	87	194	1260	ezflyeoksstwtwmhihdydsdvlfrzhedxpwiolzlryomb	
176	0	mrxpwgoquj	xxfbkvrlgm	insvxwlukysfyifkiphhnriksi	198	176	migajrba	ocyahiqxpbgyqacmmkyryvyovbilegvkgtsbfn	28	198	20	jyytcvudtjleziuhrqnowevmvyrwqbomtvecdjfkwhzl	74	28	1171	vmslgdplewrusflwaizlztccifyewerqbhvnxqpcdplj	
176	0	mrxpwgoquj	xxfbkvrlgm	insvxwlukysfyifkiphhnriksi	198	176	migajrba	ocyahiqxpbgyqacmmkyryvyovbilegvkgtsbfn	117	198	1	meyifsoujdjxakpljqdkuzzatwdxxiricgwftfceqhnt	133	117	141	wrtaypnqwoqcdphowgoxwoqgonnrewibaoqjiojbommj	
87	1	apoiufkhjq	rmduajmgld	fbtsbmatkgjdoewgsfzkmnmtcv	199	87	muhgalpw	yafomplihscdcjqdktjqovmybapniqrokjmgji	26	199	27	vusfmnlfgvueuzuowgumaijjglsbfgwysygplrixncdb	100	26	916	djzwuwcwncfmjdyhjfsglsjrtmauqhwlkpmwlkhbqodf	
87	1	apoiufkhjq	rmduajmgld	fbtsbmatkgjdoewgsfzkmnmtcv	199	87	muhgalpw	yafomplihscdcjqdktjqovmybapniqrokjmgji	26	199	27	vusfmnlfgvueuzuowgumaijjglsbfgwysygplrixncdb	5	26	603	runwdyedymcqntznxleflfyyzhfvltfqclpnjorhlaei	
87	1	apoiufkhjq	rmduajmgld	fbtsbmatkgjdoewgsfzkmnmtcv	199	87	muhgalpw	yafomplihscdcjqdktjqovmybapniqrokjmgji	26	199	27	vusfmnlfgvueuzuowgumaijjglsbfgwysygplrixncdb	118	26	2315	mhptqtbrnohlbtzuoqqgueqmhotzukjdyezesmdnbyrj	
87	1	apoiufkhjq	rmduajmgld	fbtsbmatkgjdoewgsfzkmnmtcv	199	87	muhgalpw	yafomplihscdcjqdktjqovmybapniqrokjmgji	179	199	23	brrzqcycnzivhnymzqirckqcmbulktkbzghfaequmlut	6	179	2251	fpnpiazbufyoyextmgdooveglczrfwhzgyjudjqjpomr	
