CUSTOMER.cid  CUSTOMER.sex  CUSTOMER.firstname  
33	1	ccxmyrmaqn	
17	1	usqwqmsbxv	
5	1	wqqmwtabxd	
99	1	enozzyjjht	
179	1	bjjykassem	
118	1	jykymcchvb	
88	1	qxjhucccvi	
81	1	aeneothugj	
29	1	jgnqnpvdef	
94	1	ohsrwvajwt	
107	1	djghifsajd	
56	1	dbzhrxqwjh	
49	1	izzejhvpgj	
3	1	nbmoiquxjn	
74	1	recgzfuyew	
37	1	rnpjuyjfcm	
30	1	xjdzusgbfj	
6	1	sigauibelh	
120	1	afrtqpelnt	
61	1	fgmbjlvznt	
53	1	grdaugyzjf	
97	1	axmrjsnrwz	
195	1	lbomlkycoa	
174	1	xetkahkria	
191	1	gzupwozxms	
150	1	lnzdzjjwrl	
50	1	cbwfkmppnl	
103	1	usfwtezkfb	
20	1	yvbpzushir	
152	1	duwkdvqocd	
87	1	apoiufkhjq	
134	1	ccalekuvwp	
132	1	bwqsaubbew	
63	1	vthoznlrfk	
121	1	erfwpeouut	
59	1	rwedimkgii	
82	1	znzrpyfpje	
10	1	gyctfvhinu	
42	1	oyrplruxay	
109	1	kfllpebqxv	
80	1	swvtcnehyw	
155	1	gaspgzabuq	
23	1	fsbbfadivb	
26	1	xankesefyw	
117	1	dyxotqpuzs	
85	1	jyxeqovflp	
141	1	kcixzoqmzv	
35	1	epfmaorzcy	
196	1	sgpqepvxpj	
182	1	ctijosenye	
175	1	znrppwtciy	
136	1	thuwghjtql	
7	1	ovpffntvge	
104	1	tstmwotppk	
40	1	tgegxznuig	
75	1	ieslhmxlnq	
73	1	cfergqfdab	
161	1	eoizdnfpvh	
114	1	adygpldkoi	
177	1	cabiknxhbp	
164	1	cdarwcefas	
96	1	kagoibevhc	
51	1	smrktagaco	
183	1	omyrgsvcuh	
16	1	fpyunjufqr	
31	1	awbouyfbxd	
38	1	rsspkgsank	
129	1	khbmfvwbew	
102	1	kvqjalrheu	
9	1	wtepxvmeli	
148	1	dtoaaososb	
46	1	sapxygwqqf	
125	1	koyfpkoffj	
186	1	utqxtokluw	
127	1	glqsvtrwkq	
89	1	tmezvjrloj	
187	1	xmhqgsbtsb	
101	1	tbvibrkwfj	
146	1	jevnzqdmje	
21	1	blefcnzwue	
8	1	luucuqtjnm	
167	1	avswmkbrmm	
90	1	rpfifdckor	
108	1	dyajkiolmz	
78	1	mxnjyhsjyn	
163	1	yldyznzdlh	
128	1	azmauydxuk	
98	1	ikxozcjtio	
39	1	krgeqpqqnw	
19	1	zdmzkkwqlq	
173	1	yabfejwwwi	
60	1	gxionclrwz	
137	1	qoppeocall	
199	1	qngcbfmxkp	
1	1	fysduktuvx	
69	1	yqixicfkyv	
64	1	zbmxicshvk	
12	1	gdiitmskms	
44	1	sdtesmvedx	
142	1	ievfipentk	
92	1	mzruojxqel	
133	1	jqararyrik	
66	1	teglctasef	
84	1	afsnmrhsoa	
105	1	tsjnihwvav	
93	1	fqexyctwls	
36	1	qqailrkeho	
122	1	jijvzanhdn	
91	1	kbjonqxgmc	
76	1	zziuvnwyzq	
130	1	ezrrbldjiy	
